2023-12-16 23:16:50.115 [info] Nivel de registro: Info
2023-12-16 23:16:50.115 [info] La validación encontró GIT en: “git“
2023-12-16 23:16:50.115 [info] Usando GIT “2.43.0” desde “git”
2023-12-16 23:16:50.115 [info] > git rev-parse --show-toplevel [4ms]
2023-12-16 23:16:50.115 [info] > git rev-parse --git-dir --git-common-dir [11ms]
2023-12-16 23:16:50.115 [info] Open repository: /home/vrivera/obsidian-notes
2023-12-16 23:16:50.127 [info] > git rev-parse --show-toplevel [4ms]
2023-12-16 23:16:50.150 [info] > git rev-parse --show-toplevel [13ms]
2023-12-16 23:16:50.159 [info] > git for-each-ref --format=%(refname)%00%(upstream:short)%00%(objectname)%00%(upstream:track)%00%(upstream:remotename)%00%(upstream:remoteref) refs/heads/main refs/remotes/main [10ms]
2023-12-16 23:16:50.167 [info] > git rev-parse --show-toplevel [8ms]
2023-12-16 23:16:50.209 [info] > git rev-parse --show-toplevel [23ms]
2023-12-16 23:16:50.250 [info] > git status -z -uall [27ms]
2023-12-16 23:16:50.251 [info] > git rev-parse --show-toplevel [19ms]
2023-12-16 23:16:50.289 [info] > git rev-parse --show-toplevel [18ms]
2023-12-16 23:16:50.306 [info] > git for-each-ref --format=%(refname)%00%(upstream:short)%00%(objectname)%00%(upstream:track)%00%(upstream:remotename)%00%(upstream:remoteref) refs/heads/main refs/remotes/main [2ms]
2023-12-16 23:16:50.306 [info] > git rev-parse --show-toplevel [10ms]
2023-12-16 23:16:50.320 [info] > git status -z -uall [2ms]
2023-12-16 23:16:50.640 [info] > git check-ignore -v -z --stdin [1ms]
2023-12-16 23:18:26.735 [info] > git check-ignore -v -z --stdin [3ms]
2023-12-16 23:18:28.027 [info] > git check-ignore -v -z --stdin [1ms]
2023-12-16 23:18:29.657 [info] > git check-ignore -v -z --stdin [1ms]
2023-12-16 23:18:32.097 [info] > git show --textconv :.obsidian/plugins/home-tab/data.json [66ms]
2023-12-16 23:18:32.097 [info] > git ls-files --stage -- /home/vrivera/obsidian-notes/.obsidian/plugins/home-tab/data.json [57ms]
2023-12-16 23:18:32.113 [info] > git cat-file -s a0bd681b56989d2e3d43bfde0defff9f823f0e4d [8ms]
2023-12-16 23:18:34.563 [info] > git show --textconv :.obsidian/plugins/home-tab/data.json [14ms]
2023-12-16 23:18:34.564 [info] > git ls-files --stage -- /home/vrivera/obsidian-notes/.obsidian/plugins/home-tab/data.json [1ms]
2023-12-16 23:18:34.576 [info] > git cat-file -s a0bd681b56989d2e3d43bfde0defff9f823f0e4d [2ms]
2023-12-16 23:18:36.339 [info] > git check-ignore -v -z --stdin [0ms]
2023-12-16 23:18:37.796 [info] > git check-ignore -v -z --stdin [1ms]
2023-12-16 23:18:38.306 [info] > git show --textconv :.obsidian/appearance.json [15ms]
2023-12-16 23:18:38.306 [info] > git ls-files --stage -- /home/vrivera/obsidian-notes/.obsidian/appearance.json [2ms]
2023-12-16 23:18:38.315 [info] > git cat-file -s 549eda362d77ab8b5b701a8c901243d3c927259e [2ms]
2023-12-16 23:18:46.624 [info] > git for-each-ref --format=%(refname)%00%(upstream:short)%00%(objectname)%00%(upstream:track)%00%(upstream:remotename)%00%(upstream:remoteref) refs/heads/main refs/remotes/main [2ms]
2023-12-16 23:18:46.639 [info] > git status -z -uall [3ms]
2023-12-16 23:18:52.016 [info] > git for-each-ref --format=%(refname)%00%(upstream:short)%00%(objectname)%00%(upstream:track)%00%(upstream:remotename)%00%(upstream:remoteref) refs/heads/main refs/remotes/main [2ms]
2023-12-16 23:18:52.034 [info] > git status -z -uall [3ms]
2023-12-16 23:18:52.119 [info] > git ls-files --stage -- /home/vrivera/obsidian-notes/.obsidian/appearance.json [1ms]
2023-12-16 23:18:52.127 [info] > git cat-file -s 549eda362d77ab8b5b701a8c901243d3c927259e [1ms]
2023-12-16 23:18:52.139 [info] > git show --textconv :.obsidian/appearance.json [3ms]
2023-12-16 23:18:57.230 [info] > git show --textconv :conflict-files-obsidian-git.md [27ms]
2023-12-16 23:18:57.230 [info] > git ls-files --stage -- /home/vrivera/obsidian-notes/conflict-files-obsidian-git.md [3ms]
2023-12-16 23:18:58.749 [info] > git show --textconv :.obsidian/appearance.json [9ms]
2023-12-16 23:18:58.750 [info] > git ls-files --stage -- /home/vrivera/obsidian-notes/.obsidian/appearance.json [2ms]
2023-12-16 23:18:58.772 [info] > git cat-file -s 549eda362d77ab8b5b701a8c901243d3c927259e [13ms]
2023-12-16 23:18:59.595 [info] > git for-each-ref --format=%(refname)%00%(upstream:short)%00%(objectname)%00%(upstream:track)%00%(upstream:remotename)%00%(upstream:remoteref) refs/heads/main refs/remotes/main [2ms]
2023-12-16 23:18:59.611 [info] > git status -z -uall [2ms]
2023-12-16 23:19:01.273 [info] > git merge-base refs/heads/main refs/remotes/origin/main [1ms]
2023-12-16 23:19:01.283 [info] > git rev-list --count --left-right refs/heads/main...refs/remotes/origin/main [1ms]
2023-12-16 23:19:01.774 [info] > git check-ignore -v -z --stdin [2ms]
2023-12-16 23:19:20.002 [info] > git show --textconv :.obsidian/appearance.json [11ms]
2023-12-16 23:19:20.003 [info] > git ls-files --stage -- /home/vrivera/obsidian-notes/.obsidian/appearance.json [2ms]
2023-12-16 23:19:20.012 [info] > git cat-file -s 549eda362d77ab8b5b701a8c901243d3c927259e [1ms]
