2023-12-06 17:16:21.431 [info] Reading sessions from keychain...
2023-12-06 17:16:21.431 [info] Getting sessions for all scopes...
2023-12-06 17:16:21.431 [info] Getting sessions for all scopes...
2023-12-06 17:16:21.431 [info] Getting sessions for user:email...
2023-12-06 17:16:21.438 [info] Got 0 sessions for ...
2023-12-06 17:16:21.438 [info] Got 0 sessions for ...
2023-12-06 17:16:21.438 [info] Got 0 sessions for user:email...
2023-12-06 17:16:21.473 [info] Getting sessions for all scopes...
2023-12-06 17:16:21.473 [info] Got 0 sessions for ...
2023-12-06 17:16:22.811 [info] Logging in for the following scopes: user:email
2023-12-06 17:16:22.822 [info] Trying without local server... (user:email)
2023-12-06 17:21:22.825 [error] Timed out
2023-12-06 17:27:54.339 [info] Trying with local server... (user:email)
2023-12-06 17:27:55.148 [info] Exchanging code for token...
2023-12-06 17:27:55.645 [info] Token exchange success!
2023-12-06 17:27:55.647 [info] Getting user info...
2023-12-06 17:27:56.171 [info] Got account info!
2023-12-06 17:27:56.172 [info] Storing 1 sessions...
2023-12-06 17:27:56.176 [info] Reading sessions from keychain...
2023-12-06 17:27:56.176 [info] Stored 1 sessions!
2023-12-06 17:27:56.176 [info] Login success!
2023-12-06 17:27:56.190 [info] Got stored sessions!
2023-12-06 17:27:56.190 [info] Got 1 verified sessions.
2023-12-06 17:27:56.190 [info] Getting sessions for user:email...
2023-12-06 17:27:56.190 [info] Got 1 sessions for user:email...
2023-12-06 17:28:05.077 [info] Getting sessions for user:email...
2023-12-06 17:28:05.077 [info] Got 1 sessions for user:email...
2023-12-06 17:28:06.784 [info] Getting sessions for user:email...
2023-12-06 17:28:06.784 [info] Got 1 sessions for user:email...
