2023-12-20 18:00:53.796 [INFO]: No proxy settings found
2023-12-20 18:00:54.105 [INFO]: Creating manager directory: /tmp/63bee528-c755-4aef-a1bc-23f527c98e32/codeium/manager
2023-12-20 18:00:54.106 [INFO]: 3056e905a51e39039573c9a3623a1746671cdf15 not found, downloading language server
2023-12-20 18:00:54.110 [INFO]: No proxy settings found
2023-12-20 18:00:57.110 [INFO]: Language server started
2023-12-20 18:00:57.260 [INFO]: [Language Server (stderr)]:
I1220 18:00:57.250811 78178 main.go:526] Release language-server-v1.6.12 (3056e905a51e39039573c9a3623a1746671cdf15)
I1220 18:00:57.250901 78178 main.go:538] Starting language server manager with pid 78178
I1220 18:00:57.250985 78178 main.go:107] Manager acquired its lock file /tmp/63bee528-c755-4aef-a1bc-23f527c98e32/codeium/manager/locks/manager.lock
I1220 18:00:57.256507 78178 main.go:245] Waiting for random port file in /tmp/63bee528-c755-4aef-a1bc-23f527c98e32/codeium/manager/child_random_port_1703106057252334069_438456405563260459 to be created
2023-12-20 18:00:57.397 [INFO]: [Language Server (stderr)]:
I1220 18:00:57.397004 78189 main.go:532] Starting language server process with pid 78189
2023-12-20 18:00:57.398 [INFO]: [Language Server (stderr)]:
I1220 18:00:57.397785 78189 proxy.go:113] proxyplease.proxy> No proxy provided. Attempting to infer from system.
I1220 18:00:57.397815 78189 proxy.go:113] proxyplease.proxy> No proxy could be determined. Assuming a direct connection.
I1220 18:00:57.397848 78189 client.go:589] [DEBUG] GET https://server.codeium.com/exa.api_server_pb.ApiServerService/GetCompletions
2023-12-20 18:00:57.896 [INFO]: [Language Server (stderr)]:
I1220 18:00:57.895393 78189 transport.go:27] Successfully dialed proxy
2023-12-20 18:00:57.900 [INFO]: [Language Server (stderr)]:
I1220 18:00:57.899887 78189 server.go:532] Successfully created API server client
I1220 18:00:57.899917 78189 transport.go:27] Successfully dialed proxy
2023-12-20 18:00:57.905 [INFO]: [Language Server (stderr)]:
I1220 18:00:57.903833 78189 server.go:538] Successfully created API streaming client
2023-12-20 18:00:57.954 [INFO]: [Language Server (stderr)]:
I1220 18:00:57.953891 78189 server.go:547] Successfully initialized tokenizer
I1220 18:00:57.953984 78189 unleash.go:95] Initializing Unleash
2023-12-20 18:00:58.396 [INFO]: [Language Server (stderr)]:
I1220 18:00:58.395025 78189 unleash.go:115] Successfully initialized Unleash
2023-12-20 18:00:58.397 [INFO]: [Language Server (stderr)]:
I1220 18:00:58.395403 78189 search_provider.go:156] Using database at /home/vrivera/.codeium/database/9c0694567290725d9dcba14ade58e297/1/MODEL_EMBED_6591
2023-12-20 18:00:58.404 [INFO]: [Language Server (stderr)]:
I1220 18:00:58.404010 78189 search_provider.go:168] Successfully created embedding search database
2023-12-20 18:00:58.405 [INFO]: [Language Server (stderr)]:
I1220 18:00:58.404888 78189 search_provider.go:214] Successfully created embedding search provider
I1220 18:00:58.404922 78189 server.go:613] Successfully created exact search provider
2023-12-20 18:00:58.456 [INFO]: [Language Server (stderr)]:
I1220 18:00:58.455414 78189 server.go:634] Successfully created completion provider
I1220 18:00:58.455539 78189 server.go:672] Child process attempting to acquire lock file /tmp/63bee528-c755-4aef-a1bc-23f527c98e32/codeium/manager/locks/child_lock_1703106057252401595_5843892811124753362
2023-12-20 18:00:58.457 [INFO]: [Language Server (stderr)]:
I1220 18:00:58.455632 78189 server.go:682] Child process acquired lock file /tmp/63bee528-c755-4aef-a1bc-23f527c98e32/codeium/manager/locks/child_lock_1703106057252401595_5843892811124753362
2023-12-20 18:00:58.462 [INFO]: [Language Server (stderr)]:
I1220 18:00:58.461919 78189 server.go:341] Language server will attempt to listen on host 127.0.0.1
2023-12-20 18:00:58.464 [INFO]: [Language Server (stderr)]:
I1220 18:00:58.462199 78189 server.go:385] Language server listening on random port at 35135
I1220 18:00:58.463278 78189 web_server.go:229] Chat Web Server listening at ws://127.0.0.1:40253
2023-12-20 18:00:58.560 [INFO]: [Language Server (stderr)]:
I1220 18:00:58.560068 78178 main.go:281] Language server manager found random server port 35135
I1220 18:00:58.560135 78178 main.go:282] Language server manager found random lsp port 42101
I1220 18:00:58.560182 78178 main.go:289] Language server manager attempting to connect to language server at 127.0.0.1:35135
2023-12-20 18:00:58.600 [INFO]: [Language Server (stderr)]:
I1220 18:00:58.599269 78178 main.go:160] Fixing language server port at 35135
I1220 18:00:58.599310 78178 main.go:340] Language server manager successfully connected to new language server at 127.0.0.1:35135
2023-12-20 18:00:58.620 [INFO]: Found language server running on port 35135
2023-12-20 18:00:58.656 [INFO]: No proxy settings found
2023-12-20 18:00:58.657 [INFO]: [Language Server (stderr)]:
I1220 18:00:58.655145 78189 server.go:1722] Downloading changelog from https://codeium.com/api/changelog?version=1.6.13
2023-12-20 18:00:59.014 [INFO]: [Language Server (stderr)]:
I1220 18:00:59.014141 78189 server.go:1726] No changelog found at https://codeium.com/api/changelog?version=1.6.13
2023-12-20 18:00:59.114 [WARN]: User not logged in
2023-12-20 18:00:59.955 [INFO]: Successfully downloaded ripgrep binary with valid crc
2023-12-20 18:00:59.957 [INFO]: Downloaded binary: /home/vrivera/.codeium/bin/af6b6c543b224d348a8876f0c06245d9ea7929c5/ripgrep_linux_x64
2023-12-20 18:01:05.322 [INFO]: Disposing language server process
2023-12-20 18:01:05.322 [INFO]: Deleting manager directory: /tmp/63bee528-c755-4aef-a1bc-23f527c98e32/codeium/manager
2023-12-20 18:01:05.323 [INFO]: Successfully disposed language server
2023-12-20 18:01:05.344 [INFO]: [Language Server (stderr)]:
W1220 18:01:05.322318 78178 main.go:111] Language server manager got signal terminated, shutting down
