2023-12-13 04:13:50 Loading main app package /usr/lib/obsidian/obsidian.asar
2023-12-13 04:13:50 Checking for update using Github
2023-12-13 04:13:50 Success.
2023-12-13 04:13:50 Latest version is 1.4.16
2023-12-13 04:13:50 App is up to date.
2023-12-14 01:54:35 Loading main app package /usr/lib/obsidian/obsidian.asar
2023-12-14 01:54:35 Checking for update using Github
2023-12-14 01:54:36 Success.
2023-12-14 01:54:36 Latest version is 1.4.16
2023-12-14 01:54:36 App is up to date.
2023-12-15 06:38:14 Loading main app package /usr/lib/obsidian/obsidian.asar
2023-12-15 06:38:14 Checking for update using Github
2023-12-15 06:38:14 Success.
2023-12-15 06:38:14 Latest version is 1.4.16
2023-12-15 06:38:14 App is up to date.
2023-12-17 02:20:53 Loading main app package /usr/lib/obsidian/obsidian.asar
2023-12-17 02:20:53 Checking for update using Github
2023-12-17 02:20:53 Success.
2023-12-17 02:20:53 Latest version is 1.4.16
2023-12-17 02:20:53 App is up to date.
2023-12-17 04:29:13 Loading main app package /usr/lib/obsidian/obsidian.asar
2023-12-17 04:29:14 Checking for update using Github
2023-12-17 04:29:14 Success.
2023-12-17 04:29:14 Latest version is 1.4.16
2023-12-17 04:29:14 App is up to date.
