2023-12-06 17:28:00.718 [info] Getting Manifest... mongodb.mongodb-vscode
2023-12-06 17:28:00.719 [info] Getting Manifest... gruntfuggly.activitusbar
2023-12-06 17:28:00.719 [info] Getting Manifest... dbaeumer.vscode-eslint
2023-12-06 17:28:00.719 [info] Getting Manifest... wallabyjs.console-ninja
2023-12-06 17:28:00.719 [info] Getting Manifest... sdras.night-owl
2023-12-06 17:28:00.720 [info] Getting Manifest... astro-build.astro-vscode
2023-12-06 17:28:00.720 [info] Getting Manifest... esbenp.prettier-vscode
2023-12-06 17:28:00.720 [info] Getting Manifest... christian-kohler.path-intellisense
2023-12-06 17:28:00.720 [info] Getting Manifest... daltonmenezes.aura-theme
2023-12-06 17:28:00.720 [info] Getting Manifest... rangav.vscode-thunder-client
2023-12-06 17:28:00.721 [info] Getting Manifest... ms-vscode-remote.remote-wsl
2023-12-06 17:28:00.721 [info] Getting Manifest... davidanson.vscode-markdownlint
2023-12-06 17:28:00.721 [info] Getting Manifest... kisstkondoros.vscode-gutter-preview
2023-12-06 17:28:00.721 [info] Getting Manifest... seyyedkhandon.firacode
2023-12-06 17:28:00.721 [info] Getting Manifest... wakatime.vscode-wakatime
2023-12-06 17:28:00.721 [info] Getting Manifest... wayou.vscode-todo-highlight
2023-12-06 17:28:00.721 [info] Getting Manifest... meganrogge.template-string-converter
2023-12-06 17:28:00.722 [info] Getting Manifest... naumovs.color-highlight
2023-12-06 17:28:00.722 [info] Getting Manifest... adpyke.codesnap
2023-12-06 17:28:00.722 [info] Getting Manifest... equinusocio.vsc-material-theme
2023-12-06 17:28:00.722 [info] Getting Manifest... ms-vsliveshare.vsliveshare
2023-12-06 17:28:00.722 [info] Getting Manifest... mhutchie.git-graph
2023-12-06 17:28:00.722 [info] Getting Manifest... miguelsolorio.fluent-icons
2023-12-06 17:28:00.722 [info] Getting Manifest... pkief.material-icon-theme
2023-12-06 17:28:00.723 [info] Getting Manifest... enkia.tokyo-night
2023-12-06 17:28:00.723 [info] Getting Manifest... zhuangtongfa.material-theme
2023-12-06 17:28:00.723 [info] Getting Manifest... vincentfiestada.cold-horizon-vscode
2023-12-06 17:28:00.723 [info] Getting Manifest... formulahendry.code-runner
2023-12-06 17:28:00.723 [info] Getting Manifest... usernamehw.errorlens
2023-12-06 17:28:00.723 [info] Getting Manifest... dsznajder.es7-react-js-snippets
2023-12-06 17:28:00.723 [info] Getting Manifest... dotjoshjohnson.xml
2023-12-06 17:28:00.723 [info] Getting Manifest... monokai.theme-monokai-pro-vscode
2023-12-06 17:28:00.723 [info] Getting Manifest... dnlytras.nord-wave
2023-12-06 17:28:00.724 [info] Getting Manifest... pflannery.vscode-versionlens
2023-12-06 17:28:00.724 [info] Getting Manifest... leonardssh.vscord
2023-12-06 17:28:00.724 [info] Getting Manifest... uloco.theme-bluloco-dark
2023-12-06 17:28:00.724 [info] Getting Manifest... teabyii.ayu
2023-12-06 17:28:00.724 [info] Getting Manifest... ritwickdey.liveserver
2023-12-06 17:28:00.724 [info] Getting Manifest... ms-python.autopep8
2023-12-06 17:28:00.724 [info] Getting Manifest... bradlc.vscode-tailwindcss
2023-12-06 17:28:00.724 [info] Getting Manifest... ms-python.pylint
2023-12-06 17:28:00.724 [info] Getting Manifest... ms-vscode.live-server
2023-12-06 17:28:00.724 [info] Getting Manifest... codeium.codeium
2023-12-06 17:28:00.724 [info] Getting Manifest... ms-python.vscode-pylance
2023-12-06 17:28:00.726 [info] Getting Manifest... ms-python.python
2023-12-06 17:28:01.033 [info] Getting Manifest... ms-ceintl.vscode-language-pack-es
2023-12-06 17:28:01.541 [info] Installing extension: christian-kohler.path-intellisense
2023-12-06 17:28:01.541 [info] Installing the extension without checking dependencies and pack christian-kohler.path-intellisense
2023-12-06 17:28:01.541 [info] Installing extension: kisstkondoros.vscode-gutter-preview
2023-12-06 17:28:01.541 [info] Installing the extension without checking dependencies and pack kisstkondoros.vscode-gutter-preview
2023-12-06 17:28:01.542 [info] Installing extension: meganrogge.template-string-converter
2023-12-06 17:28:01.542 [info] Installing the extension without checking dependencies and pack meganrogge.template-string-converter
2023-12-06 17:28:01.542 [info] Installing extension: ms-vscode.live-server
2023-12-06 17:28:01.542 [info] Installing the extension without checking dependencies and pack ms-vscode.live-server
2023-12-06 17:28:01.542 [info] Installing extension: vincentfiestada.cold-horizon-vscode
2023-12-06 17:28:01.542 [info] Installing the extension without checking dependencies and pack vincentfiestada.cold-horizon-vscode
2023-12-06 17:28:01.542 [info] Installing extension: dsznajder.es7-react-js-snippets
2023-12-06 17:28:01.542 [info] Installing the extension without checking dependencies and pack dsznajder.es7-react-js-snippets
2023-12-06 17:28:01.542 [info] Installing extension: teabyii.ayu
2023-12-06 17:28:01.542 [info] Installing the extension without checking dependencies and pack teabyii.ayu
2023-12-06 17:28:01.542 [info] Installing extension: wakatime.vscode-wakatime
2023-12-06 17:28:01.542 [info] Installing the extension without checking dependencies and pack wakatime.vscode-wakatime
2023-12-06 17:28:01.542 [info] Installing extension: dnlytras.nord-wave
2023-12-06 17:28:01.542 [info] Installing the extension without checking dependencies and pack dnlytras.nord-wave
2023-12-06 17:28:01.542 [info] Installing extension: daltonmenezes.aura-theme
2023-12-06 17:28:01.542 [info] Installing the extension without checking dependencies and pack daltonmenezes.aura-theme
2023-12-06 17:28:01.543 [info] Installing extension: codeium.codeium
2023-12-06 17:28:01.543 [info] Installing the extension without checking dependencies and pack codeium.codeium
2023-12-06 17:28:01.543 [info] Installing extension: ritwickdey.liveserver
2023-12-06 17:28:01.543 [info] Installing the extension without checking dependencies and pack ritwickdey.liveserver
2023-12-06 17:28:01.543 [info] Installing extension: mhutchie.git-graph
2023-12-06 17:28:01.543 [info] Installing the extension without checking dependencies and pack mhutchie.git-graph
2023-12-06 17:28:01.543 [info] Installing extension: wayou.vscode-todo-highlight
2023-12-06 17:28:01.543 [info] Installing the extension without checking dependencies and pack wayou.vscode-todo-highlight
2023-12-06 17:28:01.543 [info] Installing extension: esbenp.prettier-vscode
2023-12-06 17:28:01.543 [info] Installing the extension without checking dependencies and pack esbenp.prettier-vscode
2023-12-06 17:28:01.543 [info] Installing extension: ms-vscode-remote.remote-wsl
2023-12-06 17:28:01.543 [info] Installing the extension without checking dependencies and pack ms-vscode-remote.remote-wsl
2023-12-06 17:28:01.543 [info] Installing extension: pkief.material-icon-theme
2023-12-06 17:28:01.543 [info] Installing the extension without checking dependencies and pack pkief.material-icon-theme
2023-12-06 17:28:01.543 [info] Installing extension: mongodb.mongodb-vscode
2023-12-06 17:28:01.543 [info] Installing the extension without checking dependencies and pack mongodb.mongodb-vscode
2023-12-06 17:28:01.544 [info] Installing extension: dbaeumer.vscode-eslint
2023-12-06 17:28:01.544 [info] Installing the extension without checking dependencies and pack dbaeumer.vscode-eslint
2023-12-06 17:28:01.544 [info] Installing extension: gruntfuggly.activitusbar
2023-12-06 17:28:01.544 [info] Installing the extension without checking dependencies and pack gruntfuggly.activitusbar
2023-12-06 17:28:01.544 [info] Installing extension: leonardssh.vscord
2023-12-06 17:28:01.544 [info] Installing the extension without checking dependencies and pack leonardssh.vscord
2023-12-06 17:28:01.544 [info] Installing extension: ms-python.autopep8
2023-12-06 17:28:01.544 [info] Installing the extension without checking dependencies and pack ms-python.autopep8
2023-12-06 17:28:01.544 [info] Installing extension: ms-python.python
2023-12-06 17:28:01.545 [info] Installing the extension without checking dependencies and pack ms-python.python
2023-12-06 17:28:01.545 [info] Installing extension: usernamehw.errorlens
2023-12-06 17:28:01.545 [info] Installing the extension without checking dependencies and pack usernamehw.errorlens
2023-12-06 17:28:01.545 [info] Installing extension: adpyke.codesnap
2023-12-06 17:28:01.545 [info] Installing the extension without checking dependencies and pack adpyke.codesnap
2023-12-06 17:28:01.545 [info] Installing extension: davidanson.vscode-markdownlint
2023-12-06 17:28:01.545 [info] Installing the extension without checking dependencies and pack davidanson.vscode-markdownlint
2023-12-06 17:28:01.545 [info] Installing extension: ms-python.vscode-pylance
2023-12-06 17:28:01.545 [info] Installing the extension without checking dependencies and pack ms-python.vscode-pylance
2023-12-06 17:28:01.545 [info] Installing extension: naumovs.color-highlight
2023-12-06 17:28:01.545 [info] Installing the extension without checking dependencies and pack naumovs.color-highlight
2023-12-06 17:28:01.545 [info] Installing extension: ms-python.pylint
2023-12-06 17:28:01.545 [info] Installing the extension without checking dependencies and pack ms-python.pylint
2023-12-06 17:28:01.545 [info] Installing extension: pflannery.vscode-versionlens
2023-12-06 17:28:01.545 [info] Installing the extension without checking dependencies and pack pflannery.vscode-versionlens
2023-12-06 17:28:01.545 [info] Installing extension: rangav.vscode-thunder-client
2023-12-06 17:28:01.545 [info] Installing the extension without checking dependencies and pack rangav.vscode-thunder-client
2023-12-06 17:28:01.546 [info] Installing extension: zhuangtongfa.material-theme
2023-12-06 17:28:01.546 [info] Installing the extension without checking dependencies and pack zhuangtongfa.material-theme
2023-12-06 17:28:01.546 [info] Installing extension: miguelsolorio.fluent-icons
2023-12-06 17:28:01.546 [info] Installing the extension without checking dependencies and pack miguelsolorio.fluent-icons
2023-12-06 17:28:01.546 [info] Installing extension: sdras.night-owl
2023-12-06 17:28:01.546 [info] Installing the extension without checking dependencies and pack sdras.night-owl
2023-12-06 17:28:01.546 [info] Installing extension: formulahendry.code-runner
2023-12-06 17:28:01.546 [info] Installing the extension without checking dependencies and pack formulahendry.code-runner
2023-12-06 17:28:01.547 [info] Installing extension: equinusocio.vsc-material-theme
2023-12-06 17:28:01.547 [info] Installing the extension without checking dependencies and pack equinusocio.vsc-material-theme
2023-12-06 17:28:01.547 [info] Installing extension: astro-build.astro-vscode
2023-12-06 17:28:01.547 [info] Installing the extension without checking dependencies and pack astro-build.astro-vscode
2023-12-06 17:28:01.547 [info] Installing extension: wallabyjs.console-ninja
2023-12-06 17:28:01.547 [info] Installing the extension without checking dependencies and pack wallabyjs.console-ninja
2023-12-06 17:28:01.547 [info] Installing extension: dotjoshjohnson.xml
2023-12-06 17:28:01.547 [info] Installing the extension without checking dependencies and pack dotjoshjohnson.xml
2023-12-06 17:28:01.547 [info] Installing extension: uloco.theme-bluloco-dark
2023-12-06 17:28:01.548 [info] Installing the extension without checking dependencies and pack uloco.theme-bluloco-dark
2023-12-06 17:28:01.548 [info] Installing extension: ms-vsliveshare.vsliveshare
2023-12-06 17:28:01.548 [info] Installing the extension without checking dependencies and pack ms-vsliveshare.vsliveshare
2023-12-06 17:28:01.548 [info] Installing extension: enkia.tokyo-night
2023-12-06 17:28:01.548 [info] Installing the extension without checking dependencies and pack enkia.tokyo-night
2023-12-06 17:28:01.548 [info] Installing extension: monokai.theme-monokai-pro-vscode
2023-12-06 17:28:01.548 [info] Installing the extension without checking dependencies and pack monokai.theme-monokai-pro-vscode
2023-12-06 17:28:01.548 [info] Installing extension: seyyedkhandon.firacode
2023-12-06 17:28:01.548 [info] Installing the extension without checking dependencies and pack seyyedkhandon.firacode
2023-12-06 17:28:01.548 [info] Installing extension: bradlc.vscode-tailwindcss
2023-12-06 17:28:01.548 [info] Installing the extension without checking dependencies and pack bradlc.vscode-tailwindcss
2023-12-06 17:28:01.548 [info] Installing extension: ms-ceintl.vscode-language-pack-es
2023-12-06 17:28:01.549 [info] Installing the extension without checking dependencies and pack ms-ceintl.vscode-language-pack-es
2023-12-06 17:28:03.612 [warning] Extension signature verification failed with error 'UnknownError': kisstkondoros.vscode-gutter-preview
2023-12-06 17:28:03.632 [info] Extracted extension to file:///home/vrivera/.vscode/extensions/kisstkondoros.vscode-gutter-preview-0.30.0: kisstkondoros.vscode-gutter-preview
2023-12-06 17:28:03.634 [info] Renamed to /home/vrivera/.vscode/extensions/kisstkondoros.vscode-gutter-preview-0.30.0
2023-12-06 17:28:03.635 [info] Extracting extension completed. kisstkondoros.vscode-gutter-preview
2023-12-06 17:28:03.648 [info] Extension installed successfully: kisstkondoros.vscode-gutter-preview
2023-12-06 17:28:03.649 [warning] Extension signature verification failed with error 'UnknownError': teabyii.ayu
2023-12-06 17:28:03.661 [warning] Extension signature verification failed with error 'UnknownError': ms-vscode.live-server
2023-12-06 17:28:03.704 [info] Extracted extension to file:///home/vrivera/.vscode/extensions/ms-vscode.live-server-0.4.11: ms-vscode.live-server
2023-12-06 17:28:03.705 [info] Renamed to /home/vrivera/.vscode/extensions/ms-vscode.live-server-0.4.11
2023-12-06 17:28:03.707 [info] Extracting extension completed. ms-vscode.live-server
2023-12-06 17:28:03.711 [info] Extension installed successfully: ms-vscode.live-server
2023-12-06 17:28:03.716 [error] [uncaught exception in sharedProcess]: Error: ENOENT: no such file or directory, stat '/home/vrivera/.vscode/extensions/extensions.json.vsctmp': EntryNotFound (FileSystemError): Error: ENOENT: no such file or directory, stat '/home/vrivera/.vscode/extensions/extensions.json.vsctmp'
    at r.create (/opt/visual-studio-code/resources/app/out/vs/code/node/sharedProcess/sharedProcessMain.js:51:30053)
    at a (/opt/visual-studio-code/resources/app/out/vs/code/node/sharedProcess/sharedProcessMain.js:51:30167)
    at s.fb (/opt/visual-studio-code/resources/app/out/vs/code/node/sharedProcess/sharedProcessMain.js:56:36175)
    at s.stat (/opt/visual-studio-code/resources/app/out/vs/code/node/sharedProcess/sharedProcessMain.js:56:28621)
    at async E.stat (/opt/visual-studio-code/resources/app/out/vs/code/node/sharedProcess/sharedProcessMain.js:56:15732)
    at async K.tb (/opt/visual-studio-code/resources/app/out/vs/code/node/sharedProcess/sharedProcessMain.js:109:9535)
2023-12-06 17:28:03.741 [info] Extracted extension to file:///home/vrivera/.vscode/extensions/teabyii.ayu-1.0.5: teabyii.ayu
2023-12-06 17:28:03.743 [info] Renamed to /home/vrivera/.vscode/extensions/teabyii.ayu-1.0.5
2023-12-06 17:28:03.744 [info] Extracting extension completed. teabyii.ayu
2023-12-06 17:28:03.747 [info] Extension installed successfully: teabyii.ayu
2023-12-06 17:28:03.764 [warning] Extension signature verification failed with error 'UnknownError': daltonmenezes.aura-theme
2023-12-06 17:28:03.768 [info] Extracted extension to file:///home/vrivera/.vscode/extensions/daltonmenezes.aura-theme-2.1.2: daltonmenezes.aura-theme
2023-12-06 17:28:03.770 [info] Renamed to /home/vrivera/.vscode/extensions/daltonmenezes.aura-theme-2.1.2
2023-12-06 17:28:03.771 [info] Extracting extension completed. daltonmenezes.aura-theme
2023-12-06 17:28:03.774 [info] Extension installed successfully: daltonmenezes.aura-theme
2023-12-06 17:28:03.887 [warning] Extension signature verification failed with error 'UnknownError': usernamehw.errorlens
2023-12-06 17:28:03.897 [info] Extracted extension to file:///home/vrivera/.vscode/extensions/usernamehw.errorlens-3.15.0: usernamehw.errorlens
2023-12-06 17:28:03.900 [info] Renamed to /home/vrivera/.vscode/extensions/usernamehw.errorlens-3.15.0
2023-12-06 17:28:03.901 [info] Extracting extension completed. usernamehw.errorlens
2023-12-06 17:28:03.906 [info] Extension installed successfully: usernamehw.errorlens
2023-12-06 17:28:03.933 [warning] Extension signature verification failed with error 'UnknownError': vincentfiestada.cold-horizon-vscode
2023-12-06 17:28:03.941 [info] Extracted extension to file:///home/vrivera/.vscode/extensions/vincentfiestada.cold-horizon-vscode-1.3.0: vincentfiestada.cold-horizon-vscode
2023-12-06 17:28:03.943 [info] Renamed to /home/vrivera/.vscode/extensions/vincentfiestada.cold-horizon-vscode-1.3.0
2023-12-06 17:28:03.944 [info] Extracting extension completed. vincentfiestada.cold-horizon-vscode
2023-12-06 17:28:03.949 [info] Extension installed successfully: vincentfiestada.cold-horizon-vscode
2023-12-06 17:28:03.974 [warning] Extension signature verification failed with error 'UnknownError': meganrogge.template-string-converter
2023-12-06 17:28:03.985 [info] Extracted extension to file:///home/vrivera/.vscode/extensions/meganrogge.template-string-converter-0.6.1: meganrogge.template-string-converter
2023-12-06 17:28:03.986 [info] Renamed to /home/vrivera/.vscode/extensions/meganrogge.template-string-converter-0.6.1
2023-12-06 17:28:03.986 [info] Extracting extension completed. meganrogge.template-string-converter
2023-12-06 17:28:04.000 [info] Extension installed successfully: meganrogge.template-string-converter
2023-12-06 17:28:04.031 [warning] Extension signature verification failed with error 'UnknownError': christian-kohler.path-intellisense
2023-12-06 17:28:04.057 [info] Extracted extension to file:///home/vrivera/.vscode/extensions/christian-kohler.path-intellisense-2.8.5: christian-kohler.path-intellisense
2023-12-06 17:28:04.059 [info] Renamed to /home/vrivera/.vscode/extensions/christian-kohler.path-intellisense-2.8.5
2023-12-06 17:28:04.061 [info] Extracting extension completed. christian-kohler.path-intellisense
2023-12-06 17:28:04.065 [info] Extension installed successfully: christian-kohler.path-intellisense
2023-12-06 17:28:04.117 [warning] Extension signature verification failed with error 'UnknownError': dbaeumer.vscode-eslint
2023-12-06 17:28:04.126 [info] Extracted extension to file:///home/vrivera/.vscode/extensions/dbaeumer.vscode-eslint-2.4.2: dbaeumer.vscode-eslint
2023-12-06 17:28:04.131 [info] Renamed to /home/vrivera/.vscode/extensions/dbaeumer.vscode-eslint-2.4.2
2023-12-06 17:28:04.147 [info] Extracting extension completed. dbaeumer.vscode-eslint
2023-12-06 17:28:04.149 [warning] Extension signature verification failed with error 'UnknownError': dsznajder.es7-react-js-snippets
2023-12-06 17:28:04.152 [warning] Extension signature verification failed with error 'UnknownError': wakatime.vscode-wakatime
2023-12-06 17:28:04.157 [info] Extension installed successfully: dbaeumer.vscode-eslint
2023-12-06 17:28:04.180 [info] Extracted extension to file:///home/vrivera/.vscode/extensions/wakatime.vscode-wakatime-24.4.0: wakatime.vscode-wakatime
2023-12-06 17:28:04.182 [info] Renamed to /home/vrivera/.vscode/extensions/wakatime.vscode-wakatime-24.4.0
2023-12-06 17:28:04.184 [info] Extracting extension completed. wakatime.vscode-wakatime
2023-12-06 17:28:04.189 [info] Extension installed successfully: wakatime.vscode-wakatime
2023-12-06 17:28:04.280 [warning] Extension signature verification failed with error 'UnknownError': mhutchie.git-graph
2023-12-06 17:28:04.323 [info] Extracted extension to file:///home/vrivera/.vscode/extensions/mhutchie.git-graph-1.30.0: mhutchie.git-graph
2023-12-06 17:28:04.326 [info] Renamed to /home/vrivera/.vscode/extensions/mhutchie.git-graph-1.30.0
2023-12-06 17:28:04.327 [info] Extracting extension completed. mhutchie.git-graph
2023-12-06 17:28:04.336 [info] Extension installed successfully: mhutchie.git-graph
2023-12-06 17:28:04.345 [info] Extracted extension to file:///home/vrivera/.vscode/extensions/dsznajder.es7-react-js-snippets-4.4.3: dsznajder.es7-react-js-snippets
2023-12-06 17:28:04.346 [info] Renamed to /home/vrivera/.vscode/extensions/dsznajder.es7-react-js-snippets-4.4.3
2023-12-06 17:28:04.347 [info] Extracting extension completed. dsznajder.es7-react-js-snippets
2023-12-06 17:28:04.352 [info] Extension installed successfully: dsznajder.es7-react-js-snippets
2023-12-06 17:28:04.392 [warning] Extension signature verification failed with error 'UnknownError': dnlytras.nord-wave
2023-12-06 17:28:04.401 [info] Extracted extension to file:///home/vrivera/.vscode/extensions/dnlytras.nord-wave-0.3.5: dnlytras.nord-wave
2023-12-06 17:28:04.404 [info] Renamed to /home/vrivera/.vscode/extensions/dnlytras.nord-wave-0.3.5
2023-12-06 17:28:04.406 [info] Extracting extension completed. dnlytras.nord-wave
2023-12-06 17:28:04.409 [error] [uncaught exception in sharedProcess]: Error: ENOENT: no such file or directory, stat '/home/vrivera/.vscode/extensions/extensions.json.vsctmp': EntryNotFound (FileSystemError): Error: ENOENT: no such file or directory, stat '/home/vrivera/.vscode/extensions/extensions.json.vsctmp'
    at r.create (/opt/visual-studio-code/resources/app/out/vs/code/node/sharedProcess/sharedProcessMain.js:51:30053)
    at a (/opt/visual-studio-code/resources/app/out/vs/code/node/sharedProcess/sharedProcessMain.js:51:30167)
    at s.fb (/opt/visual-studio-code/resources/app/out/vs/code/node/sharedProcess/sharedProcessMain.js:56:36175)
    at s.stat (/opt/visual-studio-code/resources/app/out/vs/code/node/sharedProcess/sharedProcessMain.js:56:28621)
    at async E.stat (/opt/visual-studio-code/resources/app/out/vs/code/node/sharedProcess/sharedProcessMain.js:56:15732)
    at async K.tb (/opt/visual-studio-code/resources/app/out/vs/code/node/sharedProcess/sharedProcessMain.js:109:9535)
2023-12-06 17:28:04.420 [info] Extension installed successfully: dnlytras.nord-wave
2023-12-06 17:28:04.421 [warning] Extension signature verification failed with error 'UnknownError': leonardssh.vscord
2023-12-06 17:28:04.434 [info] Extracted extension to file:///home/vrivera/.vscode/extensions/leonardssh.vscord-5.1.18: leonardssh.vscord
2023-12-06 17:28:04.436 [info] Renamed to /home/vrivera/.vscode/extensions/leonardssh.vscord-5.1.18
2023-12-06 17:28:04.437 [info] Extracting extension completed. leonardssh.vscord
2023-12-06 17:28:04.442 [info] Extension installed successfully: leonardssh.vscord
2023-12-06 17:28:04.466 [warning] Extension signature verification failed with error 'UnknownError': zhuangtongfa.material-theme
2023-12-06 17:28:04.483 [warning] Extension signature verification failed with error 'UnknownError': davidanson.vscode-markdownlint
2023-12-06 17:28:04.513 [info] Extracted extension to file:///home/vrivera/.vscode/extensions/davidanson.vscode-markdownlint-0.53.0: davidanson.vscode-markdownlint
2023-12-06 17:28:04.516 [info] Renamed to /home/vrivera/.vscode/extensions/davidanson.vscode-markdownlint-0.53.0
2023-12-06 17:28:04.518 [info] Extracting extension completed. davidanson.vscode-markdownlint
2023-12-06 17:28:04.523 [info] Extension installed successfully: davidanson.vscode-markdownlint
2023-12-06 17:28:04.533 [info] Extracted extension to file:///home/vrivera/.vscode/extensions/zhuangtongfa.material-theme-3.16.2: zhuangtongfa.material-theme
2023-12-06 17:28:04.535 [info] Renamed to /home/vrivera/.vscode/extensions/zhuangtongfa.material-theme-3.16.2
2023-12-06 17:28:04.536 [info] Extracting extension completed. zhuangtongfa.material-theme
2023-12-06 17:28:04.541 [info] Extension installed successfully: zhuangtongfa.material-theme
2023-12-06 17:28:04.584 [warning] Extension signature verification failed with error 'UnknownError': enkia.tokyo-night
2023-12-06 17:28:04.594 [info] Extracted extension to file:///home/vrivera/.vscode/extensions/enkia.tokyo-night-1.0.6: enkia.tokyo-night
2023-12-06 17:28:04.595 [info] Renamed to /home/vrivera/.vscode/extensions/enkia.tokyo-night-1.0.6
2023-12-06 17:28:04.596 [info] Extracting extension completed. enkia.tokyo-night
2023-12-06 17:28:04.602 [info] Extension installed successfully: enkia.tokyo-night
2023-12-06 17:28:04.620 [warning] Extension signature verification failed with error 'UnknownError': monokai.theme-monokai-pro-vscode
2023-12-06 17:28:04.634 [warning] Extension signature verification failed with error 'UnknownError': ms-ceintl.vscode-language-pack-es
2023-12-06 17:28:04.651 [info] Extracted extension to file:///home/vrivera/.vscode/extensions/monokai.theme-monokai-pro-vscode-1.2.1: monokai.theme-monokai-pro-vscode
2023-12-06 17:28:04.653 [info] Renamed to /home/vrivera/.vscode/extensions/monokai.theme-monokai-pro-vscode-1.2.1
2023-12-06 17:28:04.654 [info] Extracting extension completed. monokai.theme-monokai-pro-vscode
2023-12-06 17:28:04.659 [info] Extension installed successfully: monokai.theme-monokai-pro-vscode
2023-12-06 17:28:04.685 [info] Extracted extension to file:///home/vrivera/.vscode/extensions/ms-ceintl.vscode-language-pack-es-1.84.2023111509: ms-ceintl.vscode-language-pack-es
2023-12-06 17:28:04.687 [info] Renamed to /home/vrivera/.vscode/extensions/ms-ceintl.vscode-language-pack-es-1.84.2023111509
2023-12-06 17:28:04.688 [info] Extracting extension completed. ms-ceintl.vscode-language-pack-es
2023-12-06 17:28:04.692 [info] Adding language packs from the extension ms-ceintl.vscode-language-pack-es
2023-12-06 17:28:04.735 [info] Extension installed successfully: ms-ceintl.vscode-language-pack-es
2023-12-06 17:28:04.756 [warning] Extension signature verification failed with error 'UnknownError': pkief.material-icon-theme
2023-12-06 17:28:04.847 [warning] Extension signature verification failed with error 'UnknownError': ms-vscode-remote.remote-wsl
2023-12-06 17:28:04.908 [info] Extracted extension to file:///home/vrivera/.vscode/extensions/ms-vscode-remote.remote-wsl-0.81.8: ms-vscode-remote.remote-wsl
2023-12-06 17:28:04.910 [info] Renamed to /home/vrivera/.vscode/extensions/ms-vscode-remote.remote-wsl-0.81.8
2023-12-06 17:28:04.912 [info] Extracting extension completed. ms-vscode-remote.remote-wsl
2023-12-06 17:28:04.917 [info] Extension installed successfully: ms-vscode-remote.remote-wsl
2023-12-06 17:28:04.956 [warning] Extension signature verification failed with error 'UnknownError': equinusocio.vsc-material-theme
2023-12-06 17:28:04.988 [warning] Extension signature verification failed with error 'UnknownError': formulahendry.code-runner
2023-12-06 17:28:04.990 [error] [uncaught exception in sharedProcess]: Error: ENOENT: no such file or directory, stat '/home/vrivera/.vscode/extensions/extensions.json.vsctmp': EntryNotFound (FileSystemError): Error: ENOENT: no such file or directory, stat '/home/vrivera/.vscode/extensions/extensions.json.vsctmp'
    at r.create (/opt/visual-studio-code/resources/app/out/vs/code/node/sharedProcess/sharedProcessMain.js:51:30053)
    at a (/opt/visual-studio-code/resources/app/out/vs/code/node/sharedProcess/sharedProcessMain.js:51:30167)
    at s.fb (/opt/visual-studio-code/resources/app/out/vs/code/node/sharedProcess/sharedProcessMain.js:56:36175)
    at s.stat (/opt/visual-studio-code/resources/app/out/vs/code/node/sharedProcess/sharedProcessMain.js:56:28621)
    at async E.stat (/opt/visual-studio-code/resources/app/out/vs/code/node/sharedProcess/sharedProcessMain.js:56:15732)
    at async K.tb (/opt/visual-studio-code/resources/app/out/vs/code/node/sharedProcess/sharedProcessMain.js:109:9535)
2023-12-06 17:28:05.013 [info] Extracted extension to file:///home/vrivera/.vscode/extensions/equinusocio.vsc-material-theme-34.3.0: equinusocio.vsc-material-theme
2023-12-06 17:28:05.015 [info] Renamed to /home/vrivera/.vscode/extensions/equinusocio.vsc-material-theme-34.3.0
2023-12-06 17:28:05.017 [info] Extracting extension completed. equinusocio.vsc-material-theme
2023-12-06 17:28:05.021 [info] Extension installed successfully: equinusocio.vsc-material-theme
2023-12-06 17:28:05.068 [info] Extracted extension to file:///home/vrivera/.vscode/extensions/formulahendry.code-runner-0.12.1: formulahendry.code-runner
2023-12-06 17:28:05.070 [info] Renamed to /home/vrivera/.vscode/extensions/formulahendry.code-runner-0.12.1
2023-12-06 17:28:05.071 [info] Extracting extension completed. formulahendry.code-runner
2023-12-06 17:28:05.078 [info] Extension installed successfully: formulahendry.code-runner
2023-12-06 17:28:05.170 [warning] Extension signature verification failed with error 'UnknownError': wayou.vscode-todo-highlight
2023-12-06 17:28:05.175 [warning] Extension signature verification failed with error 'UnknownError': rangav.vscode-thunder-client
2023-12-06 17:28:05.214 [info] Extracted extension to file:///home/vrivera/.vscode/extensions/wayou.vscode-todo-highlight-1.0.5: wayou.vscode-todo-highlight
2023-12-06 17:28:05.216 [info] Renamed to /home/vrivera/.vscode/extensions/wayou.vscode-todo-highlight-1.0.5
2023-12-06 17:28:05.218 [info] Extracting extension completed. wayou.vscode-todo-highlight
2023-12-06 17:28:05.228 [info] Extension installed successfully: wayou.vscode-todo-highlight
2023-12-06 17:28:05.229 [warning] Extension signature verification failed with error 'UnknownError': sdras.night-owl
2023-12-06 17:28:05.260 [info] Extracted extension to file:///home/vrivera/.vscode/extensions/pkief.material-icon-theme-4.32.0: pkief.material-icon-theme
2023-12-06 17:28:05.261 [info] Extracted extension to file:///home/vrivera/.vscode/extensions/rangav.vscode-thunder-client-2.16.2: rangav.vscode-thunder-client
2023-12-06 17:28:05.262 [info] Renamed to /home/vrivera/.vscode/extensions/pkief.material-icon-theme-4.32.0
2023-12-06 17:28:05.263 [info] Renamed to /home/vrivera/.vscode/extensions/rangav.vscode-thunder-client-2.16.2
2023-12-06 17:28:05.264 [info] Extracting extension completed. pkief.material-icon-theme
2023-12-06 17:28:05.265 [info] Extracting extension completed. rangav.vscode-thunder-client
2023-12-06 17:28:05.273 [info] Extension installed successfully: pkief.material-icon-theme
2023-12-06 17:28:05.277 [info] Extracted extension to file:///home/vrivera/.vscode/extensions/sdras.night-owl-2.0.1: sdras.night-owl
2023-12-06 17:28:05.278 [info] Extension installed successfully: rangav.vscode-thunder-client
2023-12-06 17:28:05.279 [info] Renamed to /home/vrivera/.vscode/extensions/sdras.night-owl-2.0.1
2023-12-06 17:28:05.279 [info] Extracting extension completed. sdras.night-owl
2023-12-06 17:28:05.284 [info] Extension installed successfully: sdras.night-owl
2023-12-06 17:28:05.310 [error] [uncaught exception in sharedProcess]: Error: ENOENT: no such file or directory, stat '/home/vrivera/.vscode/extensions/extensions.json.vsctmp': EntryNotFound (FileSystemError): Error: ENOENT: no such file or directory, stat '/home/vrivera/.vscode/extensions/extensions.json.vsctmp'
    at r.create (/opt/visual-studio-code/resources/app/out/vs/code/node/sharedProcess/sharedProcessMain.js:51:30053)
    at a (/opt/visual-studio-code/resources/app/out/vs/code/node/sharedProcess/sharedProcessMain.js:51:30167)
    at s.fb (/opt/visual-studio-code/resources/app/out/vs/code/node/sharedProcess/sharedProcessMain.js:56:36175)
    at s.stat (/opt/visual-studio-code/resources/app/out/vs/code/node/sharedProcess/sharedProcessMain.js:56:28621)
    at async E.stat (/opt/visual-studio-code/resources/app/out/vs/code/node/sharedProcess/sharedProcessMain.js:56:15732)
    at async K.tb (/opt/visual-studio-code/resources/app/out/vs/code/node/sharedProcess/sharedProcessMain.js:109:9535)
2023-12-06 17:28:05.328 [warning] Extension signature verification failed with error 'UnknownError': bradlc.vscode-tailwindcss
2023-12-06 17:28:05.353 [warning] Extension signature verification failed with error 'UnknownError': naumovs.color-highlight
2023-12-06 17:28:05.361 [warning] Extension signature verification failed with error 'UnknownError': adpyke.codesnap
2023-12-06 17:28:05.386 [warning] Extension signature verification failed with error 'UnknownError': miguelsolorio.fluent-icons
2023-12-06 17:28:05.416 [info] Extracted extension to file:///home/vrivera/.vscode/extensions/bradlc.vscode-tailwindcss-0.10.3: bradlc.vscode-tailwindcss
2023-12-06 17:28:05.419 [info] Renamed to /home/vrivera/.vscode/extensions/bradlc.vscode-tailwindcss-0.10.3
2023-12-06 17:28:05.422 [info] Extracting extension completed. bradlc.vscode-tailwindcss
2023-12-06 17:28:05.428 [info] Extension installed successfully: bradlc.vscode-tailwindcss
2023-12-06 17:28:05.466 [warning] Extension signature verification failed with error 'UnknownError': pflannery.vscode-versionlens
2023-12-06 17:28:05.502 [error] [uncaught exception in sharedProcess]: Error: ENOENT: no such file or directory, stat '/home/vrivera/.vscode/extensions/extensions.json.vsctmp': EntryNotFound (FileSystemError): Error: ENOENT: no such file or directory, stat '/home/vrivera/.vscode/extensions/extensions.json.vsctmp'
    at r.create (/opt/visual-studio-code/resources/app/out/vs/code/node/sharedProcess/sharedProcessMain.js:51:30053)
    at a (/opt/visual-studio-code/resources/app/out/vs/code/node/sharedProcess/sharedProcessMain.js:51:30167)
    at s.fb (/opt/visual-studio-code/resources/app/out/vs/code/node/sharedProcess/sharedProcessMain.js:56:36175)
    at s.stat (/opt/visual-studio-code/resources/app/out/vs/code/node/sharedProcess/sharedProcessMain.js:56:28621)
    at async E.stat (/opt/visual-studio-code/resources/app/out/vs/code/node/sharedProcess/sharedProcessMain.js:56:15732)
    at async K.tb (/opt/visual-studio-code/resources/app/out/vs/code/node/sharedProcess/sharedProcessMain.js:109:9535)
2023-12-06 17:28:05.527 [info] Extracted extension to file:///home/vrivera/.vscode/extensions/miguelsolorio.fluent-icons-0.0.18: miguelsolorio.fluent-icons
2023-12-06 17:28:05.531 [info] Renamed to /home/vrivera/.vscode/extensions/miguelsolorio.fluent-icons-0.0.18
2023-12-06 17:28:05.534 [info] Extracting extension completed. miguelsolorio.fluent-icons
2023-12-06 17:28:05.539 [info] Extension installed successfully: miguelsolorio.fluent-icons
2023-12-06 17:28:05.622 [warning] Extension signature verification failed with error 'UnknownError': ritwickdey.liveserver
2023-12-06 17:28:05.631 [warning] Extension signature verification failed with error 'UnknownError': ms-python.autopep8
2023-12-06 17:28:05.650 [warning] Extension signature verification failed with error 'UnknownError': dotjoshjohnson.xml
2023-12-06 17:28:05.674 [info] Extracted extension to file:///home/vrivera/.vscode/extensions/naumovs.color-highlight-2.5.0: naumovs.color-highlight
2023-12-06 17:28:05.677 [info] Renamed to /home/vrivera/.vscode/extensions/naumovs.color-highlight-2.5.0
2023-12-06 17:28:05.679 [info] Extracting extension completed. naumovs.color-highlight
2023-12-06 17:28:05.685 [info] Extension installed successfully: naumovs.color-highlight
2023-12-06 17:28:05.699 [warning] Extension signature verification failed with error 'UnknownError': seyyedkhandon.firacode
2023-12-06 17:28:05.787 [info] Extracted extension to file:///home/vrivera/.vscode/extensions/seyyedkhandon.firacode-2.2.1: seyyedkhandon.firacode
2023-12-06 17:28:05.787 [info] Renamed to /home/vrivera/.vscode/extensions/seyyedkhandon.firacode-2.2.1
2023-12-06 17:28:05.787 [info] Extracting extension completed. seyyedkhandon.firacode
2023-12-06 17:28:05.805 [info] Extension installed successfully: seyyedkhandon.firacode
2023-12-06 17:28:05.892 [warning] Extension signature verification failed with error 'UnknownError': codeium.codeium
2023-12-06 17:28:05.894 [warning] Extension signature verification failed with error 'UnknownError': ms-python.pylint
2023-12-06 17:28:05.973 [warning] Extension signature verification failed with error 'UnknownError': gruntfuggly.activitusbar
2023-12-06 17:28:06.050 [info] Extracted extension to file:///home/vrivera/.vscode/extensions/ms-python.autopep8-2023.8.0: ms-python.autopep8
2023-12-06 17:28:06.054 [info] Renamed to /home/vrivera/.vscode/extensions/ms-python.autopep8-2023.8.0
2023-12-06 17:28:06.056 [info] Extracting extension completed. ms-python.autopep8
2023-12-06 17:28:06.062 [info] Extension installed successfully: ms-python.autopep8
2023-12-06 17:28:06.071 [error] [uncaught exception in sharedProcess]: Error: ENOENT: no such file or directory, stat '/home/vrivera/.vscode/extensions/extensions.json.vsctmp': EntryNotFound (FileSystemError): Error: ENOENT: no such file or directory, stat '/home/vrivera/.vscode/extensions/extensions.json.vsctmp'
    at r.create (/opt/visual-studio-code/resources/app/out/vs/code/node/sharedProcess/sharedProcessMain.js:51:30053)
    at a (/opt/visual-studio-code/resources/app/out/vs/code/node/sharedProcess/sharedProcessMain.js:51:30167)
    at s.fb (/opt/visual-studio-code/resources/app/out/vs/code/node/sharedProcess/sharedProcessMain.js:56:36175)
    at s.stat (/opt/visual-studio-code/resources/app/out/vs/code/node/sharedProcess/sharedProcessMain.js:56:28621)
    at async E.stat (/opt/visual-studio-code/resources/app/out/vs/code/node/sharedProcess/sharedProcessMain.js:56:15732)
    at async K.tb (/opt/visual-studio-code/resources/app/out/vs/code/node/sharedProcess/sharedProcessMain.js:109:9535)
2023-12-06 17:28:06.075 [info] Extracted extension to file:///home/vrivera/.vscode/extensions/codeium.codeium-1.4.27: codeium.codeium
2023-12-06 17:28:06.092 [info] Renamed to /home/vrivera/.vscode/extensions/codeium.codeium-1.4.27
2023-12-06 17:28:06.092 [info] Extracting extension completed. codeium.codeium
2023-12-06 17:28:06.116 [info] Extension installed successfully: codeium.codeium
2023-12-06 17:28:06.130 [warning] Extension signature verification failed with error 'UnknownError': astro-build.astro-vscode
2023-12-06 17:28:06.322 [warning] Extension signature verification failed with error 'UnknownError': ms-vsliveshare.vsliveshare
2023-12-06 17:28:06.451 [warning] Extension signature verification failed with error 'UnknownError': uloco.theme-bluloco-dark
2023-12-06 17:28:06.540 [info] Extracted extension to file:///home/vrivera/.vscode/extensions/uloco.theme-bluloco-dark-3.7.4: uloco.theme-bluloco-dark
2023-12-06 17:28:06.543 [info] Renamed to /home/vrivera/.vscode/extensions/uloco.theme-bluloco-dark-3.7.4
2023-12-06 17:28:06.545 [info] Extracting extension completed. uloco.theme-bluloco-dark
2023-12-06 17:28:06.551 [info] Extension installed successfully: uloco.theme-bluloco-dark
2023-12-06 17:28:06.625 [error] [uncaught exception in sharedProcess]: Error: ENOENT: no such file or directory, stat '/home/vrivera/.vscode/extensions/extensions.json.vsctmp': EntryNotFound (FileSystemError): Error: ENOENT: no such file or directory, stat '/home/vrivera/.vscode/extensions/extensions.json.vsctmp'
    at r.create (/opt/visual-studio-code/resources/app/out/vs/code/node/sharedProcess/sharedProcessMain.js:51:30053)
    at a (/opt/visual-studio-code/resources/app/out/vs/code/node/sharedProcess/sharedProcessMain.js:51:30167)
    at s.fb (/opt/visual-studio-code/resources/app/out/vs/code/node/sharedProcess/sharedProcessMain.js:56:36175)
    at s.stat (/opt/visual-studio-code/resources/app/out/vs/code/node/sharedProcess/sharedProcessMain.js:56:28621)
    at async E.stat (/opt/visual-studio-code/resources/app/out/vs/code/node/sharedProcess/sharedProcessMain.js:56:15732)
    at async K.tb (/opt/visual-studio-code/resources/app/out/vs/code/node/sharedProcess/sharedProcessMain.js:109:9535)
2023-12-06 17:28:06.672 [info] Extracted extension to file:///home/vrivera/.vscode/extensions/astro-build.astro-vscode-2.5.2-linux-x64: astro-build.astro-vscode
2023-12-06 17:28:06.675 [info] Renamed to /home/vrivera/.vscode/extensions/astro-build.astro-vscode-2.5.2-linux-x64
2023-12-06 17:28:06.677 [info] Extracting extension completed. astro-build.astro-vscode
2023-12-06 17:28:06.682 [info] Extension installed successfully: astro-build.astro-vscode
2023-12-06 17:28:06.835 [info] Extracted extension to file:///home/vrivera/.vscode/extensions/ms-python.pylint-2023.10.1: ms-python.pylint
2023-12-06 17:28:06.839 [info] Renamed to /home/vrivera/.vscode/extensions/ms-python.pylint-2023.10.1
2023-12-06 17:28:06.842 [info] Extracting extension completed. ms-python.pylint
2023-12-06 17:28:06.848 [info] Extension installed successfully: ms-python.pylint
2023-12-06 17:28:06.917 [info] Extracted extension to file:///home/vrivera/.vscode/extensions/dotjoshjohnson.xml-2.5.1: dotjoshjohnson.xml
2023-12-06 17:28:06.920 [info] Renamed to /home/vrivera/.vscode/extensions/dotjoshjohnson.xml-2.5.1
2023-12-06 17:28:06.922 [info] Extracting extension completed. dotjoshjohnson.xml
2023-12-06 17:28:06.927 [info] Extension installed successfully: dotjoshjohnson.xml
2023-12-06 17:28:07.056 [info] Extracted extension to file:///home/vrivera/.vscode/extensions/ms-vsliveshare.vsliveshare-1.0.5897: ms-vsliveshare.vsliveshare
2023-12-06 17:28:07.060 [info] Renamed to /home/vrivera/.vscode/extensions/ms-vsliveshare.vsliveshare-1.0.5897
2023-12-06 17:28:07.063 [info] Extracting extension completed. ms-vsliveshare.vsliveshare
2023-12-06 17:28:07.068 [info] Extension installed successfully: ms-vsliveshare.vsliveshare
2023-12-06 17:28:07.079 [info] Extracted extension to file:///home/vrivera/.vscode/extensions/pflannery.vscode-versionlens-1.9.2: pflannery.vscode-versionlens
2023-12-06 17:28:07.081 [info] Renamed to /home/vrivera/.vscode/extensions/pflannery.vscode-versionlens-1.9.2
2023-12-06 17:28:07.082 [info] Extracting extension completed. pflannery.vscode-versionlens
2023-12-06 17:28:07.087 [info] Extension installed successfully: pflannery.vscode-versionlens
2023-12-06 17:28:07.200 [info] Extracted extension to file:///home/vrivera/.vscode/extensions/adpyke.codesnap-1.3.4: adpyke.codesnap
2023-12-06 17:28:07.227 [info] Renamed to /home/vrivera/.vscode/extensions/adpyke.codesnap-1.3.4
2023-12-06 17:28:07.228 [info] Extracting extension completed. adpyke.codesnap
2023-12-06 17:28:07.241 [info] Extension installed successfully: adpyke.codesnap
2023-12-06 17:28:07.723 [warning] Extension signature verification failed with error 'UnknownError': ms-python.python
2023-12-06 17:28:08.122 [warning] Extension signature verification failed with error 'UnknownError': ms-python.vscode-pylance
2023-12-06 17:28:08.572 [info] Extracted extension to file:///home/vrivera/.vscode/extensions/gruntfuggly.activitusbar-0.0.47: gruntfuggly.activitusbar
2023-12-06 17:28:08.574 [info] Renamed to /home/vrivera/.vscode/extensions/gruntfuggly.activitusbar-0.0.47
2023-12-06 17:28:08.576 [info] Extracting extension completed. gruntfuggly.activitusbar
2023-12-06 17:28:08.580 [info] Extension installed successfully: gruntfuggly.activitusbar
2023-12-06 17:28:08.655 [error] [uncaught exception in sharedProcess]: Error: ENOENT: no such file or directory, stat '/home/vrivera/.vscode/extensions/extensions.json.vsctmp': EntryNotFound (FileSystemError): Error: ENOENT: no such file or directory, stat '/home/vrivera/.vscode/extensions/extensions.json.vsctmp'
    at r.create (/opt/visual-studio-code/resources/app/out/vs/code/node/sharedProcess/sharedProcessMain.js:51:30053)
    at a (/opt/visual-studio-code/resources/app/out/vs/code/node/sharedProcess/sharedProcessMain.js:51:30167)
    at s.fb (/opt/visual-studio-code/resources/app/out/vs/code/node/sharedProcess/sharedProcessMain.js:56:36175)
    at s.stat (/opt/visual-studio-code/resources/app/out/vs/code/node/sharedProcess/sharedProcessMain.js:56:28621)
    at async E.stat (/opt/visual-studio-code/resources/app/out/vs/code/node/sharedProcess/sharedProcessMain.js:56:15732)
    at async K.tb (/opt/visual-studio-code/resources/app/out/vs/code/node/sharedProcess/sharedProcessMain.js:109:9535)
2023-12-06 17:28:08.966 [info] Extracted extension to file:///home/vrivera/.vscode/extensions/ritwickdey.liveserver-5.7.9: ritwickdey.liveserver
2023-12-06 17:28:08.970 [info] Renamed to /home/vrivera/.vscode/extensions/ritwickdey.liveserver-5.7.9
2023-12-06 17:28:08.971 [info] Extracting extension completed. ritwickdey.liveserver
2023-12-06 17:28:08.976 [info] Extension installed successfully: ritwickdey.liveserver
2023-12-06 17:28:09.049 [error] [uncaught exception in sharedProcess]: Error: ENOENT: no such file or directory, stat '/home/vrivera/.vscode/extensions/extensions.json.vsctmp': EntryNotFound (FileSystemError): Error: ENOENT: no such file or directory, stat '/home/vrivera/.vscode/extensions/extensions.json.vsctmp'
    at r.create (/opt/visual-studio-code/resources/app/out/vs/code/node/sharedProcess/sharedProcessMain.js:51:30053)
    at a (/opt/visual-studio-code/resources/app/out/vs/code/node/sharedProcess/sharedProcessMain.js:51:30167)
    at s.fb (/opt/visual-studio-code/resources/app/out/vs/code/node/sharedProcess/sharedProcessMain.js:56:36175)
    at s.stat (/opt/visual-studio-code/resources/app/out/vs/code/node/sharedProcess/sharedProcessMain.js:56:28621)
    at async E.stat (/opt/visual-studio-code/resources/app/out/vs/code/node/sharedProcess/sharedProcessMain.js:56:15732)
    at async K.tb (/opt/visual-studio-code/resources/app/out/vs/code/node/sharedProcess/sharedProcessMain.js:109:9535)
2023-12-06 17:28:09.141 [info] Getting Manifest... ritwickdey.liveserver
2023-12-06 17:28:09.141 [info] Getting Manifest... gruntfuggly.activitusbar
2023-12-06 17:28:09.141 [info] Getting Manifest... esbenp.prettier-vscode
2023-12-06 17:28:09.141 [info] Getting Manifest... mongodb.mongodb-vscode
2023-12-06 17:28:09.141 [info] Getting Manifest... wallabyjs.console-ninja
2023-12-06 17:28:09.141 [info] Getting Manifest... ms-python.vscode-pylance
2023-12-06 17:28:09.142 [info] Getting Manifest... ms-python.python
2023-12-06 17:28:09.157 [info] Installing extension: ritwickdey.liveserver
2023-12-06 17:28:09.157 [info] Installing the extension without checking dependencies and pack ritwickdey.liveserver
2023-12-06 17:28:09.158 [info] Installing extension: gruntfuggly.activitusbar
2023-12-06 17:28:09.158 [info] Installing the extension without checking dependencies and pack gruntfuggly.activitusbar
2023-12-06 17:28:09.158 [info] Extensions is already requested to install esbenp.prettier-vscode
2023-12-06 17:28:09.158 [info] Extensions is already requested to install mongodb.mongodb-vscode
2023-12-06 17:28:09.158 [info] Extensions is already requested to install wallabyjs.console-ninja
2023-12-06 17:28:09.158 [info] Extensions is already requested to install ms-python.vscode-pylance
2023-12-06 17:28:09.158 [info] Extensions is already requested to install ms-python.python
2023-12-06 17:28:09.272 [info] Extension installed successfully: ritwickdey.liveserver
2023-12-06 17:28:09.277 [info] Extension installed successfully: gruntfuggly.activitusbar
2023-12-06 17:28:09.346 [error] [uncaught exception in sharedProcess]: Error: ENOENT: no such file or directory, stat '/home/vrivera/.vscode/extensions/extensions.json.vsctmp': EntryNotFound (FileSystemError): Error: ENOENT: no such file or directory, stat '/home/vrivera/.vscode/extensions/extensions.json.vsctmp'
    at r.create (/opt/visual-studio-code/resources/app/out/vs/code/node/sharedProcess/sharedProcessMain.js:51:30053)
    at a (/opt/visual-studio-code/resources/app/out/vs/code/node/sharedProcess/sharedProcessMain.js:51:30167)
    at s.fb (/opt/visual-studio-code/resources/app/out/vs/code/node/sharedProcess/sharedProcessMain.js:56:36175)
    at s.stat (/opt/visual-studio-code/resources/app/out/vs/code/node/sharedProcess/sharedProcessMain.js:56:28621)
    at async E.stat (/opt/visual-studio-code/resources/app/out/vs/code/node/sharedProcess/sharedProcessMain.js:56:15732)
    at async K.tb (/opt/visual-studio-code/resources/app/out/vs/code/node/sharedProcess/sharedProcessMain.js:109:9535)
2023-12-06 17:28:09.609 [info] Extracted extension to file:///home/vrivera/.vscode/extensions/ms-python.python-2023.20.0: ms-python.python
2023-12-06 17:28:09.614 [info] Renamed to /home/vrivera/.vscode/extensions/ms-python.python-2023.20.0
2023-12-06 17:28:09.618 [info] Extracting extension completed. ms-python.python
2023-12-06 17:28:09.628 [info] Extension installed successfully: ms-python.python
2023-12-06 17:28:09.700 [error] [uncaught exception in sharedProcess]: Error: ENOENT: no such file or directory, stat '/home/vrivera/.vscode/extensions/extensions.json.vsctmp': EntryNotFound (FileSystemError): Error: ENOENT: no such file or directory, stat '/home/vrivera/.vscode/extensions/extensions.json.vsctmp'
    at r.create (/opt/visual-studio-code/resources/app/out/vs/code/node/sharedProcess/sharedProcessMain.js:51:30053)
    at a (/opt/visual-studio-code/resources/app/out/vs/code/node/sharedProcess/sharedProcessMain.js:51:30167)
    at s.fb (/opt/visual-studio-code/resources/app/out/vs/code/node/sharedProcess/sharedProcessMain.js:56:36175)
    at s.stat (/opt/visual-studio-code/resources/app/out/vs/code/node/sharedProcess/sharedProcessMain.js:56:28621)
    at async E.stat (/opt/visual-studio-code/resources/app/out/vs/code/node/sharedProcess/sharedProcessMain.js:56:15732)
    at async K.tb (/opt/visual-studio-code/resources/app/out/vs/code/node/sharedProcess/sharedProcessMain.js:109:9535)
2023-12-06 17:28:10.327 [info] Extracted extension to file:///home/vrivera/.vscode/extensions/ms-python.vscode-pylance-2023.11.10: ms-python.vscode-pylance
2023-12-06 17:28:10.332 [info] Renamed to /home/vrivera/.vscode/extensions/ms-python.vscode-pylance-2023.11.10
2023-12-06 17:28:10.334 [info] Extracting extension completed. ms-python.vscode-pylance
2023-12-06 17:28:10.338 [info] Extension installed successfully: ms-python.vscode-pylance
2023-12-06 17:28:10.414 [error] [uncaught exception in sharedProcess]: Error: ENOENT: no such file or directory, stat '/home/vrivera/.vscode/extensions/extensions.json.vsctmp': EntryNotFound (FileSystemError): Error: ENOENT: no such file or directory, stat '/home/vrivera/.vscode/extensions/extensions.json.vsctmp'
    at r.create (/opt/visual-studio-code/resources/app/out/vs/code/node/sharedProcess/sharedProcessMain.js:51:30053)
    at a (/opt/visual-studio-code/resources/app/out/vs/code/node/sharedProcess/sharedProcessMain.js:51:30167)
    at s.fb (/opt/visual-studio-code/resources/app/out/vs/code/node/sharedProcess/sharedProcessMain.js:56:36175)
    at s.stat (/opt/visual-studio-code/resources/app/out/vs/code/node/sharedProcess/sharedProcessMain.js:56:28621)
    at async E.stat (/opt/visual-studio-code/resources/app/out/vs/code/node/sharedProcess/sharedProcessMain.js:56:15732)
    at async K.tb (/opt/visual-studio-code/resources/app/out/vs/code/node/sharedProcess/sharedProcessMain.js:109:9535)
2023-12-06 17:28:11.285 [warning] Extension signature verification failed with error 'UnknownError': wallabyjs.console-ninja
2023-12-06 17:28:11.596 [info] Extracted extension to file:///home/vrivera/.vscode/extensions/wallabyjs.console-ninja-1.0.266: wallabyjs.console-ninja
2023-12-06 17:28:11.599 [info] Renamed to /home/vrivera/.vscode/extensions/wallabyjs.console-ninja-1.0.266
2023-12-06 17:28:11.600 [info] Extracting extension completed. wallabyjs.console-ninja
2023-12-06 17:28:11.605 [info] Extension installed successfully: wallabyjs.console-ninja
2023-12-06 17:28:11.680 [error] [uncaught exception in sharedProcess]: Error: ENOENT: no such file or directory, stat '/home/vrivera/.vscode/extensions/extensions.json.vsctmp': EntryNotFound (FileSystemError): Error: ENOENT: no such file or directory, stat '/home/vrivera/.vscode/extensions/extensions.json.vsctmp'
    at r.create (/opt/visual-studio-code/resources/app/out/vs/code/node/sharedProcess/sharedProcessMain.js:51:30053)
    at a (/opt/visual-studio-code/resources/app/out/vs/code/node/sharedProcess/sharedProcessMain.js:51:30167)
    at s.fb (/opt/visual-studio-code/resources/app/out/vs/code/node/sharedProcess/sharedProcessMain.js:56:36175)
    at s.stat (/opt/visual-studio-code/resources/app/out/vs/code/node/sharedProcess/sharedProcessMain.js:56:28621)
    at async E.stat (/opt/visual-studio-code/resources/app/out/vs/code/node/sharedProcess/sharedProcessMain.js:56:15732)
    at async K.tb (/opt/visual-studio-code/resources/app/out/vs/code/node/sharedProcess/sharedProcessMain.js:109:9535)
2023-12-06 17:28:12.829 [warning] Extension signature verification failed with error 'UnknownError': esbenp.prettier-vscode
2023-12-06 17:28:12.884 [info] Extracted extension to file:///home/vrivera/.vscode/extensions/esbenp.prettier-vscode-10.1.0: esbenp.prettier-vscode
2023-12-06 17:28:12.886 [info] Renamed to /home/vrivera/.vscode/extensions/esbenp.prettier-vscode-10.1.0
2023-12-06 17:28:12.888 [info] Extracting extension completed. esbenp.prettier-vscode
2023-12-06 17:28:12.894 [info] Extension installed successfully: esbenp.prettier-vscode
2023-12-06 17:28:12.970 [error] [uncaught exception in sharedProcess]: Error: ENOENT: no such file or directory, stat '/home/vrivera/.vscode/extensions/extensions.json.vsctmp': EntryNotFound (FileSystemError): Error: ENOENT: no such file or directory, stat '/home/vrivera/.vscode/extensions/extensions.json.vsctmp'
    at r.create (/opt/visual-studio-code/resources/app/out/vs/code/node/sharedProcess/sharedProcessMain.js:51:30053)
    at a (/opt/visual-studio-code/resources/app/out/vs/code/node/sharedProcess/sharedProcessMain.js:51:30167)
    at s.fb (/opt/visual-studio-code/resources/app/out/vs/code/node/sharedProcess/sharedProcessMain.js:56:36175)
    at s.stat (/opt/visual-studio-code/resources/app/out/vs/code/node/sharedProcess/sharedProcessMain.js:56:28621)
    at async E.stat (/opt/visual-studio-code/resources/app/out/vs/code/node/sharedProcess/sharedProcessMain.js:56:15732)
    at async K.tb (/opt/visual-studio-code/resources/app/out/vs/code/node/sharedProcess/sharedProcessMain.js:109:9535)
2023-12-06 17:28:17.704 [warning] Extension signature verification failed with error 'UnknownError': mongodb.mongodb-vscode
2023-12-06 17:28:17.830 [info] Extracted extension to file:///home/vrivera/.vscode/extensions/mongodb.mongodb-vscode-1.3.1: mongodb.mongodb-vscode
2023-12-06 17:28:17.832 [info] Renamed to /home/vrivera/.vscode/extensions/mongodb.mongodb-vscode-1.3.1
2023-12-06 17:28:17.833 [info] Extracting extension completed. mongodb.mongodb-vscode
2023-12-06 17:28:17.850 [info] Extension installed successfully: mongodb.mongodb-vscode
2023-12-06 17:28:17.884 [error] [uncaught exception in sharedProcess]: Error: ENOENT: no such file or directory, stat '/home/vrivera/.vscode/extensions/extensions.json.vsctmp': EntryNotFound (FileSystemError): Error: ENOENT: no such file or directory, stat '/home/vrivera/.vscode/extensions/extensions.json.vsctmp'
    at r.create (/opt/visual-studio-code/resources/app/out/vs/code/node/sharedProcess/sharedProcessMain.js:51:30053)
    at a (/opt/visual-studio-code/resources/app/out/vs/code/node/sharedProcess/sharedProcessMain.js:51:30167)
    at s.fb (/opt/visual-studio-code/resources/app/out/vs/code/node/sharedProcess/sharedProcessMain.js:56:36175)
    at s.stat (/opt/visual-studio-code/resources/app/out/vs/code/node/sharedProcess/sharedProcessMain.js:56:28621)
    at async E.stat (/opt/visual-studio-code/resources/app/out/vs/code/node/sharedProcess/sharedProcessMain.js:56:15732)
    at async K.tb (/opt/visual-studio-code/resources/app/out/vs/code/node/sharedProcess/sharedProcessMain.js:109:9535)
