2023-12-13T05:10:48.394Z [Modules] Modules initializing
2023-12-13T05:10:48.394Z [Modules] Distribution: remote
2023-12-13T05:10:48.394Z [Modules] Host updates: enabled
2023-12-13T05:10:48.394Z [Modules] Module updates: enabled
2023-12-13T05:10:48.394Z [Modules] Module install path: /home/vrivera/.config/discord/0.0.38/modules
2023-12-13T05:10:48.394Z [Modules] Module installed file path: /home/vrivera/.config/discord/0.0.38/modules/installed.json
2023-12-13T05:10:48.394Z [Modules] Module download path: /home/vrivera/.config/discord/0.0.38/modules/pending
2023-12-13T05:10:48.554Z [Modules] Bootstrapping...
2023-12-13T05:10:48.555Z [Modules] Installing discord_desktop_core@0 from /opt/discord/resources/bootstrap/discord_desktop_core.zip
2023-12-13T05:10:48.558Z [Modules] Failed installing discord_desktop_core@0: Error: ENOENT: no such file or directory, open '/opt/discord/resources/bootstrap/discord_desktop_core.zip'
2023-12-13T05:10:48.559Z [Modules] Installing discord_erlpack@0 from /opt/discord/resources/bootstrap/discord_erlpack.zip
2023-12-13T05:10:48.560Z [Modules] Failed installing discord_erlpack@0: Error: ENOENT: no such file or directory, open '/opt/discord/resources/bootstrap/discord_erlpack.zip'
2023-12-13T05:10:48.560Z [Modules] Installing discord_spellcheck@0 from /opt/discord/resources/bootstrap/discord_spellcheck.zip
2023-12-13T05:10:48.561Z [Modules] Failed installing discord_spellcheck@0: Error: ENOENT: no such file or directory, open '/opt/discord/resources/bootstrap/discord_spellcheck.zip'
2023-12-13T05:10:48.561Z [Modules] Installing discord_utils@0 from /opt/discord/resources/bootstrap/discord_utils.zip
2023-12-13T05:10:48.562Z [Modules] Failed installing discord_utils@0: Error: ENOENT: no such file or directory, open '/opt/discord/resources/bootstrap/discord_utils.zip'
2023-12-13T05:10:48.562Z [Modules] Installing discord_voice@0 from /opt/discord/resources/bootstrap/discord_voice.zip
2023-12-13T05:10:48.563Z [Modules] Failed installing discord_voice@0: Error: ENOENT: no such file or directory, open '/opt/discord/resources/bootstrap/discord_voice.zip'
2023-12-13T05:10:48.563Z [Modules] Finished module installations. [success: 0] [failure: 5]
2023-12-13T05:10:48.563Z [Modules] Checking for host updates.
2023-12-13T05:10:48.970Z [Modules] Host is up to date.
2023-12-13T05:10:48.970Z [Modules] Checking for module updates at https://discord.com/api/modules/stable/versions.json
2023-12-13T05:10:49.277Z [Modules] Module update available: discord_desktop_core@1 [installed: 0]
2023-12-13T05:10:49.277Z [Modules] Module update available: discord_erlpack@1 [installed: 0]
2023-12-13T05:10:49.277Z [Modules] Module update available: discord_spellcheck@1 [installed: 0]
2023-12-13T05:10:49.277Z [Modules] Module update available: discord_utils@1 [installed: 0]
2023-12-13T05:10:49.277Z [Modules] Module update available: discord_voice@1 [installed: 0]
2023-12-13T05:10:49.278Z [Modules] Fetching discord_desktop_core@1 from https://discord.com/api/modules/stable/discord_desktop_core/1
2023-12-13T05:10:49.278Z [Modules] Streaming discord_desktop_core@1 to /home/vrivera/.config/discord/0.0.38/modules/pending/discord_desktop_core-1.zip
2023-12-13T05:10:49.716Z [Modules] Streaming discord_desktop_core@1 to /home/vrivera/.config/discord/0.0.38/modules/pending/discord_desktop_core-1.zip: 1%
2023-12-13T05:10:49.724Z [Modules] Streaming discord_desktop_core@1 to /home/vrivera/.config/discord/0.0.38/modules/pending/discord_desktop_core-1.zip: 2%
2023-12-13T05:10:49.736Z [Modules] Streaming discord_desktop_core@1 to /home/vrivera/.config/discord/0.0.38/modules/pending/discord_desktop_core-1.zip: 3%
2023-12-13T05:10:49.748Z [Modules] Streaming discord_desktop_core@1 to /home/vrivera/.config/discord/0.0.38/modules/pending/discord_desktop_core-1.zip: 5%
2023-12-13T05:10:49.756Z [Modules] Streaming discord_desktop_core@1 to /home/vrivera/.config/discord/0.0.38/modules/pending/discord_desktop_core-1.zip: 8%
2023-12-13T05:10:49.759Z [Modules] Streaming discord_desktop_core@1 to /home/vrivera/.config/discord/0.0.38/modules/pending/discord_desktop_core-1.zip: 9%
2023-12-13T05:10:49.765Z [Modules] Streaming discord_desktop_core@1 to /home/vrivera/.config/discord/0.0.38/modules/pending/discord_desktop_core-1.zip: 12%
2023-12-13T05:10:49.768Z [Modules] Streaming discord_desktop_core@1 to /home/vrivera/.config/discord/0.0.38/modules/pending/discord_desktop_core-1.zip: 15%
2023-12-13T05:10:49.772Z [Modules] Streaming discord_desktop_core@1 to /home/vrivera/.config/discord/0.0.38/modules/pending/discord_desktop_core-1.zip: 18%
2023-12-13T05:10:49.774Z [Modules] Streaming discord_desktop_core@1 to /home/vrivera/.config/discord/0.0.38/modules/pending/discord_desktop_core-1.zip: 19%
2023-12-13T05:10:49.776Z [Modules] Streaming discord_desktop_core@1 to /home/vrivera/.config/discord/0.0.38/modules/pending/discord_desktop_core-1.zip: 22%
2023-12-13T05:10:49.779Z [Modules] Streaming discord_desktop_core@1 to /home/vrivera/.config/discord/0.0.38/modules/pending/discord_desktop_core-1.zip: 24%
2023-12-13T05:10:49.781Z [Modules] Streaming discord_desktop_core@1 to /home/vrivera/.config/discord/0.0.38/modules/pending/discord_desktop_core-1.zip: 27%
2023-12-13T05:10:49.784Z [Modules] Streaming discord_desktop_core@1 to /home/vrivera/.config/discord/0.0.38/modules/pending/discord_desktop_core-1.zip: 29%
2023-12-13T05:10:49.787Z [Modules] Streaming discord_desktop_core@1 to /home/vrivera/.config/discord/0.0.38/modules/pending/discord_desktop_core-1.zip: 31%
2023-12-13T05:10:49.789Z [Modules] Streaming discord_desktop_core@1 to /home/vrivera/.config/discord/0.0.38/modules/pending/discord_desktop_core-1.zip: 33%
2023-12-13T05:10:49.790Z [Modules] Streaming discord_desktop_core@1 to /home/vrivera/.config/discord/0.0.38/modules/pending/discord_desktop_core-1.zip: 36%
2023-12-13T05:10:49.793Z [Modules] Streaming discord_desktop_core@1 to /home/vrivera/.config/discord/0.0.38/modules/pending/discord_desktop_core-1.zip: 39%
2023-12-13T05:10:49.794Z [Modules] Streaming discord_desktop_core@1 to /home/vrivera/.config/discord/0.0.38/modules/pending/discord_desktop_core-1.zip: 40%
2023-12-13T05:10:49.796Z [Modules] Streaming discord_desktop_core@1 to /home/vrivera/.config/discord/0.0.38/modules/pending/discord_desktop_core-1.zip: 44%
2023-12-13T05:10:49.797Z [Modules] Streaming discord_desktop_core@1 to /home/vrivera/.config/discord/0.0.38/modules/pending/discord_desktop_core-1.zip: 47%
2023-12-13T05:10:49.798Z [Modules] Streaming discord_desktop_core@1 to /home/vrivera/.config/discord/0.0.38/modules/pending/discord_desktop_core-1.zip: 48%
2023-12-13T05:10:49.799Z [Modules] Streaming discord_desktop_core@1 to /home/vrivera/.config/discord/0.0.38/modules/pending/discord_desktop_core-1.zip: 51%
2023-12-13T05:10:49.801Z [Modules] Streaming discord_desktop_core@1 to /home/vrivera/.config/discord/0.0.38/modules/pending/discord_desktop_core-1.zip: 52%
2023-12-13T05:10:49.803Z [Modules] Streaming discord_desktop_core@1 to /home/vrivera/.config/discord/0.0.38/modules/pending/discord_desktop_core-1.zip: 55%
2023-12-13T05:10:49.803Z [Modules] Streaming discord_desktop_core@1 to /home/vrivera/.config/discord/0.0.38/modules/pending/discord_desktop_core-1.zip: 57%
2023-12-13T05:10:49.804Z [Modules] Streaming discord_desktop_core@1 to /home/vrivera/.config/discord/0.0.38/modules/pending/discord_desktop_core-1.zip: 60%
2023-12-13T05:10:49.808Z [Modules] Streaming discord_desktop_core@1 to /home/vrivera/.config/discord/0.0.38/modules/pending/discord_desktop_core-1.zip: 63%
2023-12-13T05:10:49.809Z [Modules] Streaming discord_desktop_core@1 to /home/vrivera/.config/discord/0.0.38/modules/pending/discord_desktop_core-1.zip: 65%
2023-12-13T05:10:49.811Z [Modules] Streaming discord_desktop_core@1 to /home/vrivera/.config/discord/0.0.38/modules/pending/discord_desktop_core-1.zip: 68%
2023-12-13T05:10:49.812Z [Modules] Streaming discord_desktop_core@1 to /home/vrivera/.config/discord/0.0.38/modules/pending/discord_desktop_core-1.zip: 71%
2023-12-13T05:10:49.813Z [Modules] Streaming discord_desktop_core@1 to /home/vrivera/.config/discord/0.0.38/modules/pending/discord_desktop_core-1.zip: 73%
2023-12-13T05:10:49.814Z [Modules] Streaming discord_desktop_core@1 to /home/vrivera/.config/discord/0.0.38/modules/pending/discord_desktop_core-1.zip: 76%
2023-12-13T05:10:49.817Z [Modules] Streaming discord_desktop_core@1 to /home/vrivera/.config/discord/0.0.38/modules/pending/discord_desktop_core-1.zip: 77%
2023-12-13T05:10:49.818Z [Modules] Streaming discord_desktop_core@1 to /home/vrivera/.config/discord/0.0.38/modules/pending/discord_desktop_core-1.zip: 78%
2023-12-13T05:10:49.823Z [Modules] Streaming discord_desktop_core@1 to /home/vrivera/.config/discord/0.0.38/modules/pending/discord_desktop_core-1.zip: 79%
2023-12-13T05:10:49.824Z [Modules] Streaming discord_desktop_core@1 to /home/vrivera/.config/discord/0.0.38/modules/pending/discord_desktop_core-1.zip: 82%
2023-12-13T05:10:49.826Z [Modules] Streaming discord_desktop_core@1 to /home/vrivera/.config/discord/0.0.38/modules/pending/discord_desktop_core-1.zip: 83%
2023-12-13T05:10:49.827Z [Modules] Streaming discord_desktop_core@1 to /home/vrivera/.config/discord/0.0.38/modules/pending/discord_desktop_core-1.zip: 86%
2023-12-13T05:10:49.828Z [Modules] Streaming discord_desktop_core@1 to /home/vrivera/.config/discord/0.0.38/modules/pending/discord_desktop_core-1.zip: 87%
2023-12-13T05:10:49.829Z [Modules] Streaming discord_desktop_core@1 to /home/vrivera/.config/discord/0.0.38/modules/pending/discord_desktop_core-1.zip: 90%
2023-12-13T05:10:49.830Z [Modules] Streaming discord_desktop_core@1 to /home/vrivera/.config/discord/0.0.38/modules/pending/discord_desktop_core-1.zip: 91%
2023-12-13T05:10:49.831Z [Modules] Streaming discord_desktop_core@1 to /home/vrivera/.config/discord/0.0.38/modules/pending/discord_desktop_core-1.zip: 94%
2023-12-13T05:10:49.831Z [Modules] Streaming discord_desktop_core@1 to /home/vrivera/.config/discord/0.0.38/modules/pending/discord_desktop_core-1.zip: 95%
2023-12-13T05:10:49.834Z [Modules] Streaming discord_desktop_core@1 to /home/vrivera/.config/discord/0.0.38/modules/pending/discord_desktop_core-1.zip: 98%
2023-12-13T05:10:49.835Z [Modules] Streaming discord_desktop_core@1 to /home/vrivera/.config/discord/0.0.38/modules/pending/discord_desktop_core-1.zip: 100%
2023-12-13T05:10:49.837Z [Modules] Fetching discord_erlpack@1 from https://discord.com/api/modules/stable/discord_erlpack/1
2023-12-13T05:10:49.837Z [Modules] Streaming discord_erlpack@1 to /home/vrivera/.config/discord/0.0.38/modules/pending/discord_erlpack-1.zip
2023-12-13T05:10:50.127Z [Modules] Streaming discord_erlpack@1 to /home/vrivera/.config/discord/0.0.38/modules/pending/discord_erlpack-1.zip: 3%
2023-12-13T05:10:50.128Z [Modules] Streaming discord_erlpack@1 to /home/vrivera/.config/discord/0.0.38/modules/pending/discord_erlpack-1.zip: 5%
2023-12-13T05:10:50.129Z [Modules] Streaming discord_erlpack@1 to /home/vrivera/.config/discord/0.0.38/modules/pending/discord_erlpack-1.zip: 9%
2023-12-13T05:10:50.130Z [Modules] Streaming discord_erlpack@1 to /home/vrivera/.config/discord/0.0.38/modules/pending/discord_erlpack-1.zip: 10%
2023-12-13T05:10:50.132Z [Modules] Streaming discord_erlpack@1 to /home/vrivera/.config/discord/0.0.38/modules/pending/discord_erlpack-1.zip: 13%
2023-12-13T05:10:50.133Z [Modules] Streaming discord_erlpack@1 to /home/vrivera/.config/discord/0.0.38/modules/pending/discord_erlpack-1.zip: 14%
2023-12-13T05:10:50.134Z [Modules] Streaming discord_erlpack@1 to /home/vrivera/.config/discord/0.0.38/modules/pending/discord_erlpack-1.zip: 17%
2023-12-13T05:10:50.135Z [Modules] Streaming discord_erlpack@1 to /home/vrivera/.config/discord/0.0.38/modules/pending/discord_erlpack-1.zip: 19%
2023-12-13T05:10:50.136Z [Modules] Streaming discord_erlpack@1 to /home/vrivera/.config/discord/0.0.38/modules/pending/discord_erlpack-1.zip: 23%
2023-12-13T05:10:50.138Z [Modules] Streaming discord_erlpack@1 to /home/vrivera/.config/discord/0.0.38/modules/pending/discord_erlpack-1.zip: 27%
2023-12-13T05:10:50.139Z [Modules] Streaming discord_erlpack@1 to /home/vrivera/.config/discord/0.0.38/modules/pending/discord_erlpack-1.zip: 29%
2023-12-13T05:10:50.141Z [Modules] Streaming discord_erlpack@1 to /home/vrivera/.config/discord/0.0.38/modules/pending/discord_erlpack-1.zip: 32%
2023-12-13T05:10:50.142Z [Modules] Streaming discord_erlpack@1 to /home/vrivera/.config/discord/0.0.38/modules/pending/discord_erlpack-1.zip: 33%
2023-12-13T05:10:50.144Z [Modules] Streaming discord_erlpack@1 to /home/vrivera/.config/discord/0.0.38/modules/pending/discord_erlpack-1.zip: 36%
2023-12-13T05:10:50.145Z [Modules] Streaming discord_erlpack@1 to /home/vrivera/.config/discord/0.0.38/modules/pending/discord_erlpack-1.zip: 38%
2023-12-13T05:10:50.146Z [Modules] Streaming discord_erlpack@1 to /home/vrivera/.config/discord/0.0.38/modules/pending/discord_erlpack-1.zip: 41%
2023-12-13T05:10:50.147Z [Modules] Streaming discord_erlpack@1 to /home/vrivera/.config/discord/0.0.38/modules/pending/discord_erlpack-1.zip: 42%
2023-12-13T05:10:50.149Z [Modules] Streaming discord_erlpack@1 to /home/vrivera/.config/discord/0.0.38/modules/pending/discord_erlpack-1.zip: 46%
2023-12-13T05:10:50.150Z [Modules] Streaming discord_erlpack@1 to /home/vrivera/.config/discord/0.0.38/modules/pending/discord_erlpack-1.zip: 47%
2023-12-13T05:10:50.151Z [Modules] Streaming discord_erlpack@1 to /home/vrivera/.config/discord/0.0.38/modules/pending/discord_erlpack-1.zip: 50%
2023-12-13T05:10:50.152Z [Modules] Streaming discord_erlpack@1 to /home/vrivera/.config/discord/0.0.38/modules/pending/discord_erlpack-1.zip: 52%
2023-12-13T05:10:50.153Z [Modules] Streaming discord_erlpack@1 to /home/vrivera/.config/discord/0.0.38/modules/pending/discord_erlpack-1.zip: 55%
2023-12-13T05:10:50.154Z [Modules] Streaming discord_erlpack@1 to /home/vrivera/.config/discord/0.0.38/modules/pending/discord_erlpack-1.zip: 56%
2023-12-13T05:10:50.155Z [Modules] Streaming discord_erlpack@1 to /home/vrivera/.config/discord/0.0.38/modules/pending/discord_erlpack-1.zip: 59%
2023-12-13T05:10:50.156Z [Modules] Streaming discord_erlpack@1 to /home/vrivera/.config/discord/0.0.38/modules/pending/discord_erlpack-1.zip: 60%
2023-12-13T05:10:50.159Z [Modules] Streaming discord_erlpack@1 to /home/vrivera/.config/discord/0.0.38/modules/pending/discord_erlpack-1.zip: 64%
2023-12-13T05:10:50.160Z [Modules] Streaming discord_erlpack@1 to /home/vrivera/.config/discord/0.0.38/modules/pending/discord_erlpack-1.zip: 65%
2023-12-13T05:10:50.161Z [Modules] Streaming discord_erlpack@1 to /home/vrivera/.config/discord/0.0.38/modules/pending/discord_erlpack-1.zip: 69%
2023-12-13T05:10:50.161Z [Modules] Streaming discord_erlpack@1 to /home/vrivera/.config/discord/0.0.38/modules/pending/discord_erlpack-1.zip: 70%
2023-12-13T05:10:50.163Z [Modules] Streaming discord_erlpack@1 to /home/vrivera/.config/discord/0.0.38/modules/pending/discord_erlpack-1.zip: 73%
2023-12-13T05:10:50.164Z [Modules] Streaming discord_erlpack@1 to /home/vrivera/.config/discord/0.0.38/modules/pending/discord_erlpack-1.zip: 75%
2023-12-13T05:10:50.165Z [Modules] Streaming discord_erlpack@1 to /home/vrivera/.config/discord/0.0.38/modules/pending/discord_erlpack-1.zip: 78%
2023-12-13T05:10:50.166Z [Modules] Streaming discord_erlpack@1 to /home/vrivera/.config/discord/0.0.38/modules/pending/discord_erlpack-1.zip: 79%
2023-12-13T05:10:50.167Z [Modules] Streaming discord_erlpack@1 to /home/vrivera/.config/discord/0.0.38/modules/pending/discord_erlpack-1.zip: 82%
2023-12-13T05:10:50.168Z [Modules] Streaming discord_erlpack@1 to /home/vrivera/.config/discord/0.0.38/modules/pending/discord_erlpack-1.zip: 83%
2023-12-13T05:10:50.170Z [Modules] Streaming discord_erlpack@1 to /home/vrivera/.config/discord/0.0.38/modules/pending/discord_erlpack-1.zip: 87%
2023-12-13T05:10:50.170Z [Modules] Streaming discord_erlpack@1 to /home/vrivera/.config/discord/0.0.38/modules/pending/discord_erlpack-1.zip: 88%
2023-12-13T05:10:50.173Z [Modules] Streaming discord_erlpack@1 to /home/vrivera/.config/discord/0.0.38/modules/pending/discord_erlpack-1.zip: 92%
2023-12-13T05:10:50.173Z [Modules] Streaming discord_erlpack@1 to /home/vrivera/.config/discord/0.0.38/modules/pending/discord_erlpack-1.zip: 93%
2023-12-13T05:10:50.176Z [Modules] Streaming discord_erlpack@1 to /home/vrivera/.config/discord/0.0.38/modules/pending/discord_erlpack-1.zip: 96%
2023-12-13T05:10:50.178Z [Modules] Streaming discord_erlpack@1 to /home/vrivera/.config/discord/0.0.38/modules/pending/discord_erlpack-1.zip: 100%
2023-12-13T05:10:50.180Z [Modules] Fetching discord_spellcheck@1 from https://discord.com/api/modules/stable/discord_spellcheck/1
2023-12-13T05:10:50.180Z [Modules] Streaming discord_spellcheck@1 to /home/vrivera/.config/discord/0.0.38/modules/pending/discord_spellcheck-1.zip
2023-12-13T05:10:50.546Z [Modules] Streaming discord_spellcheck@1 to /home/vrivera/.config/discord/0.0.38/modules/pending/discord_spellcheck-1.zip: 1%
2023-12-13T05:10:50.551Z [Modules] Streaming discord_spellcheck@1 to /home/vrivera/.config/discord/0.0.38/modules/pending/discord_spellcheck-1.zip: 2%
2023-12-13T05:10:50.552Z [Modules] Streaming discord_spellcheck@1 to /home/vrivera/.config/discord/0.0.38/modules/pending/discord_spellcheck-1.zip: 3%
2023-12-13T05:10:50.555Z [Modules] Streaming discord_spellcheck@1 to /home/vrivera/.config/discord/0.0.38/modules/pending/discord_spellcheck-1.zip: 4%
2023-12-13T05:10:50.558Z [Modules] Streaming discord_spellcheck@1 to /home/vrivera/.config/discord/0.0.38/modules/pending/discord_spellcheck-1.zip: 5%
2023-12-13T05:10:50.561Z [Modules] Streaming discord_spellcheck@1 to /home/vrivera/.config/discord/0.0.38/modules/pending/discord_spellcheck-1.zip: 6%
2023-12-13T05:10:50.563Z [Modules] Streaming discord_spellcheck@1 to /home/vrivera/.config/discord/0.0.38/modules/pending/discord_spellcheck-1.zip: 7%
2023-12-13T05:10:50.566Z [Modules] Streaming discord_spellcheck@1 to /home/vrivera/.config/discord/0.0.38/modules/pending/discord_spellcheck-1.zip: 8%
2023-12-13T05:10:50.569Z [Modules] Streaming discord_spellcheck@1 to /home/vrivera/.config/discord/0.0.38/modules/pending/discord_spellcheck-1.zip: 9%
2023-12-13T05:10:50.572Z [Modules] Streaming discord_spellcheck@1 to /home/vrivera/.config/discord/0.0.38/modules/pending/discord_spellcheck-1.zip: 10%
2023-12-13T05:10:50.574Z [Modules] Streaming discord_spellcheck@1 to /home/vrivera/.config/discord/0.0.38/modules/pending/discord_spellcheck-1.zip: 11%
2023-12-13T05:10:50.577Z [Modules] Streaming discord_spellcheck@1 to /home/vrivera/.config/discord/0.0.38/modules/pending/discord_spellcheck-1.zip: 12%
2023-12-13T05:10:50.580Z [Modules] Streaming discord_spellcheck@1 to /home/vrivera/.config/discord/0.0.38/modules/pending/discord_spellcheck-1.zip: 13%
2023-12-13T05:10:50.584Z [Modules] Streaming discord_spellcheck@1 to /home/vrivera/.config/discord/0.0.38/modules/pending/discord_spellcheck-1.zip: 14%
2023-12-13T05:10:50.586Z [Modules] Streaming discord_spellcheck@1 to /home/vrivera/.config/discord/0.0.38/modules/pending/discord_spellcheck-1.zip: 15%
2023-12-13T05:10:50.589Z [Modules] Streaming discord_spellcheck@1 to /home/vrivera/.config/discord/0.0.38/modules/pending/discord_spellcheck-1.zip: 16%
2023-12-13T05:10:50.592Z [Modules] Streaming discord_spellcheck@1 to /home/vrivera/.config/discord/0.0.38/modules/pending/discord_spellcheck-1.zip: 17%
2023-12-13T05:10:50.595Z [Modules] Streaming discord_spellcheck@1 to /home/vrivera/.config/discord/0.0.38/modules/pending/discord_spellcheck-1.zip: 18%
2023-12-13T05:10:50.597Z [Modules] Streaming discord_spellcheck@1 to /home/vrivera/.config/discord/0.0.38/modules/pending/discord_spellcheck-1.zip: 19%
2023-12-13T05:10:50.602Z [Modules] Streaming discord_spellcheck@1 to /home/vrivera/.config/discord/0.0.38/modules/pending/discord_spellcheck-1.zip: 20%
2023-12-13T05:10:50.604Z [Modules] Streaming discord_spellcheck@1 to /home/vrivera/.config/discord/0.0.38/modules/pending/discord_spellcheck-1.zip: 21%
2023-12-13T05:10:50.606Z [Modules] Streaming discord_spellcheck@1 to /home/vrivera/.config/discord/0.0.38/modules/pending/discord_spellcheck-1.zip: 22%
2023-12-13T05:10:50.609Z [Modules] Streaming discord_spellcheck@1 to /home/vrivera/.config/discord/0.0.38/modules/pending/discord_spellcheck-1.zip: 23%
2023-12-13T05:10:50.611Z [Modules] Streaming discord_spellcheck@1 to /home/vrivera/.config/discord/0.0.38/modules/pending/discord_spellcheck-1.zip: 24%
2023-12-13T05:10:50.614Z [Modules] Streaming discord_spellcheck@1 to /home/vrivera/.config/discord/0.0.38/modules/pending/discord_spellcheck-1.zip: 25%
2023-12-13T05:10:50.617Z [Modules] Streaming discord_spellcheck@1 to /home/vrivera/.config/discord/0.0.38/modules/pending/discord_spellcheck-1.zip: 26%
2023-12-13T05:10:50.621Z [Modules] Streaming discord_spellcheck@1 to /home/vrivera/.config/discord/0.0.38/modules/pending/discord_spellcheck-1.zip: 27%
2023-12-13T05:10:50.624Z [Modules] Streaming discord_spellcheck@1 to /home/vrivera/.config/discord/0.0.38/modules/pending/discord_spellcheck-1.zip: 28%
2023-12-13T05:10:50.627Z [Modules] Streaming discord_spellcheck@1 to /home/vrivera/.config/discord/0.0.38/modules/pending/discord_spellcheck-1.zip: 29%
2023-12-13T05:10:50.629Z [Modules] Streaming discord_spellcheck@1 to /home/vrivera/.config/discord/0.0.38/modules/pending/discord_spellcheck-1.zip: 30%
2023-12-13T05:10:50.632Z [Modules] Streaming discord_spellcheck@1 to /home/vrivera/.config/discord/0.0.38/modules/pending/discord_spellcheck-1.zip: 31%
2023-12-13T05:10:50.634Z [Modules] Streaming discord_spellcheck@1 to /home/vrivera/.config/discord/0.0.38/modules/pending/discord_spellcheck-1.zip: 32%
2023-12-13T05:10:50.636Z [Modules] Streaming discord_spellcheck@1 to /home/vrivera/.config/discord/0.0.38/modules/pending/discord_spellcheck-1.zip: 33%
2023-12-13T05:10:50.642Z [Modules] Streaming discord_spellcheck@1 to /home/vrivera/.config/discord/0.0.38/modules/pending/discord_spellcheck-1.zip: 34%
2023-12-13T05:10:50.644Z [Modules] Streaming discord_spellcheck@1 to /home/vrivera/.config/discord/0.0.38/modules/pending/discord_spellcheck-1.zip: 35%
2023-12-13T05:10:50.646Z [Modules] Streaming discord_spellcheck@1 to /home/vrivera/.config/discord/0.0.38/modules/pending/discord_spellcheck-1.zip: 36%
2023-12-13T05:10:50.649Z [Modules] Streaming discord_spellcheck@1 to /home/vrivera/.config/discord/0.0.38/modules/pending/discord_spellcheck-1.zip: 37%
2023-12-13T05:10:50.651Z [Modules] Streaming discord_spellcheck@1 to /home/vrivera/.config/discord/0.0.38/modules/pending/discord_spellcheck-1.zip: 38%
2023-12-13T05:10:50.653Z [Modules] Streaming discord_spellcheck@1 to /home/vrivera/.config/discord/0.0.38/modules/pending/discord_spellcheck-1.zip: 39%
2023-12-13T05:10:50.659Z [Modules] Streaming discord_spellcheck@1 to /home/vrivera/.config/discord/0.0.38/modules/pending/discord_spellcheck-1.zip: 40%
2023-12-13T05:10:50.661Z [Modules] Streaming discord_spellcheck@1 to /home/vrivera/.config/discord/0.0.38/modules/pending/discord_spellcheck-1.zip: 41%
2023-12-13T05:10:50.663Z [Modules] Streaming discord_spellcheck@1 to /home/vrivera/.config/discord/0.0.38/modules/pending/discord_spellcheck-1.zip: 42%
2023-12-13T05:10:50.665Z [Modules] Streaming discord_spellcheck@1 to /home/vrivera/.config/discord/0.0.38/modules/pending/discord_spellcheck-1.zip: 43%
2023-12-13T05:10:50.668Z [Modules] Streaming discord_spellcheck@1 to /home/vrivera/.config/discord/0.0.38/modules/pending/discord_spellcheck-1.zip: 44%
2023-12-13T05:10:50.670Z [Modules] Streaming discord_spellcheck@1 to /home/vrivera/.config/discord/0.0.38/modules/pending/discord_spellcheck-1.zip: 45%
2023-12-13T05:10:50.676Z [Modules] Streaming discord_spellcheck@1 to /home/vrivera/.config/discord/0.0.38/modules/pending/discord_spellcheck-1.zip: 46%
2023-12-13T05:10:50.678Z [Modules] Streaming discord_spellcheck@1 to /home/vrivera/.config/discord/0.0.38/modules/pending/discord_spellcheck-1.zip: 47%
2023-12-13T05:10:50.681Z [Modules] Streaming discord_spellcheck@1 to /home/vrivera/.config/discord/0.0.38/modules/pending/discord_spellcheck-1.zip: 48%
2023-12-13T05:10:50.683Z [Modules] Streaming discord_spellcheck@1 to /home/vrivera/.config/discord/0.0.38/modules/pending/discord_spellcheck-1.zip: 49%
2023-12-13T05:10:50.685Z [Modules] Streaming discord_spellcheck@1 to /home/vrivera/.config/discord/0.0.38/modules/pending/discord_spellcheck-1.zip: 50%
2023-12-13T05:10:50.687Z [Modules] Streaming discord_spellcheck@1 to /home/vrivera/.config/discord/0.0.38/modules/pending/discord_spellcheck-1.zip: 51%
2023-12-13T05:10:50.690Z [Modules] Streaming discord_spellcheck@1 to /home/vrivera/.config/discord/0.0.38/modules/pending/discord_spellcheck-1.zip: 52%
2023-12-13T05:10:50.695Z [Modules] Streaming discord_spellcheck@1 to /home/vrivera/.config/discord/0.0.38/modules/pending/discord_spellcheck-1.zip: 53%
2023-12-13T05:10:50.697Z [Modules] Streaming discord_spellcheck@1 to /home/vrivera/.config/discord/0.0.38/modules/pending/discord_spellcheck-1.zip: 54%
2023-12-13T05:10:50.700Z [Modules] Streaming discord_spellcheck@1 to /home/vrivera/.config/discord/0.0.38/modules/pending/discord_spellcheck-1.zip: 55%
2023-12-13T05:10:50.702Z [Modules] Streaming discord_spellcheck@1 to /home/vrivera/.config/discord/0.0.38/modules/pending/discord_spellcheck-1.zip: 56%
2023-12-13T05:10:50.704Z [Modules] Streaming discord_spellcheck@1 to /home/vrivera/.config/discord/0.0.38/modules/pending/discord_spellcheck-1.zip: 57%
2023-12-13T05:10:50.707Z [Modules] Streaming discord_spellcheck@1 to /home/vrivera/.config/discord/0.0.38/modules/pending/discord_spellcheck-1.zip: 58%
2023-12-13T05:10:50.712Z [Modules] Streaming discord_spellcheck@1 to /home/vrivera/.config/discord/0.0.38/modules/pending/discord_spellcheck-1.zip: 59%
2023-12-13T05:10:50.714Z [Modules] Streaming discord_spellcheck@1 to /home/vrivera/.config/discord/0.0.38/modules/pending/discord_spellcheck-1.zip: 60%
2023-12-13T05:10:50.717Z [Modules] Streaming discord_spellcheck@1 to /home/vrivera/.config/discord/0.0.38/modules/pending/discord_spellcheck-1.zip: 61%
2023-12-13T05:10:50.719Z [Modules] Streaming discord_spellcheck@1 to /home/vrivera/.config/discord/0.0.38/modules/pending/discord_spellcheck-1.zip: 62%
2023-12-13T05:10:50.721Z [Modules] Streaming discord_spellcheck@1 to /home/vrivera/.config/discord/0.0.38/modules/pending/discord_spellcheck-1.zip: 63%
2023-12-13T05:10:50.724Z [Modules] Streaming discord_spellcheck@1 to /home/vrivera/.config/discord/0.0.38/modules/pending/discord_spellcheck-1.zip: 64%
2023-12-13T05:10:50.726Z [Modules] Streaming discord_spellcheck@1 to /home/vrivera/.config/discord/0.0.38/modules/pending/discord_spellcheck-1.zip: 65%
2023-12-13T05:10:50.731Z [Modules] Streaming discord_spellcheck@1 to /home/vrivera/.config/discord/0.0.38/modules/pending/discord_spellcheck-1.zip: 66%
2023-12-13T05:10:50.734Z [Modules] Streaming discord_spellcheck@1 to /home/vrivera/.config/discord/0.0.38/modules/pending/discord_spellcheck-1.zip: 67%
2023-12-13T05:10:50.736Z [Modules] Streaming discord_spellcheck@1 to /home/vrivera/.config/discord/0.0.38/modules/pending/discord_spellcheck-1.zip: 68%
2023-12-13T05:10:50.738Z [Modules] Streaming discord_spellcheck@1 to /home/vrivera/.config/discord/0.0.38/modules/pending/discord_spellcheck-1.zip: 69%
2023-12-13T05:10:50.742Z [Modules] Streaming discord_spellcheck@1 to /home/vrivera/.config/discord/0.0.38/modules/pending/discord_spellcheck-1.zip: 70%
2023-12-13T05:10:50.747Z [Modules] Streaming discord_spellcheck@1 to /home/vrivera/.config/discord/0.0.38/modules/pending/discord_spellcheck-1.zip: 72%
2023-12-13T05:10:50.751Z [Modules] Streaming discord_spellcheck@1 to /home/vrivera/.config/discord/0.0.38/modules/pending/discord_spellcheck-1.zip: 73%
2023-12-13T05:10:50.753Z [Modules] Streaming discord_spellcheck@1 to /home/vrivera/.config/discord/0.0.38/modules/pending/discord_spellcheck-1.zip: 74%
2023-12-13T05:10:50.756Z [Modules] Streaming discord_spellcheck@1 to /home/vrivera/.config/discord/0.0.38/modules/pending/discord_spellcheck-1.zip: 75%
2023-12-13T05:10:50.759Z [Modules] Streaming discord_spellcheck@1 to /home/vrivera/.config/discord/0.0.38/modules/pending/discord_spellcheck-1.zip: 76%
2023-12-13T05:10:50.761Z [Modules] Streaming discord_spellcheck@1 to /home/vrivera/.config/discord/0.0.38/modules/pending/discord_spellcheck-1.zip: 77%
2023-12-13T05:10:50.763Z [Modules] Streaming discord_spellcheck@1 to /home/vrivera/.config/discord/0.0.38/modules/pending/discord_spellcheck-1.zip: 78%
2023-12-13T05:10:50.768Z [Modules] Streaming discord_spellcheck@1 to /home/vrivera/.config/discord/0.0.38/modules/pending/discord_spellcheck-1.zip: 79%
2023-12-13T05:10:50.770Z [Modules] Streaming discord_spellcheck@1 to /home/vrivera/.config/discord/0.0.38/modules/pending/discord_spellcheck-1.zip: 80%
2023-12-13T05:10:50.772Z [Modules] Streaming discord_spellcheck@1 to /home/vrivera/.config/discord/0.0.38/modules/pending/discord_spellcheck-1.zip: 81%
2023-12-13T05:10:50.775Z [Modules] Streaming discord_spellcheck@1 to /home/vrivera/.config/discord/0.0.38/modules/pending/discord_spellcheck-1.zip: 82%
2023-12-13T05:10:50.778Z [Modules] Streaming discord_spellcheck@1 to /home/vrivera/.config/discord/0.0.38/modules/pending/discord_spellcheck-1.zip: 83%
2023-12-13T05:10:50.780Z [Modules] Streaming discord_spellcheck@1 to /home/vrivera/.config/discord/0.0.38/modules/pending/discord_spellcheck-1.zip: 84%
2023-12-13T05:10:50.782Z [Modules] Streaming discord_spellcheck@1 to /home/vrivera/.config/discord/0.0.38/modules/pending/discord_spellcheck-1.zip: 85%
2023-12-13T05:10:50.786Z [Modules] Streaming discord_spellcheck@1 to /home/vrivera/.config/discord/0.0.38/modules/pending/discord_spellcheck-1.zip: 86%
2023-12-13T05:10:50.789Z [Modules] Streaming discord_spellcheck@1 to /home/vrivera/.config/discord/0.0.38/modules/pending/discord_spellcheck-1.zip: 87%
2023-12-13T05:10:50.792Z [Modules] Streaming discord_spellcheck@1 to /home/vrivera/.config/discord/0.0.38/modules/pending/discord_spellcheck-1.zip: 88%
2023-12-13T05:10:50.795Z [Modules] Streaming discord_spellcheck@1 to /home/vrivera/.config/discord/0.0.38/modules/pending/discord_spellcheck-1.zip: 89%
2023-12-13T05:10:50.797Z [Modules] Streaming discord_spellcheck@1 to /home/vrivera/.config/discord/0.0.38/modules/pending/discord_spellcheck-1.zip: 90%
2023-12-13T05:10:50.800Z [Modules] Streaming discord_spellcheck@1 to /home/vrivera/.config/discord/0.0.38/modules/pending/discord_spellcheck-1.zip: 91%
2023-12-13T05:10:50.802Z [Modules] Streaming discord_spellcheck@1 to /home/vrivera/.config/discord/0.0.38/modules/pending/discord_spellcheck-1.zip: 92%
2023-12-13T05:10:50.807Z [Modules] Streaming discord_spellcheck@1 to /home/vrivera/.config/discord/0.0.38/modules/pending/discord_spellcheck-1.zip: 93%
2023-12-13T05:10:50.810Z [Modules] Streaming discord_spellcheck@1 to /home/vrivera/.config/discord/0.0.38/modules/pending/discord_spellcheck-1.zip: 94%
2023-12-13T05:10:50.812Z [Modules] Streaming discord_spellcheck@1 to /home/vrivera/.config/discord/0.0.38/modules/pending/discord_spellcheck-1.zip: 95%
2023-12-13T05:10:50.815Z [Modules] Streaming discord_spellcheck@1 to /home/vrivera/.config/discord/0.0.38/modules/pending/discord_spellcheck-1.zip: 96%
2023-12-13T05:10:50.817Z [Modules] Streaming discord_spellcheck@1 to /home/vrivera/.config/discord/0.0.38/modules/pending/discord_spellcheck-1.zip: 97%
2023-12-13T05:10:50.820Z [Modules] Streaming discord_spellcheck@1 to /home/vrivera/.config/discord/0.0.38/modules/pending/discord_spellcheck-1.zip: 98%
2023-12-13T05:10:50.825Z [Modules] Streaming discord_spellcheck@1 to /home/vrivera/.config/discord/0.0.38/modules/pending/discord_spellcheck-1.zip: 99%
2023-12-13T05:10:50.826Z [Modules] Streaming discord_spellcheck@1 to /home/vrivera/.config/discord/0.0.38/modules/pending/discord_spellcheck-1.zip: 100%
2023-12-13T05:10:50.828Z [Modules] Fetching discord_utils@1 from https://discord.com/api/modules/stable/discord_utils/1
2023-12-13T05:10:50.829Z [Modules] Streaming discord_utils@1 to /home/vrivera/.config/discord/0.0.38/modules/pending/discord_utils-1.zip
2023-12-13T05:10:51.193Z [Modules] Streaming discord_utils@1 to /home/vrivera/.config/discord/0.0.38/modules/pending/discord_utils-1.zip: 2%
2023-12-13T05:10:51.196Z [Modules] Streaming discord_utils@1 to /home/vrivera/.config/discord/0.0.38/modules/pending/discord_utils-1.zip: 4%
2023-12-13T05:10:51.196Z [Modules] Streaming discord_utils@1 to /home/vrivera/.config/discord/0.0.38/modules/pending/discord_utils-1.zip: 5%
2023-12-13T05:10:51.197Z [Modules] Streaming discord_utils@1 to /home/vrivera/.config/discord/0.0.38/modules/pending/discord_utils-1.zip: 7%
2023-12-13T05:10:51.198Z [Modules] Streaming discord_utils@1 to /home/vrivera/.config/discord/0.0.38/modules/pending/discord_utils-1.zip: 8%
2023-12-13T05:10:51.200Z [Modules] Streaming discord_utils@1 to /home/vrivera/.config/discord/0.0.38/modules/pending/discord_utils-1.zip: 10%
2023-12-13T05:10:51.201Z [Modules] Streaming discord_utils@1 to /home/vrivera/.config/discord/0.0.38/modules/pending/discord_utils-1.zip: 11%
2023-12-13T05:10:51.202Z [Modules] Streaming discord_utils@1 to /home/vrivera/.config/discord/0.0.38/modules/pending/discord_utils-1.zip: 13%
2023-12-13T05:10:51.205Z [Modules] Streaming discord_utils@1 to /home/vrivera/.config/discord/0.0.38/modules/pending/discord_utils-1.zip: 15%
2023-12-13T05:10:51.206Z [Modules] Streaming discord_utils@1 to /home/vrivera/.config/discord/0.0.38/modules/pending/discord_utils-1.zip: 16%
2023-12-13T05:10:51.208Z [Modules] Streaming discord_utils@1 to /home/vrivera/.config/discord/0.0.38/modules/pending/discord_utils-1.zip: 18%
2023-12-13T05:10:51.209Z [Modules] Streaming discord_utils@1 to /home/vrivera/.config/discord/0.0.38/modules/pending/discord_utils-1.zip: 19%
2023-12-13T05:10:51.211Z [Modules] Streaming discord_utils@1 to /home/vrivera/.config/discord/0.0.38/modules/pending/discord_utils-1.zip: 21%
2023-12-13T05:10:51.212Z [Modules] Streaming discord_utils@1 to /home/vrivera/.config/discord/0.0.38/modules/pending/discord_utils-1.zip: 22%
2023-12-13T05:10:51.212Z [Modules] Streaming discord_utils@1 to /home/vrivera/.config/discord/0.0.38/modules/pending/discord_utils-1.zip: 24%
2023-12-13T05:10:51.216Z [Modules] Streaming discord_utils@1 to /home/vrivera/.config/discord/0.0.38/modules/pending/discord_utils-1.zip: 26%
2023-12-13T05:10:51.217Z [Modules] Streaming discord_utils@1 to /home/vrivera/.config/discord/0.0.38/modules/pending/discord_utils-1.zip: 27%
2023-12-13T05:10:51.218Z [Modules] Streaming discord_utils@1 to /home/vrivera/.config/discord/0.0.38/modules/pending/discord_utils-1.zip: 29%
2023-12-13T05:10:51.218Z [Modules] Streaming discord_utils@1 to /home/vrivera/.config/discord/0.0.38/modules/pending/discord_utils-1.zip: 30%
2023-12-13T05:10:51.220Z [Modules] Streaming discord_utils@1 to /home/vrivera/.config/discord/0.0.38/modules/pending/discord_utils-1.zip: 32%
2023-12-13T05:10:51.221Z [Modules] Streaming discord_utils@1 to /home/vrivera/.config/discord/0.0.38/modules/pending/discord_utils-1.zip: 33%
2023-12-13T05:10:51.224Z [Modules] Streaming discord_utils@1 to /home/vrivera/.config/discord/0.0.38/modules/pending/discord_utils-1.zip: 35%
2023-12-13T05:10:51.225Z [Modules] Streaming discord_utils@1 to /home/vrivera/.config/discord/0.0.38/modules/pending/discord_utils-1.zip: 36%
2023-12-13T05:10:51.226Z [Modules] Streaming discord_utils@1 to /home/vrivera/.config/discord/0.0.38/modules/pending/discord_utils-1.zip: 39%
2023-12-13T05:10:51.228Z [Modules] Streaming discord_utils@1 to /home/vrivera/.config/discord/0.0.38/modules/pending/discord_utils-1.zip: 41%
2023-12-13T05:10:51.229Z [Modules] Streaming discord_utils@1 to /home/vrivera/.config/discord/0.0.38/modules/pending/discord_utils-1.zip: 42%
2023-12-13T05:10:51.230Z [Modules] Streaming discord_utils@1 to /home/vrivera/.config/discord/0.0.38/modules/pending/discord_utils-1.zip: 44%
2023-12-13T05:10:51.231Z [Modules] Streaming discord_utils@1 to /home/vrivera/.config/discord/0.0.38/modules/pending/discord_utils-1.zip: 45%
2023-12-13T05:10:51.234Z [Modules] Streaming discord_utils@1 to /home/vrivera/.config/discord/0.0.38/modules/pending/discord_utils-1.zip: 47%
2023-12-13T05:10:51.236Z [Modules] Streaming discord_utils@1 to /home/vrivera/.config/discord/0.0.38/modules/pending/discord_utils-1.zip: 49%
2023-12-13T05:10:51.237Z [Modules] Streaming discord_utils@1 to /home/vrivera/.config/discord/0.0.38/modules/pending/discord_utils-1.zip: 50%
2023-12-13T05:10:51.239Z [Modules] Streaming discord_utils@1 to /home/vrivera/.config/discord/0.0.38/modules/pending/discord_utils-1.zip: 53%
2023-12-13T05:10:51.243Z [Modules] Streaming discord_utils@1 to /home/vrivera/.config/discord/0.0.38/modules/pending/discord_utils-1.zip: 55%
2023-12-13T05:10:51.245Z [Modules] Streaming discord_utils@1 to /home/vrivera/.config/discord/0.0.38/modules/pending/discord_utils-1.zip: 58%
2023-12-13T05:10:51.246Z [Modules] Streaming discord_utils@1 to /home/vrivera/.config/discord/0.0.38/modules/pending/discord_utils-1.zip: 59%
2023-12-13T05:10:51.247Z [Modules] Streaming discord_utils@1 to /home/vrivera/.config/discord/0.0.38/modules/pending/discord_utils-1.zip: 61%
2023-12-13T05:10:51.250Z [Modules] Streaming discord_utils@1 to /home/vrivera/.config/discord/0.0.38/modules/pending/discord_utils-1.zip: 64%
2023-12-13T05:10:51.251Z [Modules] Streaming discord_utils@1 to /home/vrivera/.config/discord/0.0.38/modules/pending/discord_utils-1.zip: 65%
2023-12-13T05:10:51.253Z [Modules] Streaming discord_utils@1 to /home/vrivera/.config/discord/0.0.38/modules/pending/discord_utils-1.zip: 67%
2023-12-13T05:10:51.254Z [Modules] Streaming discord_utils@1 to /home/vrivera/.config/discord/0.0.38/modules/pending/discord_utils-1.zip: 69%
2023-12-13T05:10:51.255Z [Modules] Streaming discord_utils@1 to /home/vrivera/.config/discord/0.0.38/modules/pending/discord_utils-1.zip: 70%
2023-12-13T05:10:51.257Z [Modules] Streaming discord_utils@1 to /home/vrivera/.config/discord/0.0.38/modules/pending/discord_utils-1.zip: 72%
2023-12-13T05:10:51.259Z [Modules] Streaming discord_utils@1 to /home/vrivera/.config/discord/0.0.38/modules/pending/discord_utils-1.zip: 75%
2023-12-13T05:10:51.261Z [Modules] Streaming discord_utils@1 to /home/vrivera/.config/discord/0.0.38/modules/pending/discord_utils-1.zip: 77%
2023-12-13T05:10:51.262Z [Modules] Streaming discord_utils@1 to /home/vrivera/.config/discord/0.0.38/modules/pending/discord_utils-1.zip: 78%
2023-12-13T05:10:51.264Z [Modules] Streaming discord_utils@1 to /home/vrivera/.config/discord/0.0.38/modules/pending/discord_utils-1.zip: 80%
2023-12-13T05:10:51.264Z [Modules] Streaming discord_utils@1 to /home/vrivera/.config/discord/0.0.38/modules/pending/discord_utils-1.zip: 81%
2023-12-13T05:10:51.266Z [Modules] Streaming discord_utils@1 to /home/vrivera/.config/discord/0.0.38/modules/pending/discord_utils-1.zip: 83%
2023-12-13T05:10:51.267Z [Modules] Streaming discord_utils@1 to /home/vrivera/.config/discord/0.0.38/modules/pending/discord_utils-1.zip: 84%
2023-12-13T05:10:51.268Z [Modules] Streaming discord_utils@1 to /home/vrivera/.config/discord/0.0.38/modules/pending/discord_utils-1.zip: 86%
2023-12-13T05:10:51.269Z [Modules] Streaming discord_utils@1 to /home/vrivera/.config/discord/0.0.38/modules/pending/discord_utils-1.zip: 87%
2023-12-13T05:10:51.270Z [Modules] Streaming discord_utils@1 to /home/vrivera/.config/discord/0.0.38/modules/pending/discord_utils-1.zip: 89%
2023-12-13T05:10:51.273Z [Modules] Streaming discord_utils@1 to /home/vrivera/.config/discord/0.0.38/modules/pending/discord_utils-1.zip: 91%
2023-12-13T05:10:51.274Z [Modules] Streaming discord_utils@1 to /home/vrivera/.config/discord/0.0.38/modules/pending/discord_utils-1.zip: 92%
2023-12-13T05:10:51.276Z [Modules] Streaming discord_utils@1 to /home/vrivera/.config/discord/0.0.38/modules/pending/discord_utils-1.zip: 94%
2023-12-13T05:10:51.277Z [Modules] Streaming discord_utils@1 to /home/vrivera/.config/discord/0.0.38/modules/pending/discord_utils-1.zip: 95%
2023-12-13T05:10:51.279Z [Modules] Streaming discord_utils@1 to /home/vrivera/.config/discord/0.0.38/modules/pending/discord_utils-1.zip: 97%
2023-12-13T05:10:51.280Z [Modules] Streaming discord_utils@1 to /home/vrivera/.config/discord/0.0.38/modules/pending/discord_utils-1.zip: 98%
2023-12-13T05:10:51.280Z [Modules] Streaming discord_utils@1 to /home/vrivera/.config/discord/0.0.38/modules/pending/discord_utils-1.zip: 100%
2023-12-13T05:10:51.283Z [Modules] Fetching discord_voice@1 from https://discord.com/api/modules/stable/discord_voice/1
2023-12-13T05:10:51.283Z [Modules] Streaming discord_voice@1 to /home/vrivera/.config/discord/0.0.38/modules/pending/discord_voice-1.zip
2023-12-13T05:10:51.550Z [Modules] Streaming discord_voice@1 to /home/vrivera/.config/discord/0.0.38/modules/pending/discord_voice-1.zip: 1%
2023-12-13T05:10:51.555Z [Modules] Streaming discord_voice@1 to /home/vrivera/.config/discord/0.0.38/modules/pending/discord_voice-1.zip: 2%
2023-12-13T05:10:51.563Z [Modules] Streaming discord_voice@1 to /home/vrivera/.config/discord/0.0.38/modules/pending/discord_voice-1.zip: 3%
2023-12-13T05:10:51.569Z [Modules] Streaming discord_voice@1 to /home/vrivera/.config/discord/0.0.38/modules/pending/discord_voice-1.zip: 4%
2023-12-13T05:10:51.576Z [Modules] Streaming discord_voice@1 to /home/vrivera/.config/discord/0.0.38/modules/pending/discord_voice-1.zip: 5%
2023-12-13T05:10:51.584Z [Modules] Streaming discord_voice@1 to /home/vrivera/.config/discord/0.0.38/modules/pending/discord_voice-1.zip: 6%
2023-12-13T05:10:51.593Z [Modules] Streaming discord_voice@1 to /home/vrivera/.config/discord/0.0.38/modules/pending/discord_voice-1.zip: 7%
2023-12-13T05:10:51.600Z [Modules] Streaming discord_voice@1 to /home/vrivera/.config/discord/0.0.38/modules/pending/discord_voice-1.zip: 8%
2023-12-13T05:10:51.606Z [Modules] Streaming discord_voice@1 to /home/vrivera/.config/discord/0.0.38/modules/pending/discord_voice-1.zip: 9%
2023-12-13T05:10:51.611Z [Modules] Streaming discord_voice@1 to /home/vrivera/.config/discord/0.0.38/modules/pending/discord_voice-1.zip: 10%
2023-12-13T05:10:51.618Z [Modules] Streaming discord_voice@1 to /home/vrivera/.config/discord/0.0.38/modules/pending/discord_voice-1.zip: 11%
2023-12-13T05:10:51.626Z [Modules] Streaming discord_voice@1 to /home/vrivera/.config/discord/0.0.38/modules/pending/discord_voice-1.zip: 12%
2023-12-13T05:10:51.634Z [Modules] Streaming discord_voice@1 to /home/vrivera/.config/discord/0.0.38/modules/pending/discord_voice-1.zip: 13%
2023-12-13T05:10:51.642Z [Modules] Streaming discord_voice@1 to /home/vrivera/.config/discord/0.0.38/modules/pending/discord_voice-1.zip: 14%
2023-12-13T05:10:51.649Z [Modules] Streaming discord_voice@1 to /home/vrivera/.config/discord/0.0.38/modules/pending/discord_voice-1.zip: 15%
2023-12-13T05:10:51.657Z [Modules] Streaming discord_voice@1 to /home/vrivera/.config/discord/0.0.38/modules/pending/discord_voice-1.zip: 16%
2023-12-13T05:10:51.662Z [Modules] Streaming discord_voice@1 to /home/vrivera/.config/discord/0.0.38/modules/pending/discord_voice-1.zip: 17%
2023-12-13T05:10:51.669Z [Modules] Streaming discord_voice@1 to /home/vrivera/.config/discord/0.0.38/modules/pending/discord_voice-1.zip: 18%
2023-12-13T05:10:51.676Z [Modules] Streaming discord_voice@1 to /home/vrivera/.config/discord/0.0.38/modules/pending/discord_voice-1.zip: 19%
2023-12-13T05:10:51.684Z [Modules] Streaming discord_voice@1 to /home/vrivera/.config/discord/0.0.38/modules/pending/discord_voice-1.zip: 20%
2023-12-13T05:10:51.691Z [Modules] Streaming discord_voice@1 to /home/vrivera/.config/discord/0.0.38/modules/pending/discord_voice-1.zip: 21%
2023-12-13T05:10:51.698Z [Modules] Streaming discord_voice@1 to /home/vrivera/.config/discord/0.0.38/modules/pending/discord_voice-1.zip: 22%
2023-12-13T05:10:51.705Z [Modules] Streaming discord_voice@1 to /home/vrivera/.config/discord/0.0.38/modules/pending/discord_voice-1.zip: 23%
2023-12-13T05:10:51.710Z [Modules] Streaming discord_voice@1 to /home/vrivera/.config/discord/0.0.38/modules/pending/discord_voice-1.zip: 24%
2023-12-13T05:10:51.717Z [Modules] Streaming discord_voice@1 to /home/vrivera/.config/discord/0.0.38/modules/pending/discord_voice-1.zip: 25%
2023-12-13T05:10:51.725Z [Modules] Streaming discord_voice@1 to /home/vrivera/.config/discord/0.0.38/modules/pending/discord_voice-1.zip: 26%
2023-12-13T05:10:51.733Z [Modules] Streaming discord_voice@1 to /home/vrivera/.config/discord/0.0.38/modules/pending/discord_voice-1.zip: 27%
2023-12-13T05:10:51.740Z [Modules] Streaming discord_voice@1 to /home/vrivera/.config/discord/0.0.38/modules/pending/discord_voice-1.zip: 28%
2023-12-13T05:10:51.749Z [Modules] Streaming discord_voice@1 to /home/vrivera/.config/discord/0.0.38/modules/pending/discord_voice-1.zip: 29%
2023-12-13T05:10:51.756Z [Modules] Streaming discord_voice@1 to /home/vrivera/.config/discord/0.0.38/modules/pending/discord_voice-1.zip: 30%
2023-12-13T05:10:51.761Z [Modules] Streaming discord_voice@1 to /home/vrivera/.config/discord/0.0.38/modules/pending/discord_voice-1.zip: 31%
2023-12-13T05:10:51.768Z [Modules] Streaming discord_voice@1 to /home/vrivera/.config/discord/0.0.38/modules/pending/discord_voice-1.zip: 32%
2023-12-13T05:10:51.776Z [Modules] Streaming discord_voice@1 to /home/vrivera/.config/discord/0.0.38/modules/pending/discord_voice-1.zip: 33%
2023-12-13T05:10:51.783Z [Modules] Streaming discord_voice@1 to /home/vrivera/.config/discord/0.0.38/modules/pending/discord_voice-1.zip: 34%
2023-12-13T05:10:51.790Z [Modules] Streaming discord_voice@1 to /home/vrivera/.config/discord/0.0.38/modules/pending/discord_voice-1.zip: 35%
2023-12-13T05:10:51.797Z [Modules] Streaming discord_voice@1 to /home/vrivera/.config/discord/0.0.38/modules/pending/discord_voice-1.zip: 36%
2023-12-13T05:10:51.803Z [Modules] Streaming discord_voice@1 to /home/vrivera/.config/discord/0.0.38/modules/pending/discord_voice-1.zip: 37%
2023-12-13T05:10:51.810Z [Modules] Streaming discord_voice@1 to /home/vrivera/.config/discord/0.0.38/modules/pending/discord_voice-1.zip: 38%
2023-12-13T05:10:51.816Z [Modules] Streaming discord_voice@1 to /home/vrivera/.config/discord/0.0.38/modules/pending/discord_voice-1.zip: 39%
2023-12-13T05:10:51.822Z [Modules] Streaming discord_voice@1 to /home/vrivera/.config/discord/0.0.38/modules/pending/discord_voice-1.zip: 40%
2023-12-13T05:10:51.830Z [Modules] Streaming discord_voice@1 to /home/vrivera/.config/discord/0.0.38/modules/pending/discord_voice-1.zip: 41%
2023-12-13T05:10:51.838Z [Modules] Streaming discord_voice@1 to /home/vrivera/.config/discord/0.0.38/modules/pending/discord_voice-1.zip: 42%
2023-12-13T05:10:51.845Z [Modules] Streaming discord_voice@1 to /home/vrivera/.config/discord/0.0.38/modules/pending/discord_voice-1.zip: 43%
2023-12-13T05:10:51.852Z [Modules] Streaming discord_voice@1 to /home/vrivera/.config/discord/0.0.38/modules/pending/discord_voice-1.zip: 44%
2023-12-13T05:10:51.859Z [Modules] Streaming discord_voice@1 to /home/vrivera/.config/discord/0.0.38/modules/pending/discord_voice-1.zip: 45%
2023-12-13T05:10:51.866Z [Modules] Streaming discord_voice@1 to /home/vrivera/.config/discord/0.0.38/modules/pending/discord_voice-1.zip: 46%
2023-12-13T05:10:51.873Z [Modules] Streaming discord_voice@1 to /home/vrivera/.config/discord/0.0.38/modules/pending/discord_voice-1.zip: 47%
2023-12-13T05:10:51.879Z [Modules] Streaming discord_voice@1 to /home/vrivera/.config/discord/0.0.38/modules/pending/discord_voice-1.zip: 48%
2023-12-13T05:10:51.887Z [Modules] Streaming discord_voice@1 to /home/vrivera/.config/discord/0.0.38/modules/pending/discord_voice-1.zip: 49%
2023-12-13T05:10:51.896Z [Modules] Streaming discord_voice@1 to /home/vrivera/.config/discord/0.0.38/modules/pending/discord_voice-1.zip: 50%
2023-12-13T05:10:51.903Z [Modules] Streaming discord_voice@1 to /home/vrivera/.config/discord/0.0.38/modules/pending/discord_voice-1.zip: 51%
2023-12-13T05:10:51.909Z [Modules] Streaming discord_voice@1 to /home/vrivera/.config/discord/0.0.38/modules/pending/discord_voice-1.zip: 52%
2023-12-13T05:10:51.915Z [Modules] Streaming discord_voice@1 to /home/vrivera/.config/discord/0.0.38/modules/pending/discord_voice-1.zip: 53%
2023-12-13T05:10:51.922Z [Modules] Streaming discord_voice@1 to /home/vrivera/.config/discord/0.0.38/modules/pending/discord_voice-1.zip: 54%
2023-12-13T05:10:51.930Z [Modules] Streaming discord_voice@1 to /home/vrivera/.config/discord/0.0.38/modules/pending/discord_voice-1.zip: 55%
2023-12-13T05:10:51.937Z [Modules] Streaming discord_voice@1 to /home/vrivera/.config/discord/0.0.38/modules/pending/discord_voice-1.zip: 56%
2023-12-13T05:10:51.945Z [Modules] Streaming discord_voice@1 to /home/vrivera/.config/discord/0.0.38/modules/pending/discord_voice-1.zip: 57%
2023-12-13T05:10:51.952Z [Modules] Streaming discord_voice@1 to /home/vrivera/.config/discord/0.0.38/modules/pending/discord_voice-1.zip: 58%
2023-12-13T05:10:51.961Z [Modules] Streaming discord_voice@1 to /home/vrivera/.config/discord/0.0.38/modules/pending/discord_voice-1.zip: 59%
2023-12-13T05:10:51.965Z [Modules] Streaming discord_voice@1 to /home/vrivera/.config/discord/0.0.38/modules/pending/discord_voice-1.zip: 60%
2023-12-13T05:10:51.973Z [Modules] Streaming discord_voice@1 to /home/vrivera/.config/discord/0.0.38/modules/pending/discord_voice-1.zip: 61%
2023-12-13T05:10:51.980Z [Modules] Streaming discord_voice@1 to /home/vrivera/.config/discord/0.0.38/modules/pending/discord_voice-1.zip: 62%
2023-12-13T05:10:51.987Z [Modules] Streaming discord_voice@1 to /home/vrivera/.config/discord/0.0.38/modules/pending/discord_voice-1.zip: 63%
2023-12-13T05:10:51.994Z [Modules] Streaming discord_voice@1 to /home/vrivera/.config/discord/0.0.38/modules/pending/discord_voice-1.zip: 64%
2023-12-13T05:10:52.001Z [Modules] Streaming discord_voice@1 to /home/vrivera/.config/discord/0.0.38/modules/pending/discord_voice-1.zip: 65%
2023-12-13T05:10:52.008Z [Modules] Streaming discord_voice@1 to /home/vrivera/.config/discord/0.0.38/modules/pending/discord_voice-1.zip: 66%
2023-12-13T05:10:52.014Z [Modules] Streaming discord_voice@1 to /home/vrivera/.config/discord/0.0.38/modules/pending/discord_voice-1.zip: 67%
2023-12-13T05:10:52.020Z [Modules] Streaming discord_voice@1 to /home/vrivera/.config/discord/0.0.38/modules/pending/discord_voice-1.zip: 68%
2023-12-13T05:10:52.027Z [Modules] Streaming discord_voice@1 to /home/vrivera/.config/discord/0.0.38/modules/pending/discord_voice-1.zip: 69%
2023-12-13T05:10:52.034Z [Modules] Streaming discord_voice@1 to /home/vrivera/.config/discord/0.0.38/modules/pending/discord_voice-1.zip: 70%
2023-12-13T05:10:52.040Z [Modules] Streaming discord_voice@1 to /home/vrivera/.config/discord/0.0.38/modules/pending/discord_voice-1.zip: 71%
2023-12-13T05:10:52.047Z [Modules] Streaming discord_voice@1 to /home/vrivera/.config/discord/0.0.38/modules/pending/discord_voice-1.zip: 72%
2023-12-13T05:10:52.054Z [Modules] Streaming discord_voice@1 to /home/vrivera/.config/discord/0.0.38/modules/pending/discord_voice-1.zip: 73%
2023-12-13T05:10:52.063Z [Modules] Streaming discord_voice@1 to /home/vrivera/.config/discord/0.0.38/modules/pending/discord_voice-1.zip: 74%
2023-12-13T05:10:52.069Z [Modules] Streaming discord_voice@1 to /home/vrivera/.config/discord/0.0.38/modules/pending/discord_voice-1.zip: 75%
2023-12-13T05:10:52.076Z [Modules] Streaming discord_voice@1 to /home/vrivera/.config/discord/0.0.38/modules/pending/discord_voice-1.zip: 76%
2023-12-13T05:10:52.082Z [Modules] Streaming discord_voice@1 to /home/vrivera/.config/discord/0.0.38/modules/pending/discord_voice-1.zip: 77%
2023-12-13T05:10:52.088Z [Modules] Streaming discord_voice@1 to /home/vrivera/.config/discord/0.0.38/modules/pending/discord_voice-1.zip: 78%
2023-12-13T05:10:52.095Z [Modules] Streaming discord_voice@1 to /home/vrivera/.config/discord/0.0.38/modules/pending/discord_voice-1.zip: 79%
2023-12-13T05:10:52.102Z [Modules] Streaming discord_voice@1 to /home/vrivera/.config/discord/0.0.38/modules/pending/discord_voice-1.zip: 80%
2023-12-13T05:10:52.110Z [Modules] Streaming discord_voice@1 to /home/vrivera/.config/discord/0.0.38/modules/pending/discord_voice-1.zip: 81%
2023-12-13T05:10:52.117Z [Modules] Streaming discord_voice@1 to /home/vrivera/.config/discord/0.0.38/modules/pending/discord_voice-1.zip: 82%
2023-12-13T05:10:52.122Z [Modules] Streaming discord_voice@1 to /home/vrivera/.config/discord/0.0.38/modules/pending/discord_voice-1.zip: 83%
2023-12-13T05:10:52.130Z [Modules] Streaming discord_voice@1 to /home/vrivera/.config/discord/0.0.38/modules/pending/discord_voice-1.zip: 84%
2023-12-13T05:10:52.137Z [Modules] Streaming discord_voice@1 to /home/vrivera/.config/discord/0.0.38/modules/pending/discord_voice-1.zip: 85%
2023-12-13T05:10:52.145Z [Modules] Streaming discord_voice@1 to /home/vrivera/.config/discord/0.0.38/modules/pending/discord_voice-1.zip: 86%
2023-12-13T05:10:52.151Z [Modules] Streaming discord_voice@1 to /home/vrivera/.config/discord/0.0.38/modules/pending/discord_voice-1.zip: 87%
2023-12-13T05:10:52.159Z [Modules] Streaming discord_voice@1 to /home/vrivera/.config/discord/0.0.38/modules/pending/discord_voice-1.zip: 88%
2023-12-13T05:10:52.167Z [Modules] Streaming discord_voice@1 to /home/vrivera/.config/discord/0.0.38/modules/pending/discord_voice-1.zip: 89%
2023-12-13T05:10:52.177Z [Modules] Streaming discord_voice@1 to /home/vrivera/.config/discord/0.0.38/modules/pending/discord_voice-1.zip: 90%
2023-12-13T05:10:52.185Z [Modules] Streaming discord_voice@1 to /home/vrivera/.config/discord/0.0.38/modules/pending/discord_voice-1.zip: 91%
2023-12-13T05:10:52.192Z [Modules] Streaming discord_voice@1 to /home/vrivera/.config/discord/0.0.38/modules/pending/discord_voice-1.zip: 92%
2023-12-13T05:10:52.200Z [Modules] Streaming discord_voice@1 to /home/vrivera/.config/discord/0.0.38/modules/pending/discord_voice-1.zip: 93%
2023-12-13T05:10:52.208Z [Modules] Streaming discord_voice@1 to /home/vrivera/.config/discord/0.0.38/modules/pending/discord_voice-1.zip: 94%
2023-12-13T05:10:52.245Z [Modules] Streaming discord_voice@1 to /home/vrivera/.config/discord/0.0.38/modules/pending/discord_voice-1.zip: 95%
2023-12-13T05:10:52.251Z [Modules] Streaming discord_voice@1 to /home/vrivera/.config/discord/0.0.38/modules/pending/discord_voice-1.zip: 98%
2023-12-13T05:10:52.252Z [Modules] Streaming discord_voice@1 to /home/vrivera/.config/discord/0.0.38/modules/pending/discord_voice-1.zip: 99%
2023-12-13T05:10:52.253Z [Modules] Streaming discord_voice@1 to /home/vrivera/.config/discord/0.0.38/modules/pending/discord_voice-1.zip: 100%
2023-12-13T05:10:52.254Z [Modules] Finished module downloads. [success: 5] [failure: 0]
2023-12-13T05:10:52.254Z [Modules] Installing updates...
2023-12-13T05:10:52.254Z [Modules] Installing discord_desktop_core@1 from /home/vrivera/.config/discord/0.0.38/modules/pending/discord_desktop_core-1.zip
2023-12-13T05:10:52.336Z [Modules] Installing discord_erlpack@1 from /home/vrivera/.config/discord/0.0.38/modules/pending/discord_erlpack-1.zip
2023-12-13T05:10:52.401Z [Modules] Installing discord_spellcheck@1 from /home/vrivera/.config/discord/0.0.38/modules/pending/discord_spellcheck-1.zip
2023-12-13T05:10:53.238Z [Modules] Installing discord_utils@1 from /home/vrivera/.config/discord/0.0.38/modules/pending/discord_utils-1.zip
2023-12-13T05:10:53.363Z [Modules] Installing discord_voice@1 from /home/vrivera/.config/discord/0.0.38/modules/pending/discord_voice-1.zip
2023-12-13T05:10:54.138Z [Modules] Finished module installations. [success: 5] [failure: 0]
2023-12-13T05:10:54.139Z [Modules] Checking for host updates.
2023-12-13T05:10:54.500Z [Modules] Host is up to date.
2023-12-13T05:10:54.500Z [Modules] Checking for module updates at https://discord.com/api/modules/stable/versions.json
2023-12-13T05:10:54.502Z [Modules] No module updates available.
2023-12-13T05:10:55.799Z [Modules] Starting to install discord_krisp...
2023-12-13T05:10:55.799Z [Modules] Fetching discord_krisp@1 from https://discord.com/api/modules/stable/discord_krisp/1
2023-12-13T05:10:55.800Z [Modules] Streaming discord_krisp@1 to /home/vrivera/.config/discord/0.0.38/modules/pending/discord_krisp-1.zip
2023-12-13T05:10:55.808Z [Modules] Starting to install discord_game_utils...
2023-12-13T05:10:56.122Z [Modules] Streaming discord_krisp@1 to /home/vrivera/.config/discord/0.0.38/modules/pending/discord_krisp-1.zip: 1%
2023-12-13T05:10:56.125Z [Modules] Streaming discord_krisp@1 to /home/vrivera/.config/discord/0.0.38/modules/pending/discord_krisp-1.zip: 2%
2023-12-13T05:10:56.134Z [Modules] Streaming discord_krisp@1 to /home/vrivera/.config/discord/0.0.38/modules/pending/discord_krisp-1.zip: 3%
2023-12-13T05:10:56.141Z [Modules] Streaming discord_krisp@1 to /home/vrivera/.config/discord/0.0.38/modules/pending/discord_krisp-1.zip: 4%
2023-12-13T05:10:56.145Z [Modules] Streaming discord_krisp@1 to /home/vrivera/.config/discord/0.0.38/modules/pending/discord_krisp-1.zip: 5%
2023-12-13T05:10:56.153Z [Modules] Streaming discord_krisp@1 to /home/vrivera/.config/discord/0.0.38/modules/pending/discord_krisp-1.zip: 6%
2023-12-13T05:10:56.159Z [Modules] Streaming discord_krisp@1 to /home/vrivera/.config/discord/0.0.38/modules/pending/discord_krisp-1.zip: 7%
2023-12-13T05:10:56.170Z [Modules] Streaming discord_krisp@1 to /home/vrivera/.config/discord/0.0.38/modules/pending/discord_krisp-1.zip: 8%
2023-12-13T05:10:56.181Z [Modules] Streaming discord_krisp@1 to /home/vrivera/.config/discord/0.0.38/modules/pending/discord_krisp-1.zip: 9%
2023-12-13T05:10:56.185Z [Modules] Streaming discord_krisp@1 to /home/vrivera/.config/discord/0.0.38/modules/pending/discord_krisp-1.zip: 10%
2023-12-13T05:10:56.192Z [Modules] Streaming discord_krisp@1 to /home/vrivera/.config/discord/0.0.38/modules/pending/discord_krisp-1.zip: 11%
2023-12-13T05:10:56.197Z [Modules] Streaming discord_krisp@1 to /home/vrivera/.config/discord/0.0.38/modules/pending/discord_krisp-1.zip: 12%
2023-12-13T05:10:56.205Z [Modules] Streaming discord_krisp@1 to /home/vrivera/.config/discord/0.0.38/modules/pending/discord_krisp-1.zip: 13%
2023-12-13T05:10:56.213Z [Modules] Streaming discord_krisp@1 to /home/vrivera/.config/discord/0.0.38/modules/pending/discord_krisp-1.zip: 14%
2023-12-13T05:10:56.217Z [Modules] Streaming discord_krisp@1 to /home/vrivera/.config/discord/0.0.38/modules/pending/discord_krisp-1.zip: 15%
2023-12-13T05:10:56.225Z [Modules] Streaming discord_krisp@1 to /home/vrivera/.config/discord/0.0.38/modules/pending/discord_krisp-1.zip: 16%
2023-12-13T05:10:56.236Z [Modules] Streaming discord_krisp@1 to /home/vrivera/.config/discord/0.0.38/modules/pending/discord_krisp-1.zip: 17%
2023-12-13T05:10:56.245Z [Modules] Streaming discord_krisp@1 to /home/vrivera/.config/discord/0.0.38/modules/pending/discord_krisp-1.zip: 18%
2023-12-13T05:10:56.256Z [Modules] Streaming discord_krisp@1 to /home/vrivera/.config/discord/0.0.38/modules/pending/discord_krisp-1.zip: 19%
2023-12-13T05:10:56.261Z [Modules] Streaming discord_krisp@1 to /home/vrivera/.config/discord/0.0.38/modules/pending/discord_krisp-1.zip: 20%
2023-12-13T05:10:56.269Z [Modules] Streaming discord_krisp@1 to /home/vrivera/.config/discord/0.0.38/modules/pending/discord_krisp-1.zip: 21%
2023-12-13T05:10:56.274Z [Modules] Streaming discord_krisp@1 to /home/vrivera/.config/discord/0.0.38/modules/pending/discord_krisp-1.zip: 22%
2023-12-13T05:10:56.282Z [Modules] Streaming discord_krisp@1 to /home/vrivera/.config/discord/0.0.38/modules/pending/discord_krisp-1.zip: 23%
2023-12-13T05:10:56.289Z [Modules] Streaming discord_krisp@1 to /home/vrivera/.config/discord/0.0.38/modules/pending/discord_krisp-1.zip: 24%
2023-12-13T05:10:56.295Z [Modules] Streaming discord_krisp@1 to /home/vrivera/.config/discord/0.0.38/modules/pending/discord_krisp-1.zip: 25%
2023-12-13T05:10:56.318Z [Modules] Streaming discord_krisp@1 to /home/vrivera/.config/discord/0.0.38/modules/pending/discord_krisp-1.zip: 26%
2023-12-13T05:10:56.319Z [Modules] Streaming discord_krisp@1 to /home/vrivera/.config/discord/0.0.38/modules/pending/discord_krisp-1.zip: 27%
2023-12-13T05:10:56.319Z [Modules] Streaming discord_krisp@1 to /home/vrivera/.config/discord/0.0.38/modules/pending/discord_krisp-1.zip: 28%
2023-12-13T05:10:56.325Z [Modules] Streaming discord_krisp@1 to /home/vrivera/.config/discord/0.0.38/modules/pending/discord_krisp-1.zip: 29%
2023-12-13T05:10:56.329Z [Modules] Streaming discord_krisp@1 to /home/vrivera/.config/discord/0.0.38/modules/pending/discord_krisp-1.zip: 30%
2023-12-13T05:10:56.336Z [Modules] Streaming discord_krisp@1 to /home/vrivera/.config/discord/0.0.38/modules/pending/discord_krisp-1.zip: 31%
2023-12-13T05:10:56.344Z [Modules] Streaming discord_krisp@1 to /home/vrivera/.config/discord/0.0.38/modules/pending/discord_krisp-1.zip: 32%
2023-12-13T05:10:56.355Z [Modules] Streaming discord_krisp@1 to /home/vrivera/.config/discord/0.0.38/modules/pending/discord_krisp-1.zip: 33%
2023-12-13T05:10:56.382Z [Modules] Streaming discord_krisp@1 to /home/vrivera/.config/discord/0.0.38/modules/pending/discord_krisp-1.zip: 34%
2023-12-13T05:10:56.383Z [Modules] Streaming discord_krisp@1 to /home/vrivera/.config/discord/0.0.38/modules/pending/discord_krisp-1.zip: 35%
2023-12-13T05:10:56.384Z [Modules] Streaming discord_krisp@1 to /home/vrivera/.config/discord/0.0.38/modules/pending/discord_krisp-1.zip: 36%
2023-12-13T05:10:56.384Z [Modules] Streaming discord_krisp@1 to /home/vrivera/.config/discord/0.0.38/modules/pending/discord_krisp-1.zip: 37%
2023-12-13T05:10:56.387Z [Modules] Streaming discord_krisp@1 to /home/vrivera/.config/discord/0.0.38/modules/pending/discord_krisp-1.zip: 38%
2023-12-13T05:10:56.394Z [Modules] Streaming discord_krisp@1 to /home/vrivera/.config/discord/0.0.38/modules/pending/discord_krisp-1.zip: 39%
2023-12-13T05:10:56.399Z [Modules] Streaming discord_krisp@1 to /home/vrivera/.config/discord/0.0.38/modules/pending/discord_krisp-1.zip: 40%
2023-12-13T05:10:56.407Z [Modules] Streaming discord_krisp@1 to /home/vrivera/.config/discord/0.0.38/modules/pending/discord_krisp-1.zip: 41%
2023-12-13T05:10:56.416Z [Modules] Streaming discord_krisp@1 to /home/vrivera/.config/discord/0.0.38/modules/pending/discord_krisp-1.zip: 42%
2023-12-13T05:10:56.434Z [Modules] Streaming discord_krisp@1 to /home/vrivera/.config/discord/0.0.38/modules/pending/discord_krisp-1.zip: 43%
2023-12-13T05:10:56.435Z [Modules] Streaming discord_krisp@1 to /home/vrivera/.config/discord/0.0.38/modules/pending/discord_krisp-1.zip: 44%
2023-12-13T05:10:56.441Z [Modules] Streaming discord_krisp@1 to /home/vrivera/.config/discord/0.0.38/modules/pending/discord_krisp-1.zip: 45%
2023-12-13T05:10:56.445Z [Modules] Streaming discord_krisp@1 to /home/vrivera/.config/discord/0.0.38/modules/pending/discord_krisp-1.zip: 46%
2023-12-13T05:10:56.452Z [Modules] Streaming discord_krisp@1 to /home/vrivera/.config/discord/0.0.38/modules/pending/discord_krisp-1.zip: 47%
2023-12-13T05:10:56.460Z [Modules] Streaming discord_krisp@1 to /home/vrivera/.config/discord/0.0.38/modules/pending/discord_krisp-1.zip: 48%
2023-12-13T05:10:56.467Z [Modules] Streaming discord_krisp@1 to /home/vrivera/.config/discord/0.0.38/modules/pending/discord_krisp-1.zip: 49%
2023-12-13T05:10:56.473Z [Modules] Streaming discord_krisp@1 to /home/vrivera/.config/discord/0.0.38/modules/pending/discord_krisp-1.zip: 50%
2023-12-13T05:10:56.483Z [Modules] Streaming discord_krisp@1 to /home/vrivera/.config/discord/0.0.38/modules/pending/discord_krisp-1.zip: 51%
2023-12-13T05:10:56.489Z [Modules] Streaming discord_krisp@1 to /home/vrivera/.config/discord/0.0.38/modules/pending/discord_krisp-1.zip: 52%
2023-12-13T05:10:56.499Z [Modules] Streaming discord_krisp@1 to /home/vrivera/.config/discord/0.0.38/modules/pending/discord_krisp-1.zip: 53%
2023-12-13T05:10:56.505Z [Modules] Streaming discord_krisp@1 to /home/vrivera/.config/discord/0.0.38/modules/pending/discord_krisp-1.zip: 54%
2023-12-13T05:10:56.513Z [Modules] Streaming discord_krisp@1 to /home/vrivera/.config/discord/0.0.38/modules/pending/discord_krisp-1.zip: 55%
2023-12-13T05:10:56.520Z [Modules] Streaming discord_krisp@1 to /home/vrivera/.config/discord/0.0.38/modules/pending/discord_krisp-1.zip: 56%
2023-12-13T05:10:56.528Z [Modules] Streaming discord_krisp@1 to /home/vrivera/.config/discord/0.0.38/modules/pending/discord_krisp-1.zip: 57%
2023-12-13T05:10:56.533Z [Modules] Streaming discord_krisp@1 to /home/vrivera/.config/discord/0.0.38/modules/pending/discord_krisp-1.zip: 58%
2023-12-13T05:10:56.542Z [Modules] Streaming discord_krisp@1 to /home/vrivera/.config/discord/0.0.38/modules/pending/discord_krisp-1.zip: 59%
2023-12-13T05:10:56.550Z [Modules] Streaming discord_krisp@1 to /home/vrivera/.config/discord/0.0.38/modules/pending/discord_krisp-1.zip: 60%
2023-12-13T05:10:56.561Z [Modules] Streaming discord_krisp@1 to /home/vrivera/.config/discord/0.0.38/modules/pending/discord_krisp-1.zip: 61%
2023-12-13T05:10:56.567Z [Modules] Streaming discord_krisp@1 to /home/vrivera/.config/discord/0.0.38/modules/pending/discord_krisp-1.zip: 62%
2023-12-13T05:10:56.574Z [Modules] Streaming discord_krisp@1 to /home/vrivera/.config/discord/0.0.38/modules/pending/discord_krisp-1.zip: 63%
2023-12-13T05:10:56.579Z [Modules] Streaming discord_krisp@1 to /home/vrivera/.config/discord/0.0.38/modules/pending/discord_krisp-1.zip: 64%
2023-12-13T05:10:56.587Z [Modules] Streaming discord_krisp@1 to /home/vrivera/.config/discord/0.0.38/modules/pending/discord_krisp-1.zip: 65%
2023-12-13T05:10:56.595Z [Modules] Streaming discord_krisp@1 to /home/vrivera/.config/discord/0.0.38/modules/pending/discord_krisp-1.zip: 66%
2023-12-13T05:10:56.601Z [Modules] Streaming discord_krisp@1 to /home/vrivera/.config/discord/0.0.38/modules/pending/discord_krisp-1.zip: 67%
2023-12-13T05:10:56.610Z [Modules] Streaming discord_krisp@1 to /home/vrivera/.config/discord/0.0.38/modules/pending/discord_krisp-1.zip: 68%
2023-12-13T05:10:56.618Z [Modules] Streaming discord_krisp@1 to /home/vrivera/.config/discord/0.0.38/modules/pending/discord_krisp-1.zip: 69%
2023-12-13T05:10:56.626Z [Modules] Streaming discord_krisp@1 to /home/vrivera/.config/discord/0.0.38/modules/pending/discord_krisp-1.zip: 70%
2023-12-13T05:10:56.632Z [Modules] Streaming discord_krisp@1 to /home/vrivera/.config/discord/0.0.38/modules/pending/discord_krisp-1.zip: 71%
2023-12-13T05:10:56.640Z [Modules] Streaming discord_krisp@1 to /home/vrivera/.config/discord/0.0.38/modules/pending/discord_krisp-1.zip: 72%
2023-12-13T05:10:56.647Z [Modules] Streaming discord_krisp@1 to /home/vrivera/.config/discord/0.0.38/modules/pending/discord_krisp-1.zip: 73%
2023-12-13T05:10:56.654Z [Modules] Streaming discord_krisp@1 to /home/vrivera/.config/discord/0.0.38/modules/pending/discord_krisp-1.zip: 74%
2023-12-13T05:10:56.663Z [Modules] Streaming discord_krisp@1 to /home/vrivera/.config/discord/0.0.38/modules/pending/discord_krisp-1.zip: 75%
2023-12-13T05:10:56.670Z [Modules] Streaming discord_krisp@1 to /home/vrivera/.config/discord/0.0.38/modules/pending/discord_krisp-1.zip: 76%
2023-12-13T05:10:56.678Z [Modules] Streaming discord_krisp@1 to /home/vrivera/.config/discord/0.0.38/modules/pending/discord_krisp-1.zip: 77%
2023-12-13T05:10:56.693Z [Modules] Streaming discord_krisp@1 to /home/vrivera/.config/discord/0.0.38/modules/pending/discord_krisp-1.zip: 78%
2023-12-13T05:10:56.694Z [Modules] Streaming discord_krisp@1 to /home/vrivera/.config/discord/0.0.38/modules/pending/discord_krisp-1.zip: 79%
2023-12-13T05:10:56.699Z [Modules] Streaming discord_krisp@1 to /home/vrivera/.config/discord/0.0.38/modules/pending/discord_krisp-1.zip: 80%
2023-12-13T05:10:56.703Z [Modules] Streaming discord_krisp@1 to /home/vrivera/.config/discord/0.0.38/modules/pending/discord_krisp-1.zip: 81%
2023-12-13T05:10:56.711Z [Modules] Streaming discord_krisp@1 to /home/vrivera/.config/discord/0.0.38/modules/pending/discord_krisp-1.zip: 82%
2023-12-13T05:10:56.716Z [Modules] Streaming discord_krisp@1 to /home/vrivera/.config/discord/0.0.38/modules/pending/discord_krisp-1.zip: 83%
2023-12-13T05:10:56.723Z [Modules] Streaming discord_krisp@1 to /home/vrivera/.config/discord/0.0.38/modules/pending/discord_krisp-1.zip: 84%
2023-12-13T05:10:56.731Z [Modules] Streaming discord_krisp@1 to /home/vrivera/.config/discord/0.0.38/modules/pending/discord_krisp-1.zip: 85%
2023-12-13T05:10:56.736Z [Modules] Streaming discord_krisp@1 to /home/vrivera/.config/discord/0.0.38/modules/pending/discord_krisp-1.zip: 86%
2023-12-13T05:10:56.743Z [Modules] Streaming discord_krisp@1 to /home/vrivera/.config/discord/0.0.38/modules/pending/discord_krisp-1.zip: 87%
2023-12-13T05:10:56.749Z [Modules] Streaming discord_krisp@1 to /home/vrivera/.config/discord/0.0.38/modules/pending/discord_krisp-1.zip: 88%
2023-12-13T05:10:56.757Z [Modules] Streaming discord_krisp@1 to /home/vrivera/.config/discord/0.0.38/modules/pending/discord_krisp-1.zip: 89%
2023-12-13T05:10:56.763Z [Modules] Streaming discord_krisp@1 to /home/vrivera/.config/discord/0.0.38/modules/pending/discord_krisp-1.zip: 90%
2023-12-13T05:10:56.771Z [Modules] Streaming discord_krisp@1 to /home/vrivera/.config/discord/0.0.38/modules/pending/discord_krisp-1.zip: 91%
2023-12-13T05:10:56.778Z [Modules] Streaming discord_krisp@1 to /home/vrivera/.config/discord/0.0.38/modules/pending/discord_krisp-1.zip: 92%
2023-12-13T05:10:56.783Z [Modules] Streaming discord_krisp@1 to /home/vrivera/.config/discord/0.0.38/modules/pending/discord_krisp-1.zip: 93%
2023-12-13T05:10:56.791Z [Modules] Streaming discord_krisp@1 to /home/vrivera/.config/discord/0.0.38/modules/pending/discord_krisp-1.zip: 94%
2023-12-13T05:10:56.795Z [Modules] Streaming discord_krisp@1 to /home/vrivera/.config/discord/0.0.38/modules/pending/discord_krisp-1.zip: 95%
2023-12-13T05:10:56.803Z [Modules] Streaming discord_krisp@1 to /home/vrivera/.config/discord/0.0.38/modules/pending/discord_krisp-1.zip: 96%
2023-12-13T05:10:56.810Z [Modules] Streaming discord_krisp@1 to /home/vrivera/.config/discord/0.0.38/modules/pending/discord_krisp-1.zip: 97%
2023-12-13T05:10:56.816Z [Modules] Streaming discord_krisp@1 to /home/vrivera/.config/discord/0.0.38/modules/pending/discord_krisp-1.zip: 98%
2023-12-13T05:10:56.823Z [Modules] Streaming discord_krisp@1 to /home/vrivera/.config/discord/0.0.38/modules/pending/discord_krisp-1.zip: 99%
2023-12-13T05:10:56.828Z [Modules] Streaming discord_krisp@1 to /home/vrivera/.config/discord/0.0.38/modules/pending/discord_krisp-1.zip: 100%
2023-12-13T05:10:56.829Z [Modules] Fetching discord_game_utils@1 from https://discord.com/api/modules/stable/discord_game_utils/1
2023-12-13T05:10:56.829Z [Modules] Streaming discord_game_utils@1 to /home/vrivera/.config/discord/0.0.38/modules/pending/discord_game_utils-1.zip
2023-12-13T05:10:56.829Z [Modules] Installing discord_krisp@1 from /home/vrivera/.config/discord/0.0.38/modules/pending/discord_krisp-1.zip
2023-12-13T05:10:56.926Z [Modules] Checking for host updates.
2023-12-13T05:10:57.028Z [Modules] Starting to install discord_rpc...
2023-12-13T05:10:57.115Z [Modules] Streaming discord_game_utils@1 to /home/vrivera/.config/discord/0.0.38/modules/pending/discord_game_utils-1.zip: 2%
2023-12-13T05:10:57.116Z [Modules] Streaming discord_game_utils@1 to /home/vrivera/.config/discord/0.0.38/modules/pending/discord_game_utils-1.zip: 3%
2023-12-13T05:10:57.117Z [Modules] Streaming discord_game_utils@1 to /home/vrivera/.config/discord/0.0.38/modules/pending/discord_game_utils-1.zip: 5%
2023-12-13T05:10:57.118Z [Modules] Streaming discord_game_utils@1 to /home/vrivera/.config/discord/0.0.38/modules/pending/discord_game_utils-1.zip: 11%
2023-12-13T05:10:57.121Z [Modules] Streaming discord_game_utils@1 to /home/vrivera/.config/discord/0.0.38/modules/pending/discord_game_utils-1.zip: 14%
2023-12-13T05:10:57.122Z [Modules] Streaming discord_game_utils@1 to /home/vrivera/.config/discord/0.0.38/modules/pending/discord_game_utils-1.zip: 16%
2023-12-13T05:10:57.122Z [Modules] Streaming discord_game_utils@1 to /home/vrivera/.config/discord/0.0.38/modules/pending/discord_game_utils-1.zip: 18%
2023-12-13T05:10:57.125Z [Modules] Streaming discord_game_utils@1 to /home/vrivera/.config/discord/0.0.38/modules/pending/discord_game_utils-1.zip: 20%
2023-12-13T05:10:57.125Z [Modules] Streaming discord_game_utils@1 to /home/vrivera/.config/discord/0.0.38/modules/pending/discord_game_utils-1.zip: 21%
2023-12-13T05:10:57.128Z [Modules] Streaming discord_game_utils@1 to /home/vrivera/.config/discord/0.0.38/modules/pending/discord_game_utils-1.zip: 24%
2023-12-13T05:10:57.129Z [Modules] Streaming discord_game_utils@1 to /home/vrivera/.config/discord/0.0.38/modules/pending/discord_game_utils-1.zip: 27%
2023-12-13T05:10:57.132Z [Modules] Streaming discord_game_utils@1 to /home/vrivera/.config/discord/0.0.38/modules/pending/discord_game_utils-1.zip: 30%
2023-12-13T05:10:57.132Z [Modules] Streaming discord_game_utils@1 to /home/vrivera/.config/discord/0.0.38/modules/pending/discord_game_utils-1.zip: 31%
2023-12-13T05:10:57.135Z [Modules] Streaming discord_game_utils@1 to /home/vrivera/.config/discord/0.0.38/modules/pending/discord_game_utils-1.zip: 35%
2023-12-13T05:10:57.136Z [Modules] Streaming discord_game_utils@1 to /home/vrivera/.config/discord/0.0.38/modules/pending/discord_game_utils-1.zip: 37%
2023-12-13T05:10:57.136Z [Modules] Streaming discord_game_utils@1 to /home/vrivera/.config/discord/0.0.38/modules/pending/discord_game_utils-1.zip: 38%
2023-12-13T05:10:57.143Z [Modules] Streaming discord_game_utils@1 to /home/vrivera/.config/discord/0.0.38/modules/pending/discord_game_utils-1.zip: 46%
2023-12-13T05:10:57.144Z [Modules] Streaming discord_game_utils@1 to /home/vrivera/.config/discord/0.0.38/modules/pending/discord_game_utils-1.zip: 49%
2023-12-13T05:10:57.146Z [Modules] Streaming discord_game_utils@1 to /home/vrivera/.config/discord/0.0.38/modules/pending/discord_game_utils-1.zip: 51%
2023-12-13T05:10:57.147Z [Modules] Streaming discord_game_utils@1 to /home/vrivera/.config/discord/0.0.38/modules/pending/discord_game_utils-1.zip: 53%
2023-12-13T05:10:57.153Z [Modules] Streaming discord_game_utils@1 to /home/vrivera/.config/discord/0.0.38/modules/pending/discord_game_utils-1.zip: 60%
2023-12-13T05:10:57.158Z [Modules] Streaming discord_game_utils@1 to /home/vrivera/.config/discord/0.0.38/modules/pending/discord_game_utils-1.zip: 70%
2023-12-13T05:10:57.161Z [Modules] Streaming discord_game_utils@1 to /home/vrivera/.config/discord/0.0.38/modules/pending/discord_game_utils-1.zip: 73%
2023-12-13T05:10:57.161Z [Modules] Streaming discord_game_utils@1 to /home/vrivera/.config/discord/0.0.38/modules/pending/discord_game_utils-1.zip: 74%
2023-12-13T05:10:57.163Z [Modules] Streaming discord_game_utils@1 to /home/vrivera/.config/discord/0.0.38/modules/pending/discord_game_utils-1.zip: 76%
2023-12-13T05:10:57.164Z [Modules] Streaming discord_game_utils@1 to /home/vrivera/.config/discord/0.0.38/modules/pending/discord_game_utils-1.zip: 77%
2023-12-13T05:10:57.167Z [Modules] Streaming discord_game_utils@1 to /home/vrivera/.config/discord/0.0.38/modules/pending/discord_game_utils-1.zip: 81%
2023-12-13T05:10:57.168Z [Modules] Streaming discord_game_utils@1 to /home/vrivera/.config/discord/0.0.38/modules/pending/discord_game_utils-1.zip: 83%
2023-12-13T05:10:57.169Z [Modules] Streaming discord_game_utils@1 to /home/vrivera/.config/discord/0.0.38/modules/pending/discord_game_utils-1.zip: 84%
2023-12-13T05:10:57.170Z [Modules] Streaming discord_game_utils@1 to /home/vrivera/.config/discord/0.0.38/modules/pending/discord_game_utils-1.zip: 87%
2023-12-13T05:10:57.173Z [Modules] Streaming discord_game_utils@1 to /home/vrivera/.config/discord/0.0.38/modules/pending/discord_game_utils-1.zip: 90%
2023-12-13T05:10:57.174Z [Modules] Streaming discord_game_utils@1 to /home/vrivera/.config/discord/0.0.38/modules/pending/discord_game_utils-1.zip: 91%
2023-12-13T05:10:57.175Z [Modules] Streaming discord_game_utils@1 to /home/vrivera/.config/discord/0.0.38/modules/pending/discord_game_utils-1.zip: 94%
2023-12-13T05:10:57.178Z [Modules] Streaming discord_game_utils@1 to /home/vrivera/.config/discord/0.0.38/modules/pending/discord_game_utils-1.zip: 97%
2023-12-13T05:10:57.178Z [Modules] Streaming discord_game_utils@1 to /home/vrivera/.config/discord/0.0.38/modules/pending/discord_game_utils-1.zip: 98%
2023-12-13T05:10:57.181Z [Modules] Streaming discord_game_utils@1 to /home/vrivera/.config/discord/0.0.38/modules/pending/discord_game_utils-1.zip: 100%
2023-12-13T05:10:57.182Z [Modules] Host is up to date.
2023-12-13T05:10:57.182Z [Modules] Checking for module updates at https://discord.com/api/modules/stable/versions.json
2023-12-13T05:10:57.185Z [Modules] Fetching discord_rpc@1 from https://discord.com/api/modules/stable/discord_rpc/1
2023-12-13T05:10:57.185Z [Modules] Streaming discord_rpc@1 to /home/vrivera/.config/discord/0.0.38/modules/pending/discord_rpc-1.zip
2023-12-13T05:10:57.188Z [Modules] No module updates available.
2023-12-13T05:10:57.294Z [Modules] Installing discord_game_utils@1 from /home/vrivera/.config/discord/0.0.38/modules/pending/discord_game_utils-1.zip
2023-12-13T05:10:57.354Z [Modules] Finished module installations. [success: 2] [failure: 0]
2023-12-13T05:10:57.509Z [Modules] Streaming discord_rpc@1 to /home/vrivera/.config/discord/0.0.38/modules/pending/discord_rpc-1.zip: 100%
2023-12-13T05:10:57.510Z [Modules] Finished module downloads. [success: 3] [failure: 0]
2023-12-13T05:10:57.510Z [Modules] Installing discord_rpc@1 from /home/vrivera/.config/discord/0.0.38/modules/pending/discord_rpc-1.zip
2023-12-13T05:10:57.519Z [Modules] Finished module installations. [success: 1] [failure: 0]
2023-12-15T06:26:05.229Z [Modules] Modules initializing
2023-12-15T06:26:05.229Z [Modules] Distribution: remote
2023-12-15T06:26:05.229Z [Modules] Host updates: enabled
2023-12-15T06:26:05.229Z [Modules] Module updates: enabled
2023-12-15T06:26:05.229Z [Modules] Module install path: /home/vrivera/.config/discord/0.0.38/modules
2023-12-15T06:26:05.229Z [Modules] Module installed file path: /home/vrivera/.config/discord/0.0.38/modules/installed.json
2023-12-15T06:26:05.229Z [Modules] Module download path: /home/vrivera/.config/discord/0.0.38/modules/pending
2023-12-15T06:26:05.399Z [Modules] No updates to install
2023-12-15T06:26:05.400Z [Modules] Checking for host updates.
2023-12-15T06:26:05.745Z [Modules] Host is up to date.
2023-12-15T06:26:05.745Z [Modules] Checking for module updates at https://discord.com/api/modules/stable/versions.json
2023-12-15T06:26:05.986Z [Modules] No module updates available.
2023-12-15T06:26:08.119Z [Modules] Checking for host updates.
2023-12-15T06:26:08.354Z [Modules] Host is up to date.
2023-12-15T06:26:08.354Z [Modules] Checking for module updates at https://discord.com/api/modules/stable/versions.json
2023-12-15T06:26:08.356Z [Modules] No module updates available.
