2023-12-13T05:10:48.418Z 0: 

----------------------------------------------
2023-12-13T05:10:48.435Z 1: Discord starting: {"releaseChannel":"stable","version":"0.0.38"}, modulepath: /home/vrivera/.config/discord/0.0.38/modules
2023-12-13T05:10:48.438Z 2: ✅ webContents.created web1 ""
2023-12-13T05:10:48.439Z 3: ✅ window.created win1 "discord"
2023-12-13T05:10:48.616Z 4: ✅ webContents.did-finish-load web1
2023-12-13T05:10:54.569Z 5: ✅ webContents.created web2 ""
2023-12-13T05:10:54.572Z 6: ✅ window.created win2 "Discord"
2023-12-13T05:10:57.050Z 7: ✅ webContents.did-finish-load web2
2023-12-13T05:10:57.149Z 8: window.close win1
2023-12-13T05:10:57.160Z 9: webContents.destroyed web1
2023-12-13T05:10:57.162Z 10: window.closed win1
2023-12-13T05:11:35.144Z 11: window.close win2
2023-12-13T05:11:39.411Z 12: window.close win2
2023-12-13T05:27:00.558Z 13: window.close win2
2023-12-13T05:28:04.164Z 14: before-quit
2023-12-13T05:28:04.196Z 15: window.close win2
2023-12-13T05:28:04.199Z 16: ❌ child-process-gone {
  type: 'Utility',
  reason: 'killed',
  exitCode: 15,
  serviceName: 'network.mojom.NetworkService',
  name: 'Network Service'
}
2023-12-15T06:26:05.254Z 0: 

----------------------------------------------
2023-12-15T06:26:05.264Z 1: Discord starting: {"releaseChannel":"stable","version":"0.0.38"}, modulepath: /home/vrivera/.config/discord/0.0.38/modules
2023-12-15T06:26:05.278Z 2: ✅ webContents.created web1 ""
2023-12-15T06:26:05.281Z 3: ✅ window.created win1 "discord"
2023-12-15T06:26:05.465Z 4: ✅ webContents.did-finish-load web1
2023-12-15T06:26:06.057Z 5: ✅ webContents.created web2 ""
2023-12-15T06:26:06.059Z 6: ✅ window.created win2 "Discord"
2023-12-15T06:26:08.327Z 7: ✅ webContents.did-finish-load web2
2023-12-15T06:26:08.427Z 8: window.close win1
2023-12-15T06:26:08.437Z 9: webContents.destroyed web1
2023-12-15T06:26:08.439Z 10: window.closed win1
2023-12-15T06:26:24.449Z 11: window.close win2
2023-12-15T06:40:44.190Z 12: before-quit
2023-12-15T06:40:44.211Z 13: window.close win2
2023-12-15T06:40:44.245Z 14: ❌ child-process-gone {
  type: 'Utility',
  reason: 'killed',
  exitCode: 15,
  serviceName: 'audio.mojom.AudioService',
  name: 'Audio Service'
}
