2023-12-20 19:04:02.055 [info] Using settings sync service https://vscode-sync.trafficmanager.net/
2023-12-20 19:04:02.055 [info] Auto Sync is enabled.
2023-12-20 19:04:02.055 [info] Auto Sync: Suspended until auth token is available.
2023-12-20 19:04:02.607 [info] Deleting non existing profile from backup /home/vrivera/.config/Code/User/sync/extensions
2023-12-20 19:04:02.890 [info] Deleting non existing profile from backup /home/vrivera/.config/Code/User/sync/globalState
2023-12-20 19:04:03.139 [info] Auto Sync: Triggered by Interval
2023-12-20 19:04:03.139 [info] Sync started.
2023-12-20 19:04:03.158 [info] Deleting non existing profile from backup /home/vrivera/.config/Code/User/sync/keybindings
2023-12-20 19:04:03.365 [info] Deleting non existing profile from backup /home/vrivera/.config/Code/User/sync/profiles
2023-12-20 19:04:03.393 [info] Deleting non existing profile from backup /home/vrivera/.config/Code/User/sync/settings
2023-12-20 19:04:03.394 [info] Deleting non existing profile from backup /home/vrivera/.config/Code/User/sync/snippets
2023-12-20 19:04:03.395 [info] Deleting non existing profile from backup /home/vrivera/.config/Code/User/sync/tasks
2023-12-20 19:04:03.981 [info] Settings: Last sync resource does not exist locally.
2023-12-20 19:04:04.194 [info] Settings: No changes found during synchronizing settings.
2023-12-20 19:04:04.200 [info] Keybindings: Last sync resource does not exist locally.
2023-12-20 19:04:04.500 [info] Keybindings: No changes found during synchronizing keybindings.
2023-12-20 19:04:04.502 [info] Snippets: Last sync resource does not exist locally.
2023-12-20 19:04:04.661 [info] Snippets: No changes found during synchronizing snippets.
2023-12-20 19:04:04.663 [info] Tasks: Last sync resource does not exist locally.
2023-12-20 19:04:04.810 [info] Tasks: No changes found during synchronizing tasks.
2023-12-20 19:04:04.814 [info] GlobalState: Last sync resource does not exist locally.
