2023-12-06 17:16:13.010 [info] Using settings sync service https://vscode-sync.trafficmanager.net/
2023-12-06 17:16:13.010 [info] Auto Sync is disabled.
2023-12-06 17:27:56.192 [info] Sync started.
2023-12-06 17:27:56.885 [info] Did reset the local sync state.
2023-12-06 17:27:56.898 [info] Settings: Migrating last sync user data. Resource does not exist.
2023-12-06 17:27:56.899 [info] Settings: Last sync data state does not exist.
2023-12-06 17:27:57.094 [info] Settings: Migrating last sync user data. Resource does not exist.
2023-12-06 17:27:57.094 [info] Settings: Last sync data state does not exist.
2023-12-06 17:27:57.139 [info] GlobalState: Migrating last sync user data. Resource does not exist.
2023-12-06 17:27:57.139 [info] GlobalState: Last sync data state does not exist.
2023-12-06 17:27:57.323 [info] Keybindings: Migrating last sync user data. Resource does not exist.
2023-12-06 17:27:57.323 [info] Keybindings: Last sync data state does not exist.
2023-12-06 17:27:57.514 [info] Snippets: Migrating last sync user data. Resource does not exist.
2023-12-06 17:27:57.514 [info] Snippets: Last sync data state does not exist.
2023-12-06 17:27:57.722 [info] Tasks: Migrating last sync user data. Resource does not exist.
2023-12-06 17:27:57.723 [info] Tasks: Last sync data state does not exist.
2023-12-06 17:27:57.917 [info] GlobalState: Migrating last sync user data. Resource does not exist.
2023-12-06 17:27:57.918 [info] GlobalState: Last sync data state does not exist.
2023-12-06 17:27:58.530 [info] Extensions: Migrating last sync user data. Resource does not exist.
2023-12-06 17:27:58.530 [info] Extensions: Last sync data state does not exist.
2023-12-06 17:27:58.783 [info] Profiles: Migrating last sync user data. Resource does not exist.
2023-12-06 17:27:58.783 [info] Profiles: Last sync data state does not exist.
2023-12-06 17:27:59.038 [info] Profiles: Migrating last sync user data. Resource does not exist.
2023-12-06 17:27:59.038 [info] Profiles: Last sync data state does not exist.
2023-12-06 17:27:59.045 [info] Settings: Updated local settings
2023-12-06 17:27:59.047 [info] Settings: Updated last synchronized settings
2023-12-06 17:27:59.048 [info] Keybindings: No changes found during synchronizing keybindings.
2023-12-06 17:27:59.050 [info] Keybindings: Updated last synchronized keybindings
2023-12-06 17:27:59.055 [info] Snippets: Created snippet typescript.json
2023-12-06 17:27:59.058 [info] Snippets: Created snippet php.json
2023-12-06 17:27:59.061 [info] Snippets: Created snippet cpp.json
2023-12-06 17:27:59.066 [info] Snippets: Updated last synchronized snippets
2023-12-06 17:27:59.067 [info] Tasks: No changes found during synchronizing tasks.
2023-12-06 17:27:59.069 [info] Tasks: Updated last synchronized tasks
2023-12-06 17:27:59.077 [info] GlobalState: Updated locale.
2023-12-06 17:27:59.077 [info] GlobalState: Updated locale
2023-12-06 17:27:59.077 [info] GlobalState: Updated global state ["workbench.panel.markers.hidden","workbench.panel.output.hidden","terminal.hidden","workbench.explorer.views.state.hidden","workbench.scm.views.state.hidden","workbench.view.search.state.hidden","nps/lastSessionDate","nps/sessionCount","cpp.1.lastSessionDate","cpp.1.sessionCount","java.2.lastSessionDate","java.2.sessionCount","javascript.1.lastSessionDate","javascript.1.sessionCount","typescript.1.lastSessionDate","typescript.1.sessionCount","csharp.1.lastSessionDate","csharp.1.sessionCount","workbench.panel.pinnedPanels","~remote.forwardedPortsContainer.hidden","workbench.statusbar.hidden","workbench.view.sync.state.hidden","ces/skipSurvey","workbench.welcomePage.walkthroughMetadata","workbench.view.extension.jupyter.state.hidden","workbench.view.extension.test.state.hidden","workbench.view.extension.liveshare.state.hidden","workbench.view.extensions.state.hidden","workbench.welcomePage.hiddenCategories","terminal.integrated.showTerminalConfigPrompt","expandSuggestionDocs","commandPalette.mru.cache","commandPalette.mru.counter","tabs-list-width-horizontal","workbench.view.extension.custom-activitybar.state.hidden","workbench.view.extension.gitlens.state.hidden","workbench.view.extension.gitlensPanel.state.hidden","memento/workbench.editor.keybindings","workbench.view.extension.gitlensInspect.state.hidden","fileBasedRecommendations/promptedFileExtensions","workbench.view.extension.codium-sidebar-view-container.state.hidden","workbench.view.extension.codeium.state.hidden","codeium_auth-Vicente Rivera","fileBasedRecommendations/promptedRecommendations","snippets.usageTimestamps","workbench.view.extension.figma.state.hidden","workbench.view.extension.thunder-client.state.hidden","Comments.hidden","workbench.view.extension.tabnine-access.state.hidden","userDataProfiles.state.hidden","github-vcntttt","workbench.view.extension.wallaby.state.hidden","microsoft-vicenterivera225@gmail.com","extensionsAssistant/doNotCheckDeprecated","extensionTips/promptedExecutableTips","file.particpants.additionalEdits","extensionsAssistant/importantRecommendationsIgnore","workbench.view.extension.mongoDB.state.hidden","workbench.view.remote.state.hidden","remote.explorerType","remote.tunnels.toRestore.undefined.387069819","extensionsAssistant/deprecated","workbench.activity.pinnedViewlets2","memento/gettingStartedService","colorThemeData","workbench.view.debug.state.hidden"]
2023-12-06 17:27:59.078 [info] GlobalState: Updated local ui state
2023-12-06 17:27:59.079 [info] GlobalState: Updated last synchronized ui state
2023-12-06 17:27:59.885 [info] Extensions: Disabled extension ritwickdey.liveserver 5.7.9
2023-12-06 17:28:00.141 [info] Extensions: Migrating last sync user data. Resource does not exist.
2023-12-06 17:28:00.141 [info] Extensions: Last sync data state does not exist.
2023-12-06 17:28:00.646 [info] Extensions: Disabled extension ms-python.pylint 2023.10.1
2023-12-06 17:28:00.901 [info] Extensions: Migrating last sync user data. Resource does not exist.
2023-12-06 17:28:00.902 [info] Extensions: Last sync data state does not exist.
2023-12-06 17:28:06.788 [info] Sync started.
2023-12-06 17:28:06.935 [info] Did reset the local sync state.
2023-12-06 17:28:06.937 [info] Settings: Migrating last sync user data. Resource does not exist.
2023-12-06 17:28:06.937 [info] Settings: Last sync data state does not exist.
2023-12-06 17:28:07.097 [info] Settings: Migrating last sync user data. Resource does not exist.
2023-12-06 17:28:07.097 [info] Settings: Last sync data state does not exist.
2023-12-06 17:28:07.199 [info] GlobalState: Migrating last sync user data. Resource does not exist.
2023-12-06 17:28:07.199 [info] GlobalState: Last sync data state does not exist.
2023-12-06 17:28:07.297 [info] Keybindings: Migrating last sync user data. Resource does not exist.
2023-12-06 17:28:07.297 [info] Keybindings: Last sync data state does not exist.
2023-12-06 17:28:07.492 [info] Snippets: Migrating last sync user data. Resource does not exist.
2023-12-06 17:28:07.492 [info] Snippets: Last sync data state does not exist.
2023-12-06 17:28:07.650 [info] Tasks: Migrating last sync user data. Resource does not exist.
2023-12-06 17:28:07.650 [info] Tasks: Last sync data state does not exist.
2023-12-06 17:28:07.797 [info] GlobalState: Migrating last sync user data. Resource does not exist.
2023-12-06 17:28:07.797 [info] GlobalState: Last sync data state does not exist.
2023-12-06 17:28:07.902 [info] GlobalState: Migrating last sync user data. Resource does not exist.
2023-12-06 17:28:07.902 [info] GlobalState: Last sync data state does not exist.
2023-12-06 17:28:07.977 [info] Extensions: Migrating last sync user data. Resource does not exist.
2023-12-06 17:28:07.977 [info] Extensions: Last sync data state does not exist.
2023-12-06 17:28:08.197 [info] Profiles: Migrating last sync user data. Resource does not exist.
2023-12-06 17:28:08.197 [info] Profiles: Last sync data state does not exist.
2023-12-06 17:28:08.347 [info] Profiles: Migrating last sync user data. Resource does not exist.
2023-12-06 17:28:08.348 [info] Profiles: Last sync data state does not exist.
2023-12-06 17:28:08.349 [info] Settings: No changes found during synchronizing settings.
2023-12-06 17:28:08.352 [info] Settings: Updated last synchronized settings
2023-12-06 17:28:08.353 [info] Keybindings: No changes found during synchronizing keybindings.
2023-12-06 17:28:08.355 [info] Keybindings: Updated last synchronized keybindings
2023-12-06 17:28:08.356 [info] Snippets: No changes found during synchronizing snippets.
2023-12-06 17:28:08.357 [info] Snippets: Updated last synchronized snippets
2023-12-06 17:28:08.359 [info] Tasks: No changes found during synchronizing tasks.
2023-12-06 17:28:08.361 [info] Tasks: Updated last synchronized tasks
2023-12-06 17:28:08.362 [info] GlobalState: No changes found during synchronizing ui state.
2023-12-06 17:28:08.363 [info] GlobalState: Updated last synchronized ui state
2023-12-06 17:28:17.840 [info] Extensions: Installed extension. ritwickdey.liveserver 5.7.9
2023-12-06 17:28:17.841 [info] Extensions: Installed extension. gruntfuggly.activitusbar 0.0.47
2023-12-06 17:28:17.854 [info] Extensions: Installed extension. kisstkondoros.vscode-gutter-preview 0.30.0
2023-12-06 17:28:17.854 [info] Extensions: Installed extension. ms-vscode.live-server 0.4.11
2023-12-06 17:28:17.854 [info] Extensions: Installed extension. teabyii.ayu 1.0.5
2023-12-06 17:28:17.854 [info] Extensions: Installed extension. daltonmenezes.aura-theme 2.1.2
2023-12-06 17:28:17.855 [info] Extensions: Installed extension. usernamehw.errorlens 3.15.0
2023-12-06 17:28:17.855 [info] Extensions: Installed extension. vincentfiestada.cold-horizon-vscode 1.3.0
2023-12-06 17:28:17.855 [info] Extensions: Installed extension. meganrogge.template-string-converter 0.6.1
2023-12-06 17:28:17.855 [info] Extensions: Installed extension. christian-kohler.path-intellisense 2.8.5
2023-12-06 17:28:17.856 [info] Extensions: Installed extension. dbaeumer.vscode-eslint 2.4.2
2023-12-06 17:28:17.856 [info] Extensions: Installed extension. wakatime.vscode-wakatime 24.4.0
2023-12-06 17:28:17.856 [info] Extensions: Installed extension. mhutchie.git-graph 1.30.0
2023-12-06 17:28:17.856 [info] Extensions: Installed extension. dsznajder.es7-react-js-snippets 4.4.3
2023-12-06 17:28:17.856 [info] Extensions: Installed extension. dnlytras.nord-wave 0.3.5
2023-12-06 17:28:17.856 [info] Extensions: Installed extension. leonardssh.vscord 5.1.18
2023-12-06 17:28:17.856 [info] Extensions: Installed extension. davidanson.vscode-markdownlint 0.53.0
2023-12-06 17:28:17.856 [info] Extensions: Installed extension. zhuangtongfa.material-theme 3.16.2
2023-12-06 17:28:17.856 [info] Extensions: Installed extension. enkia.tokyo-night 1.0.6
2023-12-06 17:28:17.856 [info] Extensions: Installed extension. monokai.theme-monokai-pro-vscode 1.2.1
2023-12-06 17:28:17.856 [info] Extensions: Installed extension. ms-ceintl.vscode-language-pack-es 1.84.2023111509
2023-12-06 17:28:17.856 [info] Extensions: Installed extension. ms-vscode-remote.remote-wsl 0.81.8
2023-12-06 17:28:17.857 [info] Extensions: Installed extension. equinusocio.vsc-material-theme 34.3.0
2023-12-06 17:28:17.857 [info] Extensions: Installed extension. formulahendry.code-runner 0.12.1
2023-12-06 17:28:17.857 [info] Extensions: Installed extension. wayou.vscode-todo-highlight 1.0.5
2023-12-06 17:28:17.858 [info] Extensions: Installed extension. pkief.material-icon-theme 4.32.0
2023-12-06 17:28:17.858 [info] Extensions: Installed extension. rangav.vscode-thunder-client 2.16.2
2023-12-06 17:28:17.858 [info] Extensions: Installed extension. sdras.night-owl 2.0.1
2023-12-06 17:28:17.858 [info] Extensions: Installed extension. bradlc.vscode-tailwindcss 0.10.3
2023-12-06 17:28:17.858 [info] Extensions: Installed extension. miguelsolorio.fluent-icons 0.0.18
2023-12-06 17:28:17.858 [info] Extensions: Installed extension. naumovs.color-highlight 2.5.0
2023-12-06 17:28:17.858 [info] Extensions: Installed extension. seyyedkhandon.firacode 2.2.1
2023-12-06 17:28:17.858 [info] Extensions: Installed extension. ms-python.autopep8 2023.8.0
2023-12-06 17:28:17.858 [info] Extensions: Installed extension. codeium.codeium 1.4.27
2023-12-06 17:28:17.859 [info] Extensions: Installed extension. uloco.theme-bluloco-dark 3.7.4
2023-12-06 17:28:17.859 [info] Extensions: Installed extension. astro-build.astro-vscode 2.5.2
2023-12-06 17:28:17.859 [info] Extensions: Installed extension. ms-python.pylint 2023.10.1
2023-12-06 17:28:17.859 [info] Extensions: Installed extension. dotjoshjohnson.xml 2.5.1
2023-12-06 17:28:17.859 [info] Extensions: Installed extension. ms-vsliveshare.vsliveshare 1.0.5897
2023-12-06 17:28:17.859 [info] Extensions: Installed extension. pflannery.vscode-versionlens 1.9.2
2023-12-06 17:28:17.859 [info] Extensions: Installed extension. adpyke.codesnap 1.3.4
2023-12-06 17:28:17.859 [info] Extensions: Installed extension. gruntfuggly.activitusbar 0.0.47
2023-12-06 17:28:17.859 [info] Extensions: Installed extension. ritwickdey.liveserver 5.7.9
2023-12-06 17:28:17.860 [info] Extensions: Installed extension. ms-python.python 2023.20.0
2023-12-06 17:28:17.860 [info] Extensions: Installed extension. ms-python.vscode-pylance 2023.11.10
2023-12-06 17:28:17.860 [info] Extensions: Installed extension. wallabyjs.console-ninja 1.0.266
2023-12-06 17:28:17.860 [info] Extensions: Installed extension. esbenp.prettier-vscode 10.1.0
2023-12-06 17:28:17.860 [info] Extensions: Installed extension. mongodb.mongodb-vscode 1.3.1
2023-12-06 17:28:17.873 [info] Extensions: Updated last synchronized extensions.
2023-12-06 17:28:17.882 [info] Extensions: Updated last synchronized extensions.
2023-12-06 17:28:17.885 [info] Profiles: No changes found during synchronizing profiles.
2023-12-06 17:28:17.885 [info] Profiles: No changes found during synchronizing profiles.
2023-12-06 17:28:17.887 [info] Profiles: Updated last synchronized profiles.
2023-12-06 17:28:17.888 [info] Profiles: Updated last synchronized profiles.
2023-12-06 17:28:17.888 [info] Sync done. Took 11101ms
2023-12-06 17:28:17.889 [info] Sync done. Took 21698ms
2023-12-06 17:28:17.904 [info] Auto Sync: Triggered by Interval
2023-12-06 17:28:17.904 [info] Sync started.
2023-12-06 17:28:18.361 [info] Settings: No changes found during synchronizing settings.
2023-12-06 17:28:18.365 [info] Keybindings: No changes found during synchronizing keybindings.
2023-12-06 17:28:18.377 [info] Snippets: No changes found during synchronizing snippets.
2023-12-06 17:28:18.381 [info] Tasks: No changes found during synchronizing tasks.
2023-12-06 17:28:18.385 [info] GlobalState: No changes found during synchronizing ui state.
2023-12-06 17:28:18.456 [info] Extensions: No changes found during synchronizing extensions.
2023-12-06 17:28:18.457 [info] Profiles: No changes found during synchronizing profiles.
2023-12-06 17:28:18.458 [info] Sync done. Took 558ms
2023-12-06 17:28:21.291 [info] Auto Sync: Triggered by Activity
2023-12-06 17:28:21.292 [info] Sync started.
2023-12-06 17:28:21.471 [info] Settings: No changes found during synchronizing settings.
2023-12-06 17:28:21.474 [info] Keybindings: No changes found during synchronizing keybindings.
2023-12-06 17:28:21.481 [info] Snippets: No changes found during synchronizing snippets.
2023-12-06 17:28:21.482 [info] Tasks: No changes found during synchronizing tasks.
2023-12-06 17:28:22.077 [info] GlobalState: Updated remote ui state. Updated: workbench.activity.pinnedViewlets2.
2023-12-06 17:28:22.080 [info] GlobalState: Updated last synchronized ui state
2023-12-06 17:28:22.152 [info] Extensions: No changes found during synchronizing extensions.
2023-12-06 17:28:22.153 [info] Profiles: No changes found during synchronizing profiles.
2023-12-06 17:28:22.154 [info] Sync done. Took 863ms
2023-12-06 17:33:12.796 [info] Auto Sync: Triggered by Activity
2023-12-06 17:33:12.796 [info] Sync started.
2023-12-06 17:33:13.627 [info] Settings: No changes found during synchronizing settings.
2023-12-06 17:33:13.629 [info] Keybindings: No changes found during synchronizing keybindings.
2023-12-06 17:33:13.634 [info] Snippets: No changes found during synchronizing snippets.
2023-12-06 17:33:13.635 [info] Tasks: No changes found during synchronizing tasks.
2023-12-06 17:33:14.239 [info] GlobalState: Updated remote ui state. Updated: nps/lastSessionDate,nps/sessionCount,cpp.1.lastSessionDate,cpp.1.sessionCount,java.2.lastSessionDate,java.2.sessionCount,javascript.1.lastSessionDate,javascript.1.sessionCount,typescript.1.lastSessionDate,typescript.1.sessionCount,csharp.1.lastSessionDate,csharp.1.sessionCount.
2023-12-06 17:33:14.242 [info] GlobalState: Updated last synchronized ui state
2023-12-06 17:33:14.301 [info] Extensions: No changes found during synchronizing extensions.
2023-12-06 17:33:14.302 [info] Profiles: No changes found during synchronizing profiles.
2023-12-06 17:33:14.303 [info] Sync done. Took 1507ms
2023-12-06 17:34:05.297 [info] Auto Sync: Triggered by Activity
2023-12-06 17:34:05.297 [info] Sync started.
2023-12-06 17:34:05.555 [info] Settings: No changes found during synchronizing settings.
2023-12-06 17:34:05.557 [info] Keybindings: No changes found during synchronizing keybindings.
2023-12-06 17:34:05.561 [info] Snippets: No changes found during synchronizing snippets.
2023-12-06 17:34:05.564 [info] Tasks: No changes found during synchronizing tasks.
2023-12-06 17:34:05.567 [info] GlobalState: No changes found during synchronizing ui state.
2023-12-06 17:34:05.644 [info] Extensions: No changes found during synchronizing extensions.
2023-12-06 17:34:05.650 [info] Profiles: No changes found during synchronizing profiles.
2023-12-06 17:34:05.651 [info] Sync done. Took 353ms
2023-12-06 17:34:30.083 [info] Auto Sync: Triggered by Activity
2023-12-06 17:34:30.084 [info] Sync started.
2023-12-06 17:34:30.333 [info] Settings: No changes found during synchronizing settings.
2023-12-06 17:34:30.336 [info] Keybindings: No changes found during synchronizing keybindings.
2023-12-06 17:34:30.339 [info] Snippets: No changes found during synchronizing snippets.
2023-12-06 17:34:30.341 [info] Tasks: No changes found during synchronizing tasks.
2023-12-06 17:34:30.343 [info] GlobalState: No changes found during synchronizing ui state.
2023-12-06 17:34:30.407 [info] Extensions: No changes found during synchronizing extensions.
2023-12-06 17:34:30.408 [info] Profiles: No changes found during synchronizing profiles.
2023-12-06 17:34:30.409 [info] Sync done. Took 325ms
2023-12-06 17:34:42.784 [info] Auto Sync: Triggered by Activity
2023-12-06 17:34:42.785 [info] Sync started.
2023-12-06 17:34:43.020 [info] Settings: No changes found during synchronizing settings.
2023-12-06 17:34:43.025 [info] Keybindings: No changes found during synchronizing keybindings.
2023-12-06 17:34:43.030 [info] Snippets: No changes found during synchronizing snippets.
2023-12-06 17:34:43.032 [info] Tasks: No changes found during synchronizing tasks.
2023-12-06 17:34:43.034 [info] GlobalState: No changes found during synchronizing ui state.
2023-12-06 17:34:43.109 [info] Extensions: No changes found during synchronizing extensions.
2023-12-06 17:34:43.110 [info] Profiles: No changes found during synchronizing profiles.
2023-12-06 17:34:43.111 [info] Sync done. Took 328ms
