2023-12-20 17:59:54.620 [info] Using settings sync service https://vscode-sync.trafficmanager.net/
2023-12-20 17:59:54.620 [info] Auto Sync is disabled.
2023-12-20 18:00:31.947 [info] Sync started.
2023-12-20 18:00:32.579 [info] Did reset the local sync state.
2023-12-20 18:00:32.595 [info] Settings: Migrating last sync user data. Resource does not exist.
2023-12-20 18:00:32.595 [info] Settings: Last sync data state does not exist.
2023-12-20 18:00:32.776 [info] Settings: Migrating last sync user data. Resource does not exist.
2023-12-20 18:00:32.776 [info] Settings: Last sync data state does not exist.
2023-12-20 18:00:32.832 [info] GlobalState: Migrating last sync user data. Resource does not exist.
2023-12-20 18:00:32.832 [info] GlobalState: Last sync data state does not exist.
2023-12-20 18:00:33.011 [info] Keybindings: Migrating last sync user data. Resource does not exist.
2023-12-20 18:00:33.012 [info] Keybindings: Last sync data state does not exist.
2023-12-20 18:00:33.229 [info] Snippets: Migrating last sync user data. Resource does not exist.
2023-12-20 18:00:33.229 [info] Snippets: Last sync data state does not exist.
2023-12-20 18:00:33.435 [info] Tasks: Migrating last sync user data. Resource does not exist.
2023-12-20 18:00:33.436 [info] Tasks: Last sync data state does not exist.
2023-12-20 18:00:33.607 [info] GlobalState: Migrating last sync user data. Resource does not exist.
2023-12-20 18:00:33.607 [info] GlobalState: Last sync data state does not exist.
2023-12-20 18:00:34.063 [info] Extensions: Migrating last sync user data. Resource does not exist.
2023-12-20 18:00:34.063 [info] Extensions: Last sync data state does not exist.
2023-12-20 18:00:34.373 [info] Profiles: Migrating last sync user data. Resource does not exist.
2023-12-20 18:00:34.373 [info] Profiles: Last sync data state does not exist.
2023-12-20 18:00:34.543 [info] Profiles: Migrating last sync user data. Resource does not exist.
2023-12-20 18:00:34.544 [info] Profiles: Last sync data state does not exist.
2023-12-20 18:00:34.559 [info] Settings: Updated local settings
2023-12-20 18:00:34.563 [info] Settings: Updated last synchronized settings
2023-12-20 18:00:34.565 [info] Keybindings: No changes found during synchronizing keybindings.
2023-12-20 18:00:34.569 [info] Keybindings: Updated last synchronized keybindings
2023-12-20 18:00:34.577 [info] Snippets: Created snippet typescript.json
2023-12-20 18:00:34.585 [info] Snippets: Created snippet php.json
2023-12-20 18:00:34.594 [info] Snippets: Created snippet cpp.json
2023-12-20 18:00:34.597 [info] Snippets: Updated last synchronized snippets
2023-12-20 18:00:34.600 [info] Tasks: No changes found during synchronizing tasks.
2023-12-20 18:00:34.605 [info] Tasks: Updated last synchronized tasks
2023-12-20 18:00:34.632 [info] GlobalState: Updated locale.
2023-12-20 18:00:34.633 [info] GlobalState: Updated locale
2023-12-20 18:00:34.635 [info] GlobalState: Updated global state ["workbench.panel.alignment","nps/lastSessionDate","nps/sessionCount","cpp.1.lastSessionDate","cpp.1.sessionCount","java.2.lastSessionDate","java.2.sessionCount","javascript.1.lastSessionDate","javascript.1.sessionCount","typescript.1.lastSessionDate","typescript.1.sessionCount","csharp.1.lastSessionDate","csharp.1.sessionCount","~remote.forwardedPortsContainer.hidden","workbench.view.sync.state.hidden","ces/skipSurvey","workbench.welcomePage.walkthroughMetadata","workbench.view.extension.jupyter.state.hidden","workbench.view.extension.test.state.hidden","workbench.view.extension.liveshare.state.hidden","workbench.view.extensions.state.hidden","workbench.welcomePage.hiddenCategories","terminal.integrated.showTerminalConfigPrompt","expandSuggestionDocs","commandPalette.mru.cache","commandPalette.mru.counter","tabs-list-width-horizontal","workbench.view.extension.custom-activitybar.state.hidden","workbench.view.extension.gitlens.state.hidden","workbench.view.extension.gitlensPanel.state.hidden","memento/workbench.editor.keybindings","workbench.view.extension.gitlensInspect.state.hidden","fileBasedRecommendations/promptedFileExtensions","workbench.view.extension.codium-sidebar-view-container.state.hidden","workbench.view.extension.codeium.state.hidden","codeium_auth-Vicente Rivera","fileBasedRecommendations/promptedRecommendations","snippets.usageTimestamps","workbench.view.extension.figma.state.hidden","workbench.view.extension.thunder-client.state.hidden","Comments.hidden","workbench.view.extension.tabnine-access.state.hidden","userDataProfiles.state.hidden","github-vcntttt","workbench.view.extension.wallaby.state.hidden","microsoft-vicenterivera225@gmail.com","extensionsAssistant/doNotCheckDeprecated","extensionTips/promptedExecutableTips","file.particpants.additionalEdits","extensionsAssistant/importantRecommendationsIgnore","workbench.view.extension.mongoDB.state.hidden","workbench.view.remote.state.hidden","remote.explorerType","remote.tunnels.toRestore.undefined.387069819","extensionsAssistant/deprecated","workbench.view.debug.state.hidden","colorThemeData","workbench.activity.pinnedViewlets2","memento/gettingStartedService","workbench.explorer.views.state.hidden","workbench.scm.views.state.hidden","workbench.panel.pinnedPanels","workbench.statusbar.hidden"]
2023-12-20 18:00:34.635 [info] GlobalState: Updated local ui state
2023-12-20 18:00:34.640 [info] GlobalState: Updated last synchronized ui state
2023-12-20 18:00:35.578 [info] Extensions: Disabled extension ritwickdey.liveserver 5.7.9
2023-12-20 18:00:35.775 [info] Extensions: Disabled extension ms-python.pylint 2023.10.1
2023-12-20 18:00:35.877 [info] Extensions: Migrating last sync user data. Resource does not exist.
2023-12-20 18:00:35.878 [info] Extensions: Last sync data state does not exist.
2023-12-20 18:00:36.031 [info] Extensions: Migrating last sync user data. Resource does not exist.
2023-12-20 18:00:36.031 [info] Extensions: Last sync data state does not exist.
2023-12-20 18:00:51.587 [info] Extensions: Installed extension. usernamehw.errorlens 3.16.0
2023-12-20 18:00:51.587 [info] Extensions: Installed extension. ms-vscode-remote.remote-wsl 0.81.8
2023-12-20 18:00:51.588 [info] Extensions: Installed extension. zhuangtongfa.material-theme 3.16.2
2023-12-20 18:00:51.588 [info] Extensions: Installed extension. esbenp.prettier-vscode 10.1.0
2023-12-20 18:00:51.588 [info] Extensions: Installed extension. wakatime.vscode-wakatime 24.4.0
2023-12-20 18:00:51.588 [info] Extensions: Installed extension. wayou.vscode-todo-highlight 1.0.5
2023-12-20 18:00:51.589 [info] Extensions: Installed extension. zhucy.project-tree 0.3.0
2023-12-20 18:00:51.589 [info] Extensions: Installed extension. daltonmenezes.aura-theme 2.1.2
2023-12-20 18:00:51.589 [info] Extensions: Installed extension. vincentfiestada.cold-horizon-vscode 1.3.0
2023-12-20 18:00:51.589 [info] Extensions: Installed extension. meganrogge.template-string-converter 0.6.1
2023-12-20 18:00:51.590 [info] Extensions: Installed extension. kisstkondoros.vscode-gutter-preview 0.30.0
2023-12-20 18:00:51.590 [info] Extensions: Installed extension. dbaeumer.vscode-eslint 2.4.2
2023-12-20 18:00:51.590 [info] Extensions: Installed extension. dnlytras.nord-wave 0.3.5
2023-12-20 18:00:51.591 [info] Extensions: Installed extension. monokai.theme-monokai-pro-vscode 1.2.1
2023-12-20 18:00:51.591 [info] Extensions: Installed extension. enkia.tokyo-night 1.0.6
2023-12-20 18:00:51.591 [info] Extensions: Installed extension. leonardssh.vscord 5.1.18
2023-12-20 18:00:51.591 [info] Extensions: Installed extension. davidanson.vscode-markdownlint 0.53.0
2023-12-20 18:00:51.592 [info] Extensions: Installed extension. yoavbls.pretty-ts-errors 0.5.2
2023-12-20 18:00:51.592 [info] Extensions: Installed extension. seyyedkhandon.firacode 2.2.1
2023-12-20 18:00:51.592 [info] Extensions: Installed extension. ms-vscode.live-server 0.4.13
2023-12-20 18:00:51.592 [info] Extensions: Installed extension. bradlc.vscode-tailwindcss 0.10.3
2023-12-20 18:00:51.593 [info] Extensions: Installed extension. uloco.theme-bluloco-dark 3.7.4
2023-12-20 18:00:51.593 [info] Extensions: Installed extension. christian-kohler.path-intellisense 2.8.5
2023-12-20 18:00:51.593 [info] Extensions: Installed extension. mhutchie.git-graph 1.30.0
2023-12-20 18:00:51.594 [info] Extensions: Installed extension. sdras.night-owl 2.0.1
2023-12-20 18:00:51.594 [info] Extensions: Installed extension. equinusocio.vsc-material-theme 34.3.1
2023-12-20 18:00:51.594 [info] Extensions: Installed extension. rangav.vscode-thunder-client 2.16.3
2023-12-20 18:00:51.594 [info] Extensions: Installed extension. codeium.codeium 1.6.13
2023-12-20 18:00:51.601 [info] Extensions: Installed extension. ms-ceintl.vscode-language-pack-es 1.85.2023121309
2023-12-20 18:00:51.601 [info] Extensions: Installed extension. miguelsolorio.fluent-icons 0.0.18
2023-12-20 18:00:51.601 [info] Extensions: Installed extension. teabyii.ayu 1.0.5
2023-12-20 18:00:51.602 [info] Extensions: Installed extension. formulahendry.code-runner 0.12.1
2023-12-20 18:00:51.602 [info] Extensions: Installed extension. dsznajder.es7-react-js-snippets 4.4.3
2023-12-20 18:00:51.602 [info] Extensions: Installed extension. ms-python.autopep8 2023.8.0
2023-12-20 18:00:51.603 [info] Extensions: Installed extension. ms-python.pylint 2023.10.1
2023-12-20 18:00:51.603 [info] Extensions: Installed extension. naumovs.color-highlight 2.5.0
2023-12-20 18:00:51.604 [info] Extensions: Installed extension. mongodb.mongodb-vscode 1.3.1
2023-12-20 18:00:51.604 [info] Extensions: Installed extension. astro-build.astro-vscode 2.5.4
2023-12-20 18:00:51.604 [info] Extensions: Installed extension. ms-vsliveshare.vsliveshare 1.0.5900
2023-12-20 18:00:51.605 [info] Extensions: Installed extension. pkief.material-icon-theme 4.32.0
2023-12-20 18:00:51.605 [info] Extensions: Installed extension. dotjoshjohnson.xml 2.5.1
2023-12-20 18:00:51.605 [info] Extensions: Installed extension. wallabyjs.console-ninja 1.0.268
2023-12-20 18:00:51.606 [info] Extensions: Installed extension. pflannery.vscode-versionlens 1.9.2
2023-12-20 18:00:51.606 [info] Extensions: Installed extension. adpyke.codesnap 1.3.4
2023-12-20 18:00:51.606 [info] Extensions: Installed extension. ms-python.python 2023.22.1
2023-12-20 18:00:51.607 [info] Extensions: Installed extension. gruntfuggly.activitusbar 0.0.47
2023-12-20 18:00:51.607 [info] Extensions: Installed extension. ritwickdey.liveserver 5.7.9
2023-12-20 18:00:51.607 [info] Extensions: Installed extension. ms-python.vscode-pylance 2023.12.1
2023-12-20 18:00:51.610 [info] Extensions: Updated last synchronized extensions.
2023-12-20 18:00:51.610 [info] Profiles: No changes found during synchronizing profiles.
2023-12-20 18:00:51.611 [info] Profiles: Updated last synchronized profiles.
2023-12-20 18:00:51.612 [info] Sync done. Took 19646ms
2023-12-20 18:00:51.639 [info] Auto Sync: Triggered by Interval
2023-12-20 18:00:51.640 [info] Sync started.
2023-12-20 18:00:52.213 [info] Settings: No changes found during synchronizing settings.
2023-12-20 18:00:52.220 [info] Keybindings: No changes found during synchronizing keybindings.
2023-12-20 18:00:52.231 [info] Snippets: No changes found during synchronizing snippets.
2023-12-20 18:00:52.236 [info] Tasks: No changes found during synchronizing tasks.
2023-12-20 18:00:52.721 [info] GlobalState: Updated remote ui state. Updated: memento/gettingStartedService.
2023-12-20 18:00:52.724 [info] GlobalState: Updated last synchronized ui state
2023-12-20 18:00:53.098 [info] Extensions: Updated remote extensions. Updated: ["wallabyjs.console-ninja"].
2023-12-20 18:00:53.100 [info] Extensions: Updated last synchronized extensions.
2023-12-20 18:00:53.103 [info] Profiles: No changes found during synchronizing profiles.
2023-12-20 18:00:53.105 [info] Sync done. Took 1495ms
2023-12-20 18:01:00.802 [info] Auto Sync: Triggered by Activity
2023-12-20 18:01:00.803 [info] Sync started.
2023-12-20 18:01:00.972 [info] Settings: No changes found during synchronizing settings.
2023-12-20 18:01:00.980 [info] Keybindings: No changes found during synchronizing keybindings.
2023-12-20 18:01:00.992 [info] Snippets: No changes found during synchronizing snippets.
2023-12-20 18:01:00.997 [info] Tasks: No changes found during synchronizing tasks.
2023-12-20 18:01:01.523 [info] GlobalState: Updated remote ui state. Updated: workbench.activity.pinnedViewlets2,memento/gettingStartedService,nps/lastSessionDate,nps/sessionCount,cpp.1.lastSessionDate,cpp.1.sessionCount,java.2.lastSessionDate,java.2.sessionCount,javascript.1.lastSessionDate,javascript.1.sessionCount,typescript.1.lastSessionDate,typescript.1.sessionCount,csharp.1.lastSessionDate,csharp.1.sessionCount,workbench.statusbar.hidden,workbench.welcomePage.walkthroughMetadata.
2023-12-20 18:01:01.525 [info] GlobalState: Updated last synchronized ui state
2023-12-20 18:01:01.811 [info] Extensions: No changes found during synchronizing extensions.
2023-12-20 18:01:01.813 [info] Profiles: No changes found during synchronizing profiles.
2023-12-20 18:01:01.815 [info] Sync done. Took 1013ms
