2023-12-20 17:59:54.210 [info] Added views:workbench.panel.markers.view in workbench.panel.markers
2023-12-20 17:59:54.210 [info] Added views:workbench.panel.output in workbench.panel.output
2023-12-20 17:59:54.210 [info] Added views:terminal in terminal
2023-12-20 17:59:54.210 [info] Added views:outline in workbench.view.explorer
2023-12-20 17:59:54.210 [info] Added views:workbench.scm in workbench.view.scm
2023-12-20 17:59:54.210 [info] Added views:workbench.view.search in workbench.view.search
2023-12-20 17:59:54.210 [info] Added views:timeline in workbench.view.explorer
2023-12-20 17:59:54.210 [info] Added views:workbench.explorer.emptyView in workbench.view.explorer
2023-12-20 17:59:54.676 [info] Added views:workbench.debug.variablesView,workbench.debug.watchExpressionsView,workbench.debug.callStackView,workbench.debug.breakPointsView in workbench.view.debug
2023-12-20 17:59:54.860 [info] Added views:~remote.forwardedPorts in ~remote.forwardedPortsContainer
2023-12-20 17:59:54.931 [info] Added views:workbench.panel.repl.view in workbench.panel.repl
2023-12-20 17:59:54.932 [info] Removed views:workbench.debug.breakPointsView,workbench.debug.callStackView,workbench.debug.watchExpressionsView,workbench.debug.variablesView from workbench.view.debug
2023-12-20 17:59:54.933 [info] Added views:workbench.debug.welcome in workbench.view.debug
2023-12-20 18:00:34.857 [info] View visibility state changed: workbench.explorer.openEditorsView is now visible Explorer
2023-12-20 18:00:34.857 [info] Showing view workbench.explorer.openEditorsView in the container workbench.view.explorer
2023-12-20 18:00:34.858 [info] Added views:workbench.explorer.openEditorsView in workbench.view.explorer
2023-12-20 18:00:52.002 [info] Added views:codeium.searchPanelView in workbench.view.extension.codeium
2023-12-20 18:00:52.004 [info] Added views:mongoDBConnectionExplorer,mongoDBPlaygroundsExplorer,mongoDBHelpExplorer in workbench.view.extension.mongoDB
2023-12-20 18:00:52.006 [info] Added views:liveshare.session in workbench.view.extension.liveshare
2023-12-20 18:00:52.008 [info] Added views:thunder-client-sidebar in workbench.view.extension.thunder-client
2023-12-20 18:00:59.024 [info] Added views:workbench.panel.comments in workbench.panel.comments
