2023-12-16 23:16:49.789 [INFO]: No proxy settings found
2023-12-16 23:16:50.192 [INFO]: Creating manager directory: /tmp/adca1303-e6f0-4632-a9a2-821b81de7900/codeium/manager
2023-12-16 23:16:50.194 [INFO]: 7debe41456acdd6c4b95fcdb30345f4940fc1cdf not found, downloading language server
2023-12-16 23:16:50.208 [INFO]: No proxy settings found
2023-12-16 23:16:54.383 [INFO]: Language server started
2023-12-16 23:16:54.464 [INFO]: [Language Server (stderr)]:
I1216 23:16:54.462292  1990 main.go:522] Release 1.4.26 (7debe41456acdd6c4b95fcdb30345f4940fc1cdf)
I1216 23:16:54.462391  1990 main.go:534] Starting language server manager with pid 1990
I1216 23:16:54.462456  1990 main.go:109] Manager acquired its lock file /tmp/adca1303-e6f0-4632-a9a2-821b81de7900/codeium/manager/locks/manager.lock
I1216 23:16:54.463286  1990 main.go:247] Waiting for random port file in /tmp/adca1303-e6f0-4632-a9a2-821b81de7900/codeium/manager/child_random_port_1702779414462620605_5593171049129162020 to be created
2023-12-16 23:16:54.541 [INFO]: [Language Server (stderr)]:
I1216 23:16:54.541034  2000 main.go:528] Starting language server process with pid 2000
2023-12-16 23:16:54.542 [INFO]: [Language Server (stderr)]:
I1216 23:16:54.541575  2000 proxy.go:113] proxyplease.proxy> No proxy provided. Attempting to infer from system.
I1216 23:16:54.541602  2000 proxy.go:113] proxyplease.proxy> No proxy could be determined. Assuming a direct connection.
I1216 23:16:54.541620  2000 client.go:589] [DEBUG] GET https://server.codeium.com/exa.api_server_pb.ApiServerService/GetCompletions
2023-12-16 23:16:55.732 [INFO]: [Language Server (stderr)]:
I1216 23:16:55.731477  2000 transport.go:24] Successfully dialed proxy
2023-12-16 23:16:55.733 [INFO]: [Language Server (stderr)]:
I1216 23:16:55.732127  2000 server.go:485] Successfully created API server client
I1216 23:16:55.732158  2000 transport.go:24] Successfully dialed proxy
I1216 23:16:55.732583  2000 server.go:491] Successfully created API streaming client
2023-12-16 23:16:55.767 [INFO]: [Language Server (stderr)]:
I1216 23:16:55.766123  2000 server.go:500] Successfully initialized tokenizer
I1216 23:16:55.766243  2000 unleash.go:87] Initializing Unleash with production environment
2023-12-16 23:16:56.209 [INFO]: [Language Server (stderr)]:
I1216 23:16:56.209090  2000 unleash.go:104] Successfully initialized unleash
2023-12-16 23:16:56.210 [INFO]: [Language Server (stderr)]:
I1216 23:16:56.209346  2000 search_provider.go:156] Using database at /home/vrivera/.codeium/database/9c0694567290725d9dcba14ade58e297/1/MODEL_EMBED_6591
2023-12-16 23:16:56.215 [INFO]: [Language Server (stderr)]:
I1216 23:16:56.214956  2000 search_provider.go:168] Successfully created embedding search database
2023-12-16 23:16:56.216 [INFO]: [Language Server (stderr)]:
I1216 23:16:56.215550  2000 search_provider.go:214] Successfully created embedding search provider
I1216 23:16:56.215570  2000 server.go:566] Successfully created exact search provider
2023-12-16 23:16:56.235 [INFO]: [Language Server (stderr)]:
I1216 23:16:56.234583  2000 server.go:587] Successfully created completion provider
I1216 23:16:56.234639  2000 server.go:625] Child process attempting to acquire lock file /tmp/adca1303-e6f0-4632-a9a2-821b81de7900/codeium/manager/locks/child_lock_1702779414462645128_6825235588065859704
I1216 23:16:56.234671  2000 server.go:635] Child process acquired lock file /tmp/adca1303-e6f0-4632-a9a2-821b81de7900/codeium/manager/locks/child_lock_1702779414462645128_6825235588065859704
2023-12-16 23:16:56.235 [INFO]: [Language Server (stderr)]:
I1216 23:16:56.235069  2000 server.go:294] Language server will attempt to listen on host 127.0.0.1
I1216 23:16:56.235171  2000 server.go:338] Language server listening on random port at 33355
2023-12-16 23:16:56.235 [INFO]: [Language Server (stderr)]:
I1216 23:16:56.235580  2000 web_server.go:229] Chat Web Server listening at ws://127.0.0.1:40355
2023-12-16 23:16:56.269 [INFO]: [Language Server (stderr)]:
I1216 23:16:56.268936  1990 main.go:283] Language server manager found random server port 33355
I1216 23:16:56.268997  1990 main.go:284] Language server manager found random lsp port 42101
I1216 23:16:56.269019  1990 main.go:291] Language server manager attempting to connect to language server at 127.0.0.1:33355
2023-12-16 23:16:56.283 [INFO]: [Language Server (stderr)]:
I1216 23:16:56.282926  1990 main.go:162] Fixing language server port at 33355
I1216 23:16:56.282955  1990 main.go:342] Language server manager successfully connected to new language server at 127.0.0.1:33355
2023-12-16 23:16:56.308 [INFO]: Found language server running on port 33355
2023-12-16 23:16:56.340 [INFO]: No proxy settings found
2023-12-16 23:16:56.341 [INFO]: [Language Server (stderr)]:
I1216 23:16:56.339202  2000 server.go:1672] Downloading changelog from https://codeium.com/api/changelog?version=1.4.27
2023-12-16 23:16:56.718 [INFO]: [Language Server (stderr)]:
I1216 23:16:56.717600  2000 server.go:1676] No changelog found at https://codeium.com/api/changelog?version=1.4.27
2023-12-16 23:16:56.784 [WARN]: User not logged in
2023-12-16 23:16:57.305 [INFO]: Successfully downloaded ripgrep binary with valid crc
2023-12-16 23:16:57.306 [INFO]: Downloaded binary: /home/vrivera/.codeium/bin/af6b6c543b224d348a8876f0c06245d9ea7929c5/ripgrep_linux_x64
2023-12-16 23:18:14.571 [INFO]: Successfully logged in
2023-12-16 23:18:14.586 [INFO]: Successfully logged in
2023-12-16 23:18:39.168 [INFO]: [Language Server (stderr)]:
I1216 23:18:39.167371  2000 base_scorer.go:60] Retrieving 1 CodeContextItems from 6 sources
2023-12-16 23:18:39.463 [INFO]: Completion request succeeded (300ms)
2023-12-16 23:18:39.467 [INFO]: No completions were generated
2023-12-16 23:18:39.467 [INFO]: provideInlineCompletionItems request succeeded (305.4ms)
2023-12-16 23:18:40.111 [INFO]: [Language Server (stderr)]:
I1216 23:18:40.111464  2000 base_scorer.go:60] Retrieving 1 CodeContextItems from 6 sources
2023-12-16 23:18:40.447 [INFO]: Completion request was cancelled by token (336.73ms)
2023-12-16 23:18:40.530 [INFO]: [Language Server (stderr)]:
I1216 23:18:40.530235  2000 base_scorer.go:60] Retrieving 1 CodeContextItems from 6 sources
2023-12-16 23:18:41.110 [INFO]: Completion request succeeded (582.84ms)
2023-12-16 23:18:41.112 [INFO]: No completions were generated
2023-12-16 23:18:41.112 [INFO]: provideInlineCompletionItems request succeeded (585.59ms)
2023-12-16 23:18:41.343 [INFO]: [Language Server (stderr)]:
I1216 23:18:41.342563  2000 base_scorer.go:60] Retrieving 1 CodeContextItems from 6 sources
2023-12-16 23:18:41.643 [INFO]: Completion request succeeded (302.63ms)
2023-12-16 23:18:41.645 [INFO]: No completions were generated
2023-12-16 23:18:41.646 [INFO]: provideInlineCompletionItems request succeeded (306.63ms)
2023-12-16 23:18:42.244 [INFO]: [Language Server (stderr)]:
I1216 23:18:42.243773  2000 base_scorer.go:60] Retrieving 1 CodeContextItems from 6 sources
2023-12-16 23:18:42.626 [INFO]: Completion request succeeded (385.86ms)
2023-12-16 23:18:42.627 [INFO]: No completions were generated
2023-12-16 23:18:42.627 [INFO]: provideInlineCompletionItems request succeeded (387.15ms)
2023-12-16 23:18:42.773 [INFO]: [Language Server (stderr)]:
I1216 23:18:42.772933  2000 base_scorer.go:60] Retrieving 1 CodeContextItems from 6 sources
2023-12-16 23:18:43.138 [INFO]: Completion request succeeded (368.27ms)
2023-12-16 23:18:43.139 [INFO]: No completions were generated
2023-12-16 23:18:43.139 [INFO]: provideInlineCompletionItems request succeeded (369.97ms)
2023-12-16 23:18:43.479 [INFO]: [Language Server (stderr)]:
I1216 23:18:43.478690  2000 base_scorer.go:60] Retrieving 1 CodeContextItems from 6 sources
2023-12-16 23:18:43.926 [INFO]: Completion request was cancelled by token (451.02ms)
2023-12-16 23:18:43.998 [INFO]: [Language Server (stderr)]:
I1216 23:18:43.997175  2000 base_scorer.go:60] Retrieving 1 CodeContextItems from 6 sources
2023-12-16 23:18:44.265 [INFO]: Completion request was cancelled by token (270.72ms)
2023-12-16 23:18:44.339 [INFO]: [Language Server (stderr)]:
I1216 23:18:44.338355  2000 base_scorer.go:60] Retrieving 1 CodeContextItems from 6 sources
2023-12-16 23:18:44.534 [INFO]: Completion request was cancelled by token (199.11ms)
2023-12-16 23:18:44.609 [INFO]: [Language Server (stderr)]:
I1216 23:18:44.608831  2000 base_scorer.go:60] Retrieving 1 CodeContextItems from 6 sources
2023-12-16 23:18:45.062 [INFO]: Completion request succeeded (456.44ms)
2023-12-16 23:18:45.064 [INFO]: No completions were generated
2023-12-16 23:18:45.064 [INFO]: provideInlineCompletionItems request succeeded (459.76ms)
2023-12-16 23:19:30.117 [INFO]: Disposing language server process
2023-12-16 23:19:30.117 [INFO]: Deleting manager directory: /tmp/adca1303-e6f0-4632-a9a2-821b81de7900/codeium/manager
2023-12-16 23:19:30.118 [INFO]: Successfully disposed language server
2023-12-16 23:19:30.150 [INFO]: [Language Server (stderr)]:
W1216 23:19:30.117641  1990 main.go:113] Language server manager got signal terminated, shutting down
