2023-12-17T02:18:31.779Z extension INFO  Activating extension... [
  {
    id: 'mongodb.mongodb-vscode',
    version: '1.3.1',
    mode: 'Production',
    kind: 'UI',
    extensionPath: '/home/vrivera/.vscode/extensions/mongodb.mongodb-vscode-1.3.1',
    logPath: '/home/vrivera/.config/Code/logs/20231216T231643/window1/exthost/mongodb.mongodb-vscode',
    workspaceStoragePath: '/home/vrivera/.config/Code/User/workspaceStorage/0608c164c8c110bb833b847dae8a0748/mongodb.mongodb-vscode',
    globalStoragePath: '/home/vrivera/.config/Code/User/globalStorage/mongodb.mongodb-vscode',
    defaultConnectionSavingLocation: 'Global',
    buildInfo: {
      nodeVersion: 'v18.15.0',
      runtimePlatform: 'linux',
      runtimeArch: 'x64'
    }
  }
]

2023-12-17T02:18:31.779Z telemetry INFO  SegmentKey was found [ { type: 'string' } ]

2023-12-17T02:18:31.780Z language server controller INFO  Creating MongoDB Language Server... [
  {
    extensionPath: '/home/vrivera/.vscode/extensions/mongodb.mongodb-vscode-1.3.1',
    languageServer: {
      id: 'mongodbLanguageServer',
      name: 'MongoDB Language Server',
      path: '/home/vrivera/.vscode/extensions/mongodb.mongodb-vscode-1.3.1/dist/languageServer.js',
      documentSelector: '[{"pattern":"**/*.mongodb.js"},{"pattern":"**/*.mongodb"}]'
    }
  }
]

2023-12-17T02:18:31.790Z telemetry INFO  Segment analytics activated [ { anonymousId: '10e4df4e-4ce3-4fa0-b753-31a05c739ff6' } ]

2023-12-17T02:18:31.793Z language server controller INFO  Starting the language server... []

2023-12-17T02:18:32.454Z webview controller INFO  Opening webview... []

2023-12-17T02:18:32.455Z language server controller INFO  MongoDBService initialized. Sending default settings... {"extensionPath":"/home/vrivera/.vscode/extensions/mongodb.mongodb-vscode-1.3.1","connectionId":null,"hasConnectionString":false,"hasConnectionOptions":false} []

2023-12-17T02:18:43.482Z telemetry INFO  Telemetry sent [
  {
    anonymousId: '10e4df4e-4ce3-4fa0-b753-31a05c739ff6',
    event: 'Command Run',
    properties: { command: 'mdb.openOverviewPage', extension_version: '1.3.1' }
  }
]

2023-12-17T02:19:30.121Z extension INFO  Deactivating extension... []

2023-12-17T02:19:30.121Z connection controller INFO  Disconnect called, currently connected to [ null ]

2023-12-17T02:19:30.122Z language server controller INFO  Changing MongoDBService active connection... [ { connectionId: null } ]

2023-12-17T02:19:30.123Z connection controller INFO  Disconnect called, currently connected to [ null ]

2023-12-17T02:19:30.124Z language server controller INFO  Changing MongoDBService active connection... [ { connectionId: null } ]

2023-12-17T02:19:30.135Z language server controller INFO  Deactivating the language server... []

2023-12-17T02:19:30.135Z language server controller INFO  Deactivating the language server... []

