2023-12-06 18:26:23.035 [info] Using settings sync service https://vscode-sync.trafficmanager.net/
2023-12-06 18:26:23.035 [info] Auto Sync is enabled.
2023-12-06 18:26:23.035 [info] Auto Sync: Suspended until auth token is available.
2023-12-06 18:26:23.382 [info] Deleting non existing profile from backup /home/vrivera/.config/Code/User/sync/extensions
2023-12-06 18:26:23.495 [info] Deleting non existing profile from backup /home/vrivera/.config/Code/User/sync/globalState
2023-12-06 18:26:23.555 [info] Deleting non existing profile from backup /home/vrivera/.config/Code/User/sync/keybindings
2023-12-06 18:26:23.605 [info] Deleting non existing profile from backup /home/vrivera/.config/Code/User/sync/profiles
2023-12-06 18:26:23.629 [info] Auto Sync: Triggered by Interval
2023-12-06 18:26:23.629 [info] Sync started.
2023-12-06 18:26:23.743 [info] Deleting non existing profile from backup /home/vrivera/.config/Code/User/sync/settings
2023-12-06 18:26:23.842 [info] Deleting non existing profile from backup /home/vrivera/.config/Code/User/sync/snippets
2023-12-06 18:26:23.910 [info] Deleting non existing profile from backup /home/vrivera/.config/Code/User/sync/tasks
2023-12-06 18:26:24.615 [info] Settings: Last sync resource does not exist locally.
2023-12-06 18:26:24.811 [info] Settings: No changes found during synchronizing settings.
2023-12-06 18:26:24.816 [info] Keybindings: Last sync resource does not exist locally.
2023-12-06 18:26:25.030 [info] Keybindings: No changes found during synchronizing keybindings.
2023-12-06 18:26:25.032 [info] Snippets: Last sync resource does not exist locally.
2023-12-06 18:26:25.235 [info] Snippets: No changes found during synchronizing snippets.
2023-12-06 18:26:25.236 [info] Tasks: Last sync resource does not exist locally.
2023-12-06 18:26:25.403 [info] Tasks: No changes found during synchronizing tasks.
2023-12-06 18:26:25.406 [info] GlobalState: Last sync resource does not exist locally.
2023-12-06 18:26:25.832 [info] GlobalState: No changes found during synchronizing ui state.
2023-12-06 18:26:25.834 [info] Extensions: Last sync resource does not exist locally.
2023-12-06 18:26:26.070 [info] Extensions: No changes found during synchronizing extensions.
2023-12-06 18:26:26.071 [info] Profiles: Last sync resource does not exist locally.
2023-12-06 18:26:26.226 [info] Profiles: No changes found during synchronizing profiles.
2023-12-06 18:26:26.230 [info] Sync done. Took 2600ms
2023-12-06 18:27:50.366 [info] Auto Sync: Triggered by Activity
2023-12-06 18:27:50.367 [info] Sync started.
2023-12-06 18:27:50.530 [info] Settings: No changes found during synchronizing settings.
2023-12-06 18:27:50.533 [info] Keybindings: No changes found during synchronizing keybindings.
2023-12-06 18:27:50.537 [info] Snippets: No changes found during synchronizing snippets.
2023-12-06 18:27:50.539 [info] Tasks: No changes found during synchronizing tasks.
2023-12-06 18:27:50.541 [info] GlobalState: No changes found during synchronizing ui state.
2023-12-06 18:27:50.623 [info] Extensions: No changes found during synchronizing extensions.
2023-12-06 18:27:50.624 [info] Profiles: No changes found during synchronizing profiles.
2023-12-06 18:27:50.625 [info] Sync done. Took 259ms
2023-12-06 18:30:04.947 [info] Auto Sync: Triggered by Activity
2023-12-06 18:30:04.948 [info] Sync started.
2023-12-06 18:30:05.799 [info] Settings: No changes found during synchronizing settings.
2023-12-06 18:30:05.801 [info] Keybindings: No changes found during synchronizing keybindings.
2023-12-06 18:30:05.806 [info] Snippets: No changes found during synchronizing snippets.
2023-12-06 18:30:05.809 [info] Tasks: No changes found during synchronizing tasks.
2023-12-06 18:30:05.811 [info] GlobalState: No changes found during synchronizing ui state.
2023-12-06 18:30:05.889 [info] Extensions: No changes found during synchronizing extensions.
2023-12-06 18:30:05.891 [info] Profiles: No changes found during synchronizing profiles.
2023-12-06 18:30:05.893 [info] Sync done. Took 946ms
