2023-12-20 18:00:09.288 [info] Reading sessions from keychain...
2023-12-20 18:00:09.288 [info] Getting sessions for all scopes...
2023-12-20 18:00:09.288 [info] Got 0 sessions for ...
2023-12-20 18:00:09.288 [info] Getting sessions for all scopes...
2023-12-20 18:00:09.288 [info] Got 0 sessions for ...
2023-12-20 18:00:09.288 [info] Getting sessions for user:email...
2023-12-20 18:00:09.288 [info] Got 0 sessions for user:email...
2023-12-20 18:00:09.337 [info] Getting sessions for all scopes...
2023-12-20 18:00:09.337 [info] Got 0 sessions for ...
2023-12-20 18:00:10.662 [info] Logging in for the following scopes: user:email
2023-12-20 18:00:10.666 [info] Trying without local server... (user:email)
2023-12-20 18:00:17.369 [info] Exchanging code for token...
2023-12-20 18:00:17.817 [info] Token exchange success!
2023-12-20 18:00:17.819 [info] Getting user info...
2023-12-20 18:00:18.273 [info] Got account info!
2023-12-20 18:00:18.275 [info] Storing 1 sessions...
2023-12-20 18:00:31.863 [info] Reading sessions from keychain...
2023-12-20 18:00:31.863 [info] Stored 1 sessions!
2023-12-20 18:00:31.863 [info] Login success!
2023-12-20 18:00:31.935 [info] Got stored sessions!
2023-12-20 18:00:31.935 [info] Got 1 verified sessions.
2023-12-20 18:00:31.936 [info] Getting sessions for user:email...
2023-12-20 18:00:31.936 [info] Got 1 sessions for user:email...
2023-12-20 18:00:54.023 [info] Getting sessions for all scopes...
2023-12-20 18:00:54.023 [info] Got 1 sessions for ...
