2023-12-06 17:41:16.355 [info] Using settings sync service https://vscode-sync.trafficmanager.net/
2023-12-06 17:41:16.355 [info] Auto Sync is enabled.
2023-12-06 17:41:16.355 [info] Auto Sync: Suspended until auth token is available.
2023-12-06 17:41:16.611 [info] Deleting non existing profile from backup /home/vrivera/.config/Code/User/sync/extensions
2023-12-06 17:41:16.723 [info] Deleting non existing profile from backup /home/vrivera/.config/Code/User/sync/globalState
2023-12-06 17:41:16.843 [info] Deleting non existing profile from backup /home/vrivera/.config/Code/User/sync/keybindings
2023-12-06 17:41:16.991 [info] Deleting non existing profile from backup /home/vrivera/.config/Code/User/sync/profiles
2023-12-06 17:41:17.149 [info] Deleting non existing profile from backup /home/vrivera/.config/Code/User/sync/settings
2023-12-06 17:41:17.240 [info] Deleting non existing profile from backup /home/vrivera/.config/Code/User/sync/snippets
2023-12-06 17:41:17.289 [info] Deleting non existing profile from backup /home/vrivera/.config/Code/User/sync/tasks
2023-12-06 17:41:17.446 [info] Auto Sync: Triggered by Interval
2023-12-06 17:41:17.446 [info] Sync started.
2023-12-06 17:41:18.273 [info] Settings: Last sync resource does not exist locally.
2023-12-06 17:41:18.454 [info] Settings: No changes found during synchronizing settings.
2023-12-06 17:41:18.456 [info] Keybindings: Last sync resource does not exist locally.
2023-12-06 17:41:18.735 [info] Keybindings: No changes found during synchronizing keybindings.
2023-12-06 17:41:18.736 [info] Snippets: Last sync resource does not exist locally.
2023-12-06 17:41:18.900 [info] Snippets: No changes found during synchronizing snippets.
2023-12-06 17:41:18.901 [info] Tasks: Last sync resource does not exist locally.
2023-12-06 17:41:19.053 [info] Tasks: No changes found during synchronizing tasks.
2023-12-06 17:41:19.056 [info] GlobalState: Last sync resource does not exist locally.
2023-12-06 17:41:19.502 [info] GlobalState: No changes found during synchronizing ui state.
2023-12-06 17:41:19.503 [info] Extensions: Last sync resource does not exist locally.
2023-12-06 17:41:19.754 [info] Extensions: No changes found during synchronizing extensions.
2023-12-06 17:41:19.755 [info] Profiles: Last sync resource does not exist locally.
2023-12-06 17:41:19.897 [info] Profiles: No changes found during synchronizing profiles.
2023-12-06 17:41:19.898 [info] Sync done. Took 2453ms
