2023-12-16 23:16:49.006 [info] Getting Manifest... zhucy.project-tree
2023-12-16 23:16:49.006 [info] Getting Manifest... yoavbls.pretty-ts-errors
2023-12-16 23:16:49.255 [info] Installing extension: zhucy.project-tree
2023-12-16 23:16:49.255 [info] Installing the extension without checking dependencies and pack zhucy.project-tree
2023-12-16 23:16:49.255 [info] Installing extension: yoavbls.pretty-ts-errors
2023-12-16 23:16:49.255 [info] Installing the extension without checking dependencies and pack yoavbls.pretty-ts-errors
2023-12-16 23:16:50.311 [info] Getting Manifest... astro-build.astro-vscode
2023-12-16 23:16:50.314 [info] Getting Manifest... codeium.codeium
2023-12-16 23:16:50.315 [info] Getting Manifest... equinusocio.vsc-material-theme
2023-12-16 23:16:50.316 [info] Getting Manifest... ms-ceintl.vscode-language-pack-es
2023-12-16 23:16:50.317 [info] Getting Manifest... ms-python.python
2023-12-16 23:16:50.318 [info] Getting Manifest... ms-python.vscode-pylance
2023-12-16 23:16:50.319 [info] Getting Manifest... ms-vscode.live-server
2023-12-16 23:16:50.320 [info] Getting Manifest... ms-vsliveshare.vsliveshare
2023-12-16 23:16:50.321 [info] Getting Manifest... rangav.vscode-thunder-client
2023-12-16 23:16:50.321 [info] Getting Manifest... usernamehw.errorlens
2023-12-16 23:16:50.322 [info] Getting Manifest... wallabyjs.console-ninja
2023-12-16 23:16:50.709 [info] Installing extension: ms-python.python
2023-12-16 23:16:50.711 [info] Installing extension: ms-ceintl.vscode-language-pack-es
2023-12-16 23:16:50.712 [info] Installing extension: ms-vscode.live-server
2023-12-16 23:16:50.722 [info] Installing extension: astro-build.astro-vscode
2023-12-16 23:16:50.723 [info] Installing extension: codeium.codeium
2023-12-16 23:16:50.724 [info] Installing extension: rangav.vscode-thunder-client
2023-12-16 23:16:50.725 [info] Installing extension: ms-python.vscode-pylance
2023-12-16 23:16:50.732 [info] Installing extension: equinusocio.vsc-material-theme
2023-12-16 23:16:50.733 [info] Installing extension: usernamehw.errorlens
2023-12-16 23:16:50.734 [info] Installing extension: wallabyjs.console-ninja
2023-12-16 23:16:50.736 [info] Installing extension: ms-vsliveshare.vsliveshare
2023-12-16 23:16:50.893 [warning] Extension signature verification failed with error 'UnknownError': zhucy.project-tree
2023-12-16 23:16:51.501 [warning] Extension signature verification failed with error 'UnknownError': yoavbls.pretty-ts-errors
2023-12-16 23:16:52.256 [info] Getting Manifest... ms-python.python
2023-12-16 23:16:52.630 [info] Waiting for already requested installing extension ms-python.python ms-python.vscode-pylance
2023-12-16 23:16:52.632 [info] Extracted extension to file:///home/vrivera/.vscode/extensions/zhucy.project-tree-0.3.0: zhucy.project-tree
2023-12-16 23:16:52.683 [info] Renamed to /home/vrivera/.vscode/extensions/zhucy.project-tree-0.3.0
2023-12-16 23:16:52.704 [info] Extracting extension completed. zhucy.project-tree
2023-12-16 23:16:52.711 [info] Extension installed successfully: zhucy.project-tree
2023-12-16 23:16:52.727 [info] Extracted extension to file:///home/vrivera/.vscode/extensions/yoavbls.pretty-ts-errors-0.5.2: yoavbls.pretty-ts-errors
2023-12-16 23:16:52.729 [info] Renamed to /home/vrivera/.vscode/extensions/yoavbls.pretty-ts-errors-0.5.2
2023-12-16 23:16:52.729 [info] Extracting extension completed. yoavbls.pretty-ts-errors
2023-12-16 23:16:52.735 [info] Extension installed successfully: yoavbls.pretty-ts-errors
2023-12-16 23:16:52.789 [error] [uncaught exception in sharedProcess]: Error: ENOENT: no such file or directory, stat '/home/vrivera/.vscode/extensions/extensions.json.vsctmp': EntryNotFound (FileSystemError): Error: ENOENT: no such file or directory, stat '/home/vrivera/.vscode/extensions/extensions.json.vsctmp'
    at r.create (/opt/visual-studio-code/resources/app/out/vs/code/node/sharedProcess/sharedProcessMain.js:51:30056)
    at a (/opt/visual-studio-code/resources/app/out/vs/code/node/sharedProcess/sharedProcessMain.js:51:30170)
    at s.fb (/opt/visual-studio-code/resources/app/out/vs/code/node/sharedProcess/sharedProcessMain.js:56:36175)
    at s.stat (/opt/visual-studio-code/resources/app/out/vs/code/node/sharedProcess/sharedProcessMain.js:56:28621)
    at async E.stat (/opt/visual-studio-code/resources/app/out/vs/code/node/sharedProcess/sharedProcessMain.js:56:15732)
    at async Y.tb (/opt/visual-studio-code/resources/app/out/vs/code/node/sharedProcess/sharedProcessMain.js:100:111319)
2023-12-16 23:16:56.547 [warning] Extension signature verification failed with error 'UnknownError': ms-ceintl.vscode-language-pack-es
2023-12-16 23:16:56.573 [warning] Extension signature verification failed with error 'UnknownError': ms-vscode.live-server
2023-12-16 23:16:56.575 [warning] Extension signature verification failed with error 'UnknownError': astro-build.astro-vscode
2023-12-16 23:16:56.576 [warning] Extension signature verification failed with error 'UnknownError': rangav.vscode-thunder-client
2023-12-16 23:16:56.576 [warning] Extension signature verification failed with error 'UnknownError': equinusocio.vsc-material-theme
2023-12-16 23:16:56.576 [warning] Extension signature verification failed with error 'UnknownError': codeium.codeium
2023-12-16 23:16:56.576 [warning] Extension signature verification failed with error 'UnknownError': usernamehw.errorlens
2023-12-16 23:16:56.636 [info] Extracted extension to file:///home/vrivera/.vscode/extensions/usernamehw.errorlens-3.16.0: usernamehw.errorlens
2023-12-16 23:16:56.640 [info] Renamed to /home/vrivera/.vscode/extensions/usernamehw.errorlens-3.16.0
2023-12-16 23:16:56.643 [info] Extracting extension completed. usernamehw.errorlens
2023-12-16 23:16:56.650 [info] Extension installed successfully: usernamehw.errorlens
2023-12-16 23:16:56.657 [info] Marked extension as uninstalled usernamehw.errorlens-3.15.0
2023-12-16 23:16:56.706 [info] Extracted extension to file:///home/vrivera/.vscode/extensions/ms-vscode.live-server-0.4.13: ms-vscode.live-server
2023-12-16 23:16:56.707 [info] Renamed to /home/vrivera/.vscode/extensions/ms-vscode.live-server-0.4.13
2023-12-16 23:16:56.729 [error] [uncaught exception in sharedProcess]: Error: ENOENT: no such file or directory, stat '/home/vrivera/.vscode/extensions/extensions.json.vsctmp': EntryNotFound (FileSystemError): Error: ENOENT: no such file or directory, stat '/home/vrivera/.vscode/extensions/extensions.json.vsctmp'
    at r.create (/opt/visual-studio-code/resources/app/out/vs/code/node/sharedProcess/sharedProcessMain.js:51:30056)
    at a (/opt/visual-studio-code/resources/app/out/vs/code/node/sharedProcess/sharedProcessMain.js:51:30170)
    at s.fb (/opt/visual-studio-code/resources/app/out/vs/code/node/sharedProcess/sharedProcessMain.js:56:36175)
    at s.stat (/opt/visual-studio-code/resources/app/out/vs/code/node/sharedProcess/sharedProcessMain.js:56:28621)
    at async E.stat (/opt/visual-studio-code/resources/app/out/vs/code/node/sharedProcess/sharedProcessMain.js:56:15732)
    at async Y.tb (/opt/visual-studio-code/resources/app/out/vs/code/node/sharedProcess/sharedProcessMain.js:100:111319)
2023-12-16 23:16:56.823 [info] Extracting extension completed. ms-vscode.live-server
2023-12-16 23:16:56.853 [info] Extension installed successfully: ms-vscode.live-server
2023-12-16 23:16:56.874 [info] Marked extension as uninstalled ms-vscode.live-server-0.4.11
2023-12-16 23:16:57.005 [info] Extracted extension to file:///home/vrivera/.vscode/extensions/equinusocio.vsc-material-theme-34.3.1: equinusocio.vsc-material-theme
2023-12-16 23:16:57.008 [info] Renamed to /home/vrivera/.vscode/extensions/equinusocio.vsc-material-theme-34.3.1
2023-12-16 23:16:57.009 [info] Extracted extension to file:///home/vrivera/.vscode/extensions/rangav.vscode-thunder-client-2.16.3: rangav.vscode-thunder-client
2023-12-16 23:16:57.010 [info] Extracting extension completed. equinusocio.vsc-material-theme
2023-12-16 23:16:57.013 [info] Renamed to /home/vrivera/.vscode/extensions/rangav.vscode-thunder-client-2.16.3
2023-12-16 23:16:57.017 [info] Extracting extension completed. rangav.vscode-thunder-client
2023-12-16 23:16:57.019 [info] Extension installed successfully: equinusocio.vsc-material-theme
2023-12-16 23:16:57.027 [info] Marked extension as uninstalled equinusocio.vsc-material-theme-34.3.0
2023-12-16 23:16:57.031 [info] Extension installed successfully: rangav.vscode-thunder-client
2023-12-16 23:16:57.039 [info] Marked extension as uninstalled rangav.vscode-thunder-client-2.16.2
2023-12-16 23:16:57.067 [info] Extracted extension to file:///home/vrivera/.vscode/extensions/ms-ceintl.vscode-language-pack-es-1.85.2023121309: ms-ceintl.vscode-language-pack-es
2023-12-16 23:16:57.071 [info] Renamed to /home/vrivera/.vscode/extensions/ms-ceintl.vscode-language-pack-es-1.85.2023121309
2023-12-16 23:16:57.073 [info] Extracting extension completed. ms-ceintl.vscode-language-pack-es
2023-12-16 23:16:57.077 [info] Extracted extension to file:///home/vrivera/.vscode/extensions/codeium.codeium-1.6.11: codeium.codeium
2023-12-16 23:16:57.079 [info] Adding language packs from the extension ms-ceintl.vscode-language-pack-es
2023-12-16 23:16:57.090 [info] Renamed to /home/vrivera/.vscode/extensions/codeium.codeium-1.6.11
2023-12-16 23:16:57.142 [info] Marked extension as uninstalled ms-ceintl.vscode-language-pack-es-1.84.2023111509
2023-12-16 23:16:57.169 [info] Extracting extension completed. codeium.codeium
2023-12-16 23:16:57.202 [info] Extension installed successfully: codeium.codeium
2023-12-16 23:16:57.226 [info] Extension installed successfully: ms-ceintl.vscode-language-pack-es
2023-12-16 23:16:57.229 [info] Marked extension as uninstalled codeium.codeium-1.4.27
2023-12-16 23:16:57.386 [warning] Extension signature verification failed with error 'UnknownError': ms-python.python
2023-12-16 23:16:57.425 [info] Extracted extension to file:///home/vrivera/.vscode/extensions/astro-build.astro-vscode-2.5.4-linux-x64: astro-build.astro-vscode
2023-12-16 23:16:57.428 [info] Renamed to /home/vrivera/.vscode/extensions/astro-build.astro-vscode-2.5.4-linux-x64
2023-12-16 23:16:57.430 [info] Extracting extension completed. astro-build.astro-vscode
2023-12-16 23:16:57.435 [info] Extension installed successfully: astro-build.astro-vscode
2023-12-16 23:16:57.438 [info] Marked extension as uninstalled astro-build.astro-vscode-2.5.2-linux-x64
2023-12-16 23:16:57.521 [error] [uncaught exception in sharedProcess]: Error: ENOENT: no such file or directory, stat '/home/vrivera/.vscode/extensions/extensions.json.vsctmp': EntryNotFound (FileSystemError): Error: ENOENT: no such file or directory, stat '/home/vrivera/.vscode/extensions/extensions.json.vsctmp'
    at r.create (/opt/visual-studio-code/resources/app/out/vs/code/node/sharedProcess/sharedProcessMain.js:51:30056)
    at a (/opt/visual-studio-code/resources/app/out/vs/code/node/sharedProcess/sharedProcessMain.js:51:30170)
    at s.fb (/opt/visual-studio-code/resources/app/out/vs/code/node/sharedProcess/sharedProcessMain.js:56:36175)
    at s.stat (/opt/visual-studio-code/resources/app/out/vs/code/node/sharedProcess/sharedProcessMain.js:56:28621)
    at async E.stat (/opt/visual-studio-code/resources/app/out/vs/code/node/sharedProcess/sharedProcessMain.js:56:15732)
    at async Y.tb (/opt/visual-studio-code/resources/app/out/vs/code/node/sharedProcess/sharedProcessMain.js:100:111319)
2023-12-16 23:16:58.524 [info] Extracted extension to file:///home/vrivera/.vscode/extensions/ms-python.python-2023.22.1: ms-python.python
2023-12-16 23:16:58.528 [info] Renamed to /home/vrivera/.vscode/extensions/ms-python.python-2023.22.1
2023-12-16 23:16:58.530 [info] Extracting extension completed. ms-python.python
2023-12-16 23:16:58.545 [info] Extension installed successfully: ms-python.python
2023-12-16 23:16:58.546 [info] Finished waiting for already requested installing extension ms-python.python ms-python.vscode-pylance
2023-12-16 23:16:58.555 [info] Marked extension as uninstalled ms-python.python-2023.20.0
2023-12-16 23:16:58.625 [error] [uncaught exception in sharedProcess]: Error: ENOENT: no such file or directory, stat '/home/vrivera/.vscode/extensions/extensions.json.vsctmp': EntryNotFound (FileSystemError): Error: ENOENT: no such file or directory, stat '/home/vrivera/.vscode/extensions/extensions.json.vsctmp'
    at r.create (/opt/visual-studio-code/resources/app/out/vs/code/node/sharedProcess/sharedProcessMain.js:51:30056)
    at a (/opt/visual-studio-code/resources/app/out/vs/code/node/sharedProcess/sharedProcessMain.js:51:30170)
    at s.fb (/opt/visual-studio-code/resources/app/out/vs/code/node/sharedProcess/sharedProcessMain.js:56:36175)
    at s.stat (/opt/visual-studio-code/resources/app/out/vs/code/node/sharedProcess/sharedProcessMain.js:56:28621)
    at async E.stat (/opt/visual-studio-code/resources/app/out/vs/code/node/sharedProcess/sharedProcessMain.js:56:15732)
    at async Y.tb (/opt/visual-studio-code/resources/app/out/vs/code/node/sharedProcess/sharedProcessMain.js:100:111319)
2023-12-16 23:16:59.491 [warning] Extension signature verification failed with error 'UnknownError': wallabyjs.console-ninja
2023-12-16 23:16:59.765 [warning] Extension signature verification failed with error 'UnknownError': ms-vsliveshare.vsliveshare
2023-12-16 23:16:59.919 [info] Extracted extension to file:///home/vrivera/.vscode/extensions/wallabyjs.console-ninja-1.0.267: wallabyjs.console-ninja
2023-12-16 23:16:59.922 [info] Renamed to /home/vrivera/.vscode/extensions/wallabyjs.console-ninja-1.0.267
2023-12-16 23:16:59.923 [info] Extracting extension completed. wallabyjs.console-ninja
2023-12-16 23:16:59.930 [info] Extension installed successfully: wallabyjs.console-ninja
2023-12-16 23:16:59.934 [info] Marked extension as uninstalled wallabyjs.console-ninja-1.0.266
2023-12-16 23:16:59.945 [error] [uncaught exception in sharedProcess]: Error: ENOENT: no such file or directory, stat '/home/vrivera/.vscode/extensions/extensions.json.vsctmp': EntryNotFound (FileSystemError): Error: ENOENT: no such file or directory, stat '/home/vrivera/.vscode/extensions/extensions.json.vsctmp'
    at r.create (/opt/visual-studio-code/resources/app/out/vs/code/node/sharedProcess/sharedProcessMain.js:51:30056)
    at a (/opt/visual-studio-code/resources/app/out/vs/code/node/sharedProcess/sharedProcessMain.js:51:30170)
    at s.fb (/opt/visual-studio-code/resources/app/out/vs/code/node/sharedProcess/sharedProcessMain.js:56:36175)
    at s.stat (/opt/visual-studio-code/resources/app/out/vs/code/node/sharedProcess/sharedProcessMain.js:56:28621)
    at async E.stat (/opt/visual-studio-code/resources/app/out/vs/code/node/sharedProcess/sharedProcessMain.js:56:15732)
    at async Y.tb (/opt/visual-studio-code/resources/app/out/vs/code/node/sharedProcess/sharedProcessMain.js:100:111319)
2023-12-16 23:16:59.971 [warning] Extension signature verification failed with error 'UnknownError': ms-python.vscode-pylance
2023-12-16 23:17:00.193 [info] Extracted extension to file:///home/vrivera/.vscode/extensions/ms-vsliveshare.vsliveshare-1.0.5900: ms-vsliveshare.vsliveshare
2023-12-16 23:17:00.196 [info] Renamed to /home/vrivera/.vscode/extensions/ms-vsliveshare.vsliveshare-1.0.5900
2023-12-16 23:17:00.199 [info] Extracting extension completed. ms-vsliveshare.vsliveshare
2023-12-16 23:17:00.206 [info] Extension installed successfully: ms-vsliveshare.vsliveshare
2023-12-16 23:17:00.209 [info] Marked extension as uninstalled ms-vsliveshare.vsliveshare-1.0.5897
2023-12-16 23:17:00.304 [error] [uncaught exception in sharedProcess]: Error: ENOENT: no such file or directory, stat '/home/vrivera/.vscode/extensions/extensions.json.vsctmp': EntryNotFound (FileSystemError): Error: ENOENT: no such file or directory, stat '/home/vrivera/.vscode/extensions/extensions.json.vsctmp'
    at r.create (/opt/visual-studio-code/resources/app/out/vs/code/node/sharedProcess/sharedProcessMain.js:51:30056)
    at a (/opt/visual-studio-code/resources/app/out/vs/code/node/sharedProcess/sharedProcessMain.js:51:30170)
    at s.fb (/opt/visual-studio-code/resources/app/out/vs/code/node/sharedProcess/sharedProcessMain.js:56:36175)
    at s.stat (/opt/visual-studio-code/resources/app/out/vs/code/node/sharedProcess/sharedProcessMain.js:56:28621)
    at async E.stat (/opt/visual-studio-code/resources/app/out/vs/code/node/sharedProcess/sharedProcessMain.js:56:15732)
    at async Y.tb (/opt/visual-studio-code/resources/app/out/vs/code/node/sharedProcess/sharedProcessMain.js:100:111319)
2023-12-16 23:17:01.539 [info] Extracted extension to file:///home/vrivera/.vscode/extensions/ms-python.vscode-pylance-2023.12.1: ms-python.vscode-pylance
2023-12-16 23:17:01.546 [info] Renamed to /home/vrivera/.vscode/extensions/ms-python.vscode-pylance-2023.12.1
2023-12-16 23:17:01.548 [info] Extracting extension completed. ms-python.vscode-pylance
2023-12-16 23:17:01.554 [info] Extension installed successfully: ms-python.vscode-pylance
2023-12-16 23:17:01.557 [info] Marked extension as uninstalled ms-python.vscode-pylance-2023.11.10
2023-12-16 23:17:01.649 [error] [uncaught exception in sharedProcess]: Error: ENOENT: no such file or directory, stat '/home/vrivera/.vscode/extensions/extensions.json.vsctmp': EntryNotFound (FileSystemError): Error: ENOENT: no such file or directory, stat '/home/vrivera/.vscode/extensions/extensions.json.vsctmp'
    at r.create (/opt/visual-studio-code/resources/app/out/vs/code/node/sharedProcess/sharedProcessMain.js:51:30056)
    at a (/opt/visual-studio-code/resources/app/out/vs/code/node/sharedProcess/sharedProcessMain.js:51:30170)
    at s.fb (/opt/visual-studio-code/resources/app/out/vs/code/node/sharedProcess/sharedProcessMain.js:56:36175)
    at s.stat (/opt/visual-studio-code/resources/app/out/vs/code/node/sharedProcess/sharedProcessMain.js:56:28621)
    at async E.stat (/opt/visual-studio-code/resources/app/out/vs/code/node/sharedProcess/sharedProcessMain.js:56:15732)
    at async Y.tb (/opt/visual-studio-code/resources/app/out/vs/code/node/sharedProcess/sharedProcessMain.js:100:111319)
2023-12-16 23:17:24.333 [error] [uncaught exception in sharedProcess]: Error del sistema (ENOENT: no such file or directory, scandir '/home/vrivera/.config/Code/clp/f7b667a04fdc2a8e385db8660a4b4e0b.es'): Error: ENOENT: no such file or directory, scandir '/home/vrivera/.config/Code/clp/f7b667a04fdc2a8e385db8660a4b4e0b.es'
