2023-12-20 18:01:11.533 [info] Using settings sync service https://vscode-sync.trafficmanager.net/
2023-12-20 18:01:11.533 [info] Auto Sync is enabled.
2023-12-20 18:01:11.533 [info] Auto Sync: Suspended until auth token is available.
2023-12-20 18:01:11.939 [info] Deleting non existing profile from backup /home/vrivera/.config/Code/User/sync/extensions
2023-12-20 18:01:12.275 [info] Deleting non existing profile from backup /home/vrivera/.config/Code/User/sync/globalState
2023-12-20 18:01:12.656 [info] Deleting non existing profile from backup /home/vrivera/.config/Code/User/sync/keybindings
2023-12-20 18:01:12.894 [info] Deleting non existing profile from backup /home/vrivera/.config/Code/User/sync/profiles
2023-12-20 18:01:12.971 [info] Auto Sync: Triggered by Interval
2023-12-20 18:01:12.972 [info] Sync started.
2023-12-20 18:01:12.992 [info] Deleting non existing profile from backup /home/vrivera/.config/Code/User/sync/settings
2023-12-20 18:01:13.020 [info] Deleting non existing profile from backup /home/vrivera/.config/Code/User/sync/snippets
2023-12-20 18:01:13.022 [info] Deleting non existing profile from backup /home/vrivera/.config/Code/User/sync/tasks
2023-12-20 18:01:13.737 [info] Settings: Last sync resource does not exist locally.
2023-12-20 18:01:13.953 [info] Settings: No changes found during synchronizing settings.
2023-12-20 18:01:13.960 [info] Keybindings: Last sync resource does not exist locally.
2023-12-20 18:01:14.129 [info] Keybindings: No changes found during synchronizing keybindings.
2023-12-20 18:01:14.131 [info] Snippets: Last sync resource does not exist locally.
2023-12-20 18:01:14.287 [info] Snippets: No changes found during synchronizing snippets.
2023-12-20 18:01:14.289 [info] Tasks: Last sync resource does not exist locally.
2023-12-20 18:01:14.332 [info] GlobalState: Last sync resource does not exist locally.
2023-12-20 18:01:14.443 [info] Tasks: No changes found during synchronizing tasks.
2023-12-20 18:01:14.445 [info] GlobalState: Last sync resource does not exist locally.
2023-12-20 18:01:15.668 [info] GlobalState: Updated remote ui state. Updated: workbench.activity.pinnedViewlets2,workbench.statusbar.hidden.
2023-12-20 18:01:15.670 [info] GlobalState: Updated last synchronized ui state
2023-12-20 18:01:15.674 [info] Extensions: Last sync resource does not exist locally.
2023-12-20 18:01:16.196 [info] Extensions: No changes found during synchronizing extensions.
2023-12-20 18:01:16.197 [info] Profiles: Last sync resource does not exist locally.
2023-12-20 18:01:16.359 [info] Profiles: No changes found during synchronizing profiles.
2023-12-20 18:01:16.363 [info] Sync done. Took 3391ms
2023-12-20 18:01:16.853 [info] Auto Sync: Triggered by Activity
2023-12-20 18:01:16.854 [info] Sync started.
2023-12-20 18:01:17.016 [info] Settings: No changes found during synchronizing settings.
2023-12-20 18:01:17.020 [info] Keybindings: No changes found during synchronizing keybindings.
2023-12-20 18:01:17.030 [info] Snippets: No changes found during synchronizing snippets.
2023-12-20 18:01:17.036 [info] Tasks: No changes found during synchronizing tasks.
2023-12-20 18:01:17.043 [info] GlobalState: No changes found during synchronizing ui state.
2023-12-20 18:01:17.370 [info] Extensions: No changes found during synchronizing extensions.
2023-12-20 18:01:17.372 [info] Profiles: No changes found during synchronizing profiles.
2023-12-20 18:01:17.374 [info] Sync done. Took 521ms
